#
# There is insufficient memory for the Java Runtime Environment to continue.
# Native memory allocation (malloc) failed to allocate 32744 bytes for ChunkPool::allocate
# Possible reasons:
#   The system is out of physical RAM or swap space
#   The process is running with CompressedOops enabled, and the Java Heap may be blocking the growth of the native heap
# Possible solutions:
#   Reduce memory load on the system
#   Increase physical memory or swap space
#   Check if swap backing store is full
#   Decrease Java heap size (-Xmx/-Xms)
#   Decrease number of Java threads
#   Decrease Java thread stack sizes (-Xss)
#   Set larger code cache with -XX:ReservedCodeCacheSize=
#   JVM is running with Unscaled Compressed Oops mode in which the Java heap is
#     placed in the first 4GB address space. The Java Heap base address is the
#     maximum limit for the native heap growth. Please use -XX:HeapBaseMinAddress
#     to set the Java Heap base and to place the Java Heap above 4GB virtual address.
# This output file may be truncated or incomplete.
#
#  Out of Memory Error (allocation.cpp:272), pid=40176, tid=0x000000000000ca98
#
# JRE version: Java(TM) SE Runtime Environment (8.0_351-b10) (build 1.8.0_351-b10)
# Java VM: Java HotSpot(TM) 64-Bit Server VM (25.351-b10 mixed mode windows-amd64 compressed oops)
# Failed to write core dump. Minidumps are not enabled by default on client versions of Windows
#

---------------  T H R E A D  ---------------

Current thread (0x00000170029bb800):  JavaThread "C2 CompilerThread0" daemon [_thread_in_native, id=51864, stack(0x0000005cc1000000,0x0000005cc1100000)]

Stack: [0x0000005cc1000000,0x0000005cc1100000]
Native frames: (J=compiled Java code, j=interpreted, Vv=VM code, C=native code)
V  [jvm.dll+0x3300b9]


Current CompileTask:
C2:   1615 3147       4       org.codehaus.plexus.classworlds.realm.Entry::matches (282 bytes)


---------------  P R O C E S S  ---------------

Java Threads: ( => current thread )
  0x0000017002aad800 JavaThread "Service Thread" daemon [_thread_blocked, id=44728, stack(0x0000005cc1c00000,0x0000005cc1d00000)]
  0x00000170029d6000 JavaThread "C1 CompilerThread11" daemon [_thread_blocked, id=45144, stack(0x0000005cc1b00000,0x0000005cc1c00000)]
  0x00000170029d7800 JavaThread "C1 CompilerThread10" daemon [_thread_blocked, id=43316, stack(0x0000005cc1a00000,0x0000005cc1b00000)]
  0x00000170029d3800 JavaThread "C1 CompilerThread9" daemon [_thread_in_vm, id=51424, stack(0x0000005cc1900000,0x0000005cc1a00000)]
  0x00000170029d1800 JavaThread "C1 CompilerThread8" daemon [_thread_blocked, id=46548, stack(0x0000005cc1800000,0x0000005cc1900000)]
  0x00000170029d0800 JavaThread "C2 CompilerThread7" daemon [_thread_in_native, id=49448, stack(0x0000005cc1700000,0x0000005cc1800000)]
  0x00000170029d6800 JavaThread "C2 CompilerThread6" daemon [_thread_in_native, id=51236, stack(0x0000005cc1600000,0x0000005cc1700000)]
  0x00000170029d4800 JavaThread "C2 CompilerThread5" daemon [_thread_in_native, id=46816, stack(0x0000005cc1500000,0x0000005cc1600000)]
  0x00000170029c8000 JavaThread "C2 CompilerThread4" daemon [_thread_in_native, id=50040, stack(0x0000005cc1400000,0x0000005cc1500000)]
  0x00000170029c2000 JavaThread "C2 CompilerThread3" daemon [_thread_blocked, id=51744, stack(0x0000005cc1300000,0x0000005cc1400000)]
  0x00000170029c0000 JavaThread "C2 CompilerThread2" daemon [_thread_in_native, id=40984, stack(0x0000005cc1200000,0x0000005cc1300000)]
  0x00000170029bf000 JavaThread "C2 CompilerThread1" daemon [_thread_blocked, id=48076, stack(0x0000005cc1100000,0x0000005cc1200000)]
=>0x00000170029bb800 JavaThread "C2 CompilerThread0" daemon [_thread_in_native, id=51864, stack(0x0000005cc1000000,0x0000005cc1100000)]
  0x00000170029bb000 JavaThread "Attach Listener" daemon [_thread_blocked, id=36172, stack(0x0000005cc0f00000,0x0000005cc1000000)]
  0x00000170029b8000 JavaThread "Signal Dispatcher" daemon [_thread_blocked, id=24812, stack(0x0000005cc0e00000,0x0000005cc0f00000)]
  0x000001707fc3c800 JavaThread "Finalizer" daemon [_thread_blocked, id=35884, stack(0x0000005cc0d00000,0x0000005cc0e00000)]
  0x00000170029a0800 JavaThread "Reference Handler" daemon [_thread_blocked, id=50684, stack(0x0000005cc0c00000,0x0000005cc0d00000)]
  0x0000017069ed7000 JavaThread "main" [_thread_in_vm, id=52156, stack(0x0000005cbfd00000,0x0000005cbfe00000)]

Other Threads:
  0x000001707fc2e000 VMThread [stack: 0x0000005cc0b00000,0x0000005cc0c00000] [id=37704]
  0x0000017002a91800 WatcherThread [stack: 0x0000005cc1d00000,0x0000005cc1e00000] [id=51056]

VM state:not at safepoint (normal execution)

VM Mutex/Monitor currently owned by a thread:  ([mutex/lock_event])
[0x0000017069ed52e0] CompiledIC_lock - owner thread: 0x00000170029d3800

heap address: 0x000000008c000000, size: 1856 MB, Compressed Oops mode: 32-bit
Narrow klass base: 0x0000000000000000, Narrow klass shift: 3
Compressed class space size: 1073741824 Address: 0x0000000100000000

Heap:
 PSYoungGen      total 65024K, used 45093K [0x00000000d9580000, 0x00000000dd980000, 0x0000000100000000)
  eden space 60416K, 67% used [0x00000000d9580000,0x00000000dbd0d768,0x00000000dd080000)
  from space 4608K, 99% used [0x00000000dd500000,0x00000000dd97c050,0x00000000dd980000)
  to   space 4608K, 0% used [0x00000000dd080000,0x00000000dd080000,0x00000000dd500000)
 ParOldGen       total 79360K, used 7183K [0x000000008c000000, 0x0000000090d80000, 0x00000000d9580000)
  object space 79360K, 9% used [0x000000008c000000,0x000000008c703c18,0x0000000090d80000)
 Metaspace       used 16627K, capacity 16916K, committed 17280K, reserved 1064960K
  class space    used 1944K, capacity 2057K, committed 2176K, reserved 1048576K

Card table byte_map: [0x000001707ad90000,0x000001707b140000] byte_map_base: 0x000001707a930000

Marking Bits: (ParMarkBitMap*) 0x00000000558f8fd0
 Begin Bits: [0x000001707b3b0000, 0x000001707d0b0000)
 End Bits:   [0x000001707d0b0000, 0x000001707edb0000)

Polling page: 0x000001706a140000

CodeCache: size=245760Kb used=12570Kb max_used=12570Kb free=233189Kb
 bounds [0x000001706b9d0000, 0x000001706c630000, 0x000001707a9d0000]
 total_blobs=3526 nmethods=3175 adapters=258
 compilation: disabled (not enough contiguous free space left)

Compilation events (10 events):
Event: 1.592 Thread 0x00000170029bf000 3146       4       java.util.TreeMap::successor (66 bytes)
Event: 1.593 Thread 0x00000170029bf000 nmethod 3146 0x000001706c5ff090 code [0x000001706c5ff1c0, 0x000001706c5ff278]
Event: 1.593 Thread 0x00000170029bb800 3147       4       org.codehaus.plexus.classworlds.realm.Entry::matches (282 bytes)
Event: 1.594 Thread 0x00000170029c8000 nmethod 3144 0x000001706c5fffd0 code [0x000001706c600140, 0x000001706c6006f8]
Event: 1.595 Thread 0x00000170029c0000 nmethod 3145 0x000001706c5ff990 code [0x000001706c5ffae0, 0x000001706c5ffdf8]
Event: 1.597 Thread 0x00000170029d1800 3148       3       java.util.ArrayList::add (54 bytes)
Event: 1.597 Thread 0x00000170029d7800 3149       3       java.util.ArrayList::rangeCheckForAdd (26 bytes)
Event: 1.597 Thread 0x00000170029d1800 nmethod 3148 0x000001706c6011d0 code [0x000001706c6013c0, 0x000001706c601c20]
Event: 1.597 Thread 0x00000170029d7800 nmethod 3149 0x000001706c602d90 code [0x000001706c602fa0, 0x000001706c603ae0]
Event: 1.605 Thread 0x00000170029d6000 3150       3       com.google.common.collect.ImmutableSet::construct (252 bytes)

GC Heap History (8 events):
Event: 0.418 GC heap before
{Heap before GC invocations=1 (full 0):
 PSYoungGen      total 34816K, used 30208K [0x00000000d9580000, 0x00000000dbc00000, 0x0000000100000000)
  eden space 30208K, 100% used [0x00000000d9580000,0x00000000db300000,0x00000000db300000)
  from space 4608K, 0% used [0x00000000db780000,0x00000000db780000,0x00000000dbc00000)
  to   space 4608K, 0% used [0x00000000db300000,0x00000000db300000,0x00000000db780000)
 ParOldGen       total 79360K, used 0K [0x000000008c000000, 0x0000000090d80000, 0x00000000d9580000)
  object space 79360K, 0% used [0x000000008c000000,0x000000008c000000,0x0000000090d80000)
 Metaspace       used 8059K, capacity 8188K, committed 8320K, reserved 1056768K
  class space    used 974K, capacity 1048K, committed 1152K, reserved 1048576K
Event: 0.422 GC heap after
Heap after GC invocations=1 (full 0):
 PSYoungGen      total 34816K, used 4607K [0x00000000d9580000, 0x00000000dbc00000, 0x0000000100000000)
  eden space 30208K, 0% used [0x00000000d9580000,0x00000000d9580000,0x00000000db300000)
  from space 4608K, 99% used [0x00000000db300000,0x00000000db77fec0,0x00000000db780000)
  to   space 4608K, 0% used [0x00000000db780000,0x00000000db780000,0x00000000dbc00000)
 ParOldGen       total 79360K, used 545K [0x000000008c000000, 0x0000000090d80000, 0x00000000d9580000)
  object space 79360K, 0% used [0x000000008c000000,0x000000008c0886a8,0x0000000090d80000)
 Metaspace       used 8059K, capacity 8188K, committed 8320K, reserved 1056768K
  class space    used 974K, capacity 1048K, committed 1152K, reserved 1048576K
}
Event: 0.647 GC heap before
{Heap before GC invocations=2 (full 0):
 PSYoungGen      total 34816K, used 34815K [0x00000000d9580000, 0x00000000dbc00000, 0x0000000100000000)
  eden space 30208K, 100% used [0x00000000d9580000,0x00000000db300000,0x00000000db300000)
  from space 4608K, 99% used [0x00000000db300000,0x00000000db77fec0,0x00000000db780000)
  to   space 4608K, 0% used [0x00000000db780000,0x00000000db780000,0x00000000dbc00000)
 ParOldGen       total 79360K, used 545K [0x000000008c000000, 0x0000000090d80000, 0x00000000d9580000)
  object space 79360K, 0% used [0x000000008c000000,0x000000008c0886a8,0x0000000090d80000)
 Metaspace       used 11177K, capacity 11382K, committed 11520K, reserved 1058816K
  class space    used 1372K, capacity 1446K, committed 1536K, reserved 1048576K
Event: 0.653 GC heap after
Heap after GC invocations=2 (full 0):
 PSYoungGen      total 34816K, used 4580K [0x00000000d9580000, 0x00000000dd980000, 0x0000000100000000)
  eden space 30208K, 0% used [0x00000000d9580000,0x00000000d9580000,0x00000000db300000)
  from space 4608K, 99% used [0x00000000db780000,0x00000000dbbf90a0,0x00000000dbc00000)
  to   space 4608K, 0% used [0x00000000db300000,0x00000000db300000,0x00000000db780000)
 ParOldGen       total 79360K, used 2852K [0x000000008c000000, 0x0000000090d80000, 0x00000000d9580000)
  object space 79360K, 3% used [0x000000008c000000,0x000000008c2c9028,0x0000000090d80000)
 Metaspace       used 11177K, capacity 11382K, committed 11520K, reserved 1058816K
  class space    used 1372K, capacity 1446K, committed 1536K, reserved 1048576K
}
Event: 1.003 GC heap before
{Heap before GC invocations=3 (full 0):
 PSYoungGen      total 34816K, used 34788K [0x00000000d9580000, 0x00000000dd980000, 0x0000000100000000)
  eden space 30208K, 100% used [0x00000000d9580000,0x00000000db300000,0x00000000db300000)
  from space 4608K, 99% used [0x00000000db780000,0x00000000dbbf90a0,0x00000000dbc00000)
  to   space 4608K, 0% used [0x00000000db300000,0x00000000db300000,0x00000000db780000)
 ParOldGen       total 79360K, used 2852K [0x000000008c000000, 0x0000000090d80000, 0x00000000d9580000)
  object space 79360K, 3% used [0x000000008c000000,0x000000008c2c9028,0x0000000090d80000)
 Metaspace       used 15166K, capacity 15410K, committed 15616K, reserved 1062912K
  class space    used 1846K, capacity 1944K, committed 2048K, reserved 1048576K
Event: 1.009 GC heap after
Heap after GC invocations=3 (full 0):
 PSYoungGen      total 34816K, used 4592K [0x00000000d9580000, 0x00000000dd980000, 0x0000000100000000)
  eden space 30208K, 0% used [0x00000000d9580000,0x00000000d9580000,0x00000000db300000)
  from space 4608K, 99% used [0x00000000db300000,0x00000000db77c050,0x00000000db780000)
  to   space 4608K, 0% used [0x00000000dd500000,0x00000000dd500000,0x00000000dd980000)
 ParOldGen       total 79360K, used 5511K [0x000000008c000000, 0x0000000090d80000, 0x00000000d9580000)
  object space 79360K, 6% used [0x000000008c000000,0x000000008c561c18,0x0000000090d80000)
 Metaspace       used 15166K, capacity 15410K, committed 15616K, reserved 1062912K
  class space    used 1846K, capacity 1944K, committed 2048K, reserved 1048576K
}
Event: 1.200 GC heap before
{Heap before GC invocations=4 (full 0):
 PSYoungGen      total 34816K, used 34800K [0x00000000d9580000, 0x00000000dd980000, 0x0000000100000000)
  eden space 30208K, 100% used [0x00000000d9580000,0x00000000db300000,0x00000000db300000)
  from space 4608K, 99% used [0x00000000db300000,0x00000000db77c050,0x00000000db780000)
  to   space 4608K, 0% used [0x00000000dd500000,0x00000000dd500000,0x00000000dd980000)
 ParOldGen       total 79360K, used 5511K [0x000000008c000000, 0x0000000090d80000, 0x00000000d9580000)
  object space 79360K, 6% used [0x000000008c000000,0x000000008c561c18,0x0000000090d80000)
 Metaspace       used 15541K, capacity 15848K, committed 16128K, reserved 1062912K
  class space    used 1853K, capacity 1953K, committed 2048K, reserved 1048576K
Event: 1.205 GC heap after
Heap after GC invocations=4 (full 0):
 PSYoungGen      total 65024K, used 4592K [0x00000000d9580000, 0x00000000dd980000, 0x0000000100000000)
  eden space 60416K, 0% used [0x00000000d9580000,0x00000000d9580000,0x00000000dd080000)
  from space 4608K, 99% used [0x00000000dd500000,0x00000000dd97c050,0x00000000dd980000)
  to   space 4608K, 0% used [0x00000000dd080000,0x00000000dd080000,0x00000000dd500000)
 ParOldGen       total 79360K, used 7183K [0x000000008c000000, 0x0000000090d80000, 0x00000000d9580000)
  object space 79360K, 9% used [0x000000008c000000,0x000000008c703c18,0x0000000090d80000)
 Metaspace       used 15541K, capacity 15848K, committed 16128K, reserved 1062912K
  class space    used 1853K, capacity 1953K, committed 2048K, reserved 1048576K
}

Deoptimization events (10 events):
Event: 1.524 Thread 0x0000017069ed7000 Uncommon trap: reason=unstable_if action=reinterpret pc=0x000001706c1512b8 method=sun.net.www.protocol.jar.Handler.parseURL(Ljava/net/URL;Ljava/lang/String;II)V @ 116
Event: 1.550 Thread 0x0000017069ed7000 Uncommon trap: reason=class_check action=maybe_recompile pc=0x000001706c101f88 method=com.google.inject.internal.LinkedBindingImpl.acceptTargetVisitor(Lcom/google/inject/spi/BindingTargetVisitor;)Ljava/lang/Object; @ 2
Event: 1.550 Thread 0x0000017069ed7000 Uncommon trap: reason=class_check action=maybe_recompile pc=0x000001706c101f88 method=com.google.inject.internal.LinkedBindingImpl.acceptTargetVisitor(Lcom/google/inject/spi/BindingTargetVisitor;)Ljava/lang/Object; @ 2
Event: 1.564 Thread 0x0000017069ed7000 Uncommon trap: reason=predicate action=maybe_recompile pc=0x000001706c5f9cd0 method=java.util.TimSort.binarySort([Ljava/lang/Object;IIILjava/util/Comparator;)V @ 37
Event: 1.594 Thread 0x0000017069ed7000 Uncommon trap: reason=array_check action=maybe_recompile pc=0x000001706c6004a0 method=java.util.TimSort.binarySort([Ljava/lang/Object;IIILjava/util/Comparator;)V @ 215
Event: 1.594 Thread 0x0000017069ed7000 Uncommon trap: reason=array_check action=maybe_recompile pc=0x000001706c600564 method=java.util.TimSort.binarySort([Ljava/lang/Object;IIILjava/util/Comparator;)V @ 193
Event: 1.594 Thread 0x0000017069ed7000 Uncommon trap: reason=array_check action=maybe_recompile pc=0x000001706c600564 method=java.util.TimSort.binarySort([Ljava/lang/Object;IIILjava/util/Comparator;)V @ 193
Event: 1.595 Thread 0x0000017069ed7000 Uncommon trap: reason=array_check action=maybe_recompile pc=0x000001706c60062c method=java.util.TimSort.binarySort([Ljava/lang/Object;IIILjava/util/Comparator;)V @ 183
Event: 1.595 Thread 0x0000017069ed7000 Uncommon trap: reason=array_check action=maybe_recompile pc=0x000001706c600564 method=java.util.TimSort.binarySort([Ljava/lang/Object;IIILjava/util/Comparator;)V @ 193
Event: 1.605 Thread 0x0000017069ed7000 Uncommon trap: reason=class_check action=maybe_recompile pc=0x000001706c101f88 method=com.google.inject.internal.LinkedBindingImpl.acceptTargetVisitor(Lcom/google/inject/spi/BindingTargetVisitor;)Ljava/lang/Object; @ 2

Classes redefined (0 events):
No events

Internal exceptions (10 events):
Event: 0.975 Thread 0x0000017069ed7000 Implicit null exception at 0x000001706bf8ca55 to 0x000001706bf8cc2d
Event: 0.975 Thread 0x0000017069ed7000 Implicit null exception at 0x000001706bf2202f to 0x000001706bf22099
Event: 1.037 Thread 0x0000017069ed7000 Implicit null exception at 0x000001706c24b3ea to 0x000001706c24c539
Event: 1.578 Thread 0x0000017069ed7000 Exception <a 'java/lang/NoClassDefFoundError': org/sonatype/aether/collection/DependencyCollectionException> (0x00000000dbaa2770) thrown at [C:\jenkins\workspace\8-2-build-windows-x64-cygwin\jdk8u351\2908\hotspot\src\share\vm\classfile\systemDictionary.cp
Event: 1.580 Thread 0x0000017069ed7000 Exception <a 'java/lang/NoClassDefFoundError': org/sonatype/aether/metadata/Metadata> (0x00000000dbab8fc8) thrown at [C:\jenkins\workspace\8-2-build-windows-x64-cygwin\jdk8u351\2908\hotspot\src\share\vm\classfile\systemDictionary.cpp, line 201]
Event: 1.580 Thread 0x0000017069ed7000 Exception <a 'java/lang/NoClassDefFoundError': org/sonatype/aether/resolution/ArtifactDescriptorException> (0x00000000dbac8000) thrown at [C:\jenkins\workspace\8-2-build-windows-x64-cygwin\jdk8u351\2908\hotspot\src\share\vm\classfile\systemDictionary.cpp,
Event: 1.592 Thread 0x0000017069ed7000 Exception <a 'java/lang/NoClassDefFoundError': org/sonatype/aether/installation/InstallationException> (0x00000000dbb94fa0) thrown at [C:\jenkins\workspace\8-2-build-windows-x64-cygwin\jdk8u351\2908\hotspot\src\share\vm\classfile\systemDictionary.cpp, lin
Event: 1.593 Thread 0x0000017069ed7000 Exception <a 'java/lang/NoClassDefFoundError': org/sonatype/aether/artifact/ArtifactType> (0x00000000dbba8640) thrown at [C:\jenkins\workspace\8-2-build-windows-x64-cygwin\jdk8u351\2908\hotspot\src\share\vm\classfile\systemDictionary.cpp, line 201]
Event: 1.593 Thread 0x0000017069ed7000 Exception <a 'java/lang/NoClassDefFoundError': org/sonatype/aether/deployment/DeploymentException> (0x00000000dbbb7868) thrown at [C:\jenkins\workspace\8-2-build-windows-x64-cygwin\jdk8u351\2908\hotspot\src\share\vm\classfile\systemDictionary.cpp, line 20
Event: 1.596 Thread 0x0000017069ed7000 Exception <a 'java/lang/NoClassDefFoundError': org/sonatype/aether/metadata/Metadata> (0x00000000dbbf3c10) thrown at [C:\jenkins\workspace\8-2-build-windows-x64-cygwin\jdk8u351\2908\hotspot\src\share\vm\classfile\systemDictionary.cpp, line 201]

Events (10 events):
Event: 1.599 loading class com/google/inject/internal/Messages$2 done
Event: 1.599 loading class com/google/inject/internal/Messages$3
Event: 1.599 loading class com/google/inject/internal/Messages$3 done
Event: 1.599 loading class com/google/inject/internal/Errors$1
Event: 1.599 loading class com/google/inject/internal/Errors$1 done
Event: 1.600 loading class com/google/common/collect/Iterables
Event: 1.600 loading class com/google/common/collect/Iterables done
Event: 1.605 Thread 0x0000017069ed7000 Uncommon trap: trap_request=0xffffffde fr.pc=0x000001706c101f88
Event: 1.605 Thread 0x0000017069ed7000 DEOPT PACKING pc=0x000001706c101f88 sp=0x0000005cbfdfd840
Event: 1.605 Thread 0x0000017069ed7000 DEOPT UNPACKING pc=0x000001706ba158c3 sp=0x0000005cbfdfd7d0 mode 2


Dynamic libraries:
0x00007ff619570000 - 0x00007ff6195b7000 	C:\Program Files\Java\jdk1.8.0_351\bin\java.exe
0x00007ffc54c50000 - 0x00007ffc54e64000 	C:\WINDOWS\SYSTEM32\ntdll.dll
0x00007ffc54620000 - 0x00007ffc546e2000 	C:\WINDOWS\System32\KERNEL32.DLL
0x00007ffc52080000 - 0x00007ffc5241d000 	C:\WINDOWS\System32\KERNELBASE.dll
0x00007ffc54ae0000 - 0x00007ffc54b8e000 	C:\WINDOWS\System32\ADVAPI32.dll
0x00007ffc537e0000 - 0x00007ffc53887000 	C:\WINDOWS\System32\msvcrt.dll
0x00007ffc54570000 - 0x00007ffc54614000 	C:\WINDOWS\System32\sechost.dll
0x00007ffc53b90000 - 0x00007ffc53ca5000 	C:\WINDOWS\System32\RPCRT4.dll
0x00007ffc53040000 - 0x00007ffc531ea000 	C:\WINDOWS\System32\USER32.dll
0x00007ffc52750000 - 0x00007ffc52776000 	C:\WINDOWS\System32\win32u.dll
0x00007ffc532b0000 - 0x00007ffc532d9000 	C:\WINDOWS\System32\GDI32.dll
0x00007ffc52540000 - 0x00007ffc52652000 	C:\WINDOWS\System32\gdi32full.dll
0x00007ffc528f0000 - 0x00007ffc5298a000 	C:\WINDOWS\System32\msvcp_win.dll
0x00007ffc52420000 - 0x00007ffc52531000 	C:\WINDOWS\System32\ucrtbase.dll
0x00007ffc414d0000 - 0x00007ffc4175e000 	C:\WINDOWS\WinSxS\amd64_microsoft.windows.common-controls_6595b64144ccf1df_6.0.22621.608_none_a9444ca7c10bb01d\COMCTL32.dll
0x00007ffc53a30000 - 0x00007ffc53a62000 	C:\WINDOWS\System32\IMM32.DLL
0x00007ffbb3290000 - 0x00007ffbb32a5000 	C:\Program Files\Java\jdk1.8.0_351\jre\bin\vcruntime140.dll
0x00007ffbb25a0000 - 0x00007ffbb263b000 	C:\Program Files\Java\jdk1.8.0_351\jre\bin\msvcp140.dll
0x0000000055110000 - 0x0000000055971000 	C:\Program Files\Java\jdk1.8.0_351\jre\bin\server\jvm.dll
0x00007ffc52b20000 - 0x00007ffc52b28000 	C:\WINDOWS\System32\PSAPI.DLL
0x00007ffc38fd0000 - 0x00007ffc38fd9000 	C:\WINDOWS\SYSTEM32\WSOCK32.dll
0x00007ffc53760000 - 0x00007ffc537d1000 	C:\WINDOWS\System32\WS2_32.dll
0x00007ffc4ab60000 - 0x00007ffc4ab94000 	C:\WINDOWS\SYSTEM32\WINMM.dll
0x00007ffc49090000 - 0x00007ffc4909a000 	C:\WINDOWS\SYSTEM32\VERSION.dll
0x00007ffc510c0000 - 0x00007ffc510d8000 	C:\WINDOWS\SYSTEM32\kernel.appcore.dll
0x00007ffbb3240000 - 0x00007ffbb3250000 	C:\Program Files\Java\jdk1.8.0_351\jre\bin\verify.dll
0x00007ffbb3210000 - 0x00007ffbb323b000 	C:\Program Files\Java\jdk1.8.0_351\jre\bin\java.dll
0x00007ffbb31f0000 - 0x00007ffbb3208000 	C:\Program Files\Java\jdk1.8.0_351\jre\bin\zip.dll
0x00007ffc53cb0000 - 0x00007ffc54490000 	C:\WINDOWS\System32\SHELL32.dll
0x00007ffc50070000 - 0x00007ffc50935000 	C:\WINDOWS\SYSTEM32\windows.storage.dll
0x00007ffc54750000 - 0x00007ffc54ada000 	C:\WINDOWS\System32\combase.dll
0x00007ffc4ff30000 - 0x00007ffc5006e000 	C:\WINDOWS\SYSTEM32\wintypes.dll
0x00007ffc52b30000 - 0x00007ffc52c21000 	C:\WINDOWS\System32\SHCORE.dll
0x00007ffc54bb0000 - 0x00007ffc54c0e000 	C:\WINDOWS\System32\shlwapi.dll
0x00007ffc51fb0000 - 0x00007ffc51fd1000 	C:\WINDOWS\SYSTEM32\profapi.dll
0x0000000069ac0000 - 0x0000000069ae4000 	D:\Programs\NetBeans-15\netbeans\java\maven\lib\jansi-native\Windows\x86_64\jansi.dll
0x00007ffc526d0000 - 0x00007ffc5274b000 	C:\WINDOWS\System32\bcryptPrimitives.dll

VM Arguments:
jvm_args: -Dclassworlds.conf=D:\Programs\NetBeans-15\netbeans\java\maven\bin\m2.conf -Dmaven.home=D:\Programs\NetBeans-15\netbeans\java\maven -Dlibrary.jansi.path=D:\Programs\NetBeans-15\netbeans\java\maven\lib\jansi-native -Dmaven.multiModuleProjectDirectory=D:\Files\BaoLuan\MyWork\LTM_Project 
java_command: org.codehaus.plexus.classworlds.launcher.Launcher -Dexec.vmArgs= -Dexec.args=${exec.vmArgs} -classpath %classpath ${exec.mainClass} ${exec.appArgs} -Dexec.executable=C:\Program Files\Java\jdk1.8.0_351\bin\java.exe -Dexec.mainClass=group15.ltm_project.Client.Client -Dexec.classpathScope=runtime -Dexec.appArgs= -Dmaven.ext.class.path=D:\Programs\NetBeans-15\netbeans\java\maven-nblib\netbeans-eventspy.jar org.codehaus.mojo:exec-maven-plugin:3.0.0:exec
java_class_path (initial): D:\Programs\NetBeans-15\netbeans\java\maven\boot\plexus-classworlds-2.6.0.jar
Launcher Type: SUN_STANDARD

Environment Variables:
JAVA_HOME=C:\Program Files\Java\jdk1.8.0_351
PATH=C:\Program Files (x86)\Common Files\Oracle\Java\javapath;D:\Programs\VMware\VMware Workstation\bin\;C:\Windows\system32;C:\Windows;C:\Windows\System32\Wbem;C:\Windows\System32\WindowsPowerShell\v1.0\;C:\Windows\System32\OpenSSH\;C:\Program Files (x86)\NVIDIA Corporation\PhysX\Common;C:\Program Files\NVIDIA Corporation\NVIDIA NvDLISR;C:\WINDOWS\system32;C:\WINDOWS;C:\WINDOWS\System32\Wbem;C:\WINDOWS\System32\WindowsPowerShell\v1.0\;C:\WINDOWS\System32\OpenSSH\;D:\Programs\Microsoft SQL Server\Client SDK\ODBC\170\Tools\Binn\;D:\Programs (x86)\Microsoft SQL Server\150\Tools\Binn\;D:\Programs\Microsoft SQL Server\150\Tools\Binn\;D:\Programs\Microsoft SQL Server\150\DTS\Binn\;D:\Programs (x86)\Microsoft SQL Server\150\DTS\Binn\;C:\Program Files\Azure Data Studio\bin;D:\Programs\nodejs\;C:\ProgramData\chocolatey\bin;D:\Programs\xampp\php;D:\Programs\composer;D:\Programs\Git\cmd;C:\Program Files\dotnet\;C:\Users\BaoLuan\AppData\Local\Microsoft\WindowsApps;C:\Program Files\Azure Data Studio\bin;D:\Programs\Microsoft VS Code\bin;C:\Users\BaoLuan\AppData\Roaming\npm;C:\Users\BaoLuan\AppData\Roaming\Composer\vendor\bin;D:\Programs\JetBrains\IntelliJ IDEA 2022.2.3\bin;;C:\Users\BaoLuan\AppData\Local\GitHubDesktop\bin;C:\Users\BaoLuan\.dotnet\tools
USERNAME=baoluan
OS=Windows_NT
PROCESSOR_IDENTIFIER=AMD64 Family 25 Model 68 Stepping 1, AuthenticAMD



---------------  S Y S T E M  ---------------

OS: Windows 11 , 64 bit Build 22621 (10.0.22621.755)

CPU:total 16 (initial active 16) (16 cores per cpu, 1 threads per core) family 25 model 68 stepping 1, cmov, cx8, fxsr, mmx, sse, sse2, sse3, ssse3, sse4.1, sse4.2, popcnt, avx, avx2, aes, clmul, mmxext, 3dnowpref, lzcnt, sse4a, tsc, tscinvbit, tscinv, bmi1

Memory: 4k page, physical 7599008k(217088k free), swap 30667680k(5136k free)

vm_info: Java HotSpot(TM) 64-Bit Server VM (25.351-b10) for windows-amd64 JRE (1.8.0_351-b10), built on Sep 15 2022 02:58:06 by "java_re" with MS VC++ 15.9 (VS2017)

time: Wed Dec  7 19:49:22 2022
timezone: SE Asia Standard Time
elapsed time: 1.618343 seconds (0d 0h 0m 1s)

