#
# There is insufficient memory for the Java Runtime Environment to continue.
# Native memory allocation (malloc) failed to allocate 292656 bytes for Chunk::new
# Possible reasons:
#   The system is out of physical RAM or swap space
#   The process is running with CompressedOops enabled, and the Java Heap may be blocking the growth of the native heap
# Possible solutions:
#   Reduce memory load on the system
#   Increase physical memory or swap space
#   Check if swap backing store is full
#   Decrease Java heap size (-Xmx/-Xms)
#   Decrease number of Java threads
#   Decrease Java thread stack sizes (-Xss)
#   Set larger code cache with -XX:ReservedCodeCacheSize=
#   JVM is running with Unscaled Compressed Oops mode in which the Java heap is
#     placed in the first 4GB address space. The Java Heap base address is the
#     maximum limit for the native heap growth. Please use -XX:HeapBaseMinAddress
#     to set the Java Heap base and to place the Java Heap above 4GB virtual address.
# This output file may be truncated or incomplete.
#
#  Out of Memory Error (allocation.cpp:389), pid=42912, tid=0x000000000000aeec
#
# JRE version: Java(TM) SE Runtime Environment (8.0_351-b10) (build 1.8.0_351-b10)
# Java VM: Java HotSpot(TM) 64-Bit Server VM (25.351-b10 mixed mode windows-amd64 compressed oops)
# Failed to write core dump. Minidumps are not enabled by default on client versions of Windows
#

---------------  T H R E A D  ---------------

Current thread (0x0000020be3d1d000):  JavaThread "C2 CompilerThread0" daemon [_thread_in_native, id=44780, stack(0x0000003e3ae00000,0x0000003e3af00000)]

Stack: [0x0000003e3ae00000,0x0000003e3af00000]
Native frames: (J=compiled Java code, j=interpreted, Vv=VM code, C=native code)
V  [jvm.dll+0x3300b9]
V  [jvm.dll+0x276632]
V  [jvm.dll+0x2772dd]
V  [jvm.dll+0x26dc85]
V  [jvm.dll+0xd584c]
V  [jvm.dll+0xd604c]
V  [jvm.dll+0x454572]
V  [jvm.dll+0x48f62d]
V  [jvm.dll+0x443760]
V  [jvm.dll+0x4413ab]
V  [jvm.dll+0x42c27b]
V  [jvm.dll+0xac69b]
V  [jvm.dll+0xaacfb]
V  [jvm.dll+0x23ec62]
V  [jvm.dll+0x29330c]
C  [ucrtbase.dll+0x29363]
C  [KERNEL32.DLL+0x1244d]
C  [ntdll.dll+0x5dfb8]


Current CompileTask:
C2:   1342 2739       4       org.eclipse.aether.util.graph.transformer.ConflictResolver::gatherConflictItems (111 bytes)


---------------  P R O C E S S  ---------------

Java Threads: ( => current thread )
  0x0000020be3dec800 JavaThread "Service Thread" daemon [_thread_blocked, id=37520, stack(0x0000003e3ba00000,0x0000003e3bb00000)]
  0x0000020be3d3d000 JavaThread "C1 CompilerThread11" daemon [_thread_blocked, id=39896, stack(0x0000003e3b900000,0x0000003e3ba00000)]
  0x0000020be3d3c800 JavaThread "C1 CompilerThread10" daemon [_thread_blocked, id=44412, stack(0x0000003e3b800000,0x0000003e3b900000)]
  0x0000020be3d3f800 JavaThread "C1 CompilerThread9" daemon [_thread_blocked, id=46304, stack(0x0000003e3b700000,0x0000003e3b800000)]
  0x0000020be3d3b000 JavaThread "C1 CompilerThread8" daemon [_thread_blocked, id=25924, stack(0x0000003e3b600000,0x0000003e3b700000)]
  0x0000020be3d3a000 JavaThread "C2 CompilerThread7" daemon [_thread_in_native, id=51168, stack(0x0000003e3b500000,0x0000003e3b600000)]
  0x0000020be3d40000 JavaThread "C2 CompilerThread6" daemon [_thread_in_native, id=49360, stack(0x0000003e3b400000,0x0000003e3b500000)]
  0x0000020be3d39800 JavaThread "C2 CompilerThread5" daemon [_thread_blocked, id=43696, stack(0x0000003e3b300000,0x0000003e3b400000)]
  0x0000020be3d2d000 JavaThread "C2 CompilerThread4" daemon [_thread_in_native, id=9992, stack(0x0000003e3b200000,0x0000003e3b300000)]
  0x0000020be3d21000 JavaThread "C2 CompilerThread3" daemon [_thread_blocked, id=42968, stack(0x0000003e3b100000,0x0000003e3b200000)]
  0x0000020be3d1f000 JavaThread "C2 CompilerThread2" daemon [_thread_blocked, id=11544, stack(0x0000003e3b000000,0x0000003e3b100000)]
  0x0000020be3d1e800 JavaThread "C2 CompilerThread1" daemon [_thread_blocked, id=50492, stack(0x0000003e3af00000,0x0000003e3b000000)]
=>0x0000020be3d1d000 JavaThread "C2 CompilerThread0" daemon [_thread_in_native, id=44780, stack(0x0000003e3ae00000,0x0000003e3af00000)]
  0x0000020be3d1c000 JavaThread "Attach Listener" daemon [_thread_blocked, id=45804, stack(0x0000003e3ad00000,0x0000003e3ae00000)]
  0x0000020be3d19000 JavaThread "Signal Dispatcher" daemon [_thread_blocked, id=46356, stack(0x0000003e3ac00000,0x0000003e3ad00000)]
  0x0000020be0fdf000 JavaThread "Finalizer" daemon [_thread_blocked, id=45484, stack(0x0000003e3ab00000,0x0000003e3ac00000)]
  0x0000020be0fd6000 JavaThread "Reference Handler" daemon [_thread_blocked, id=45520, stack(0x0000003e3aa00000,0x0000003e3ab00000)]
  0x0000020bcb3d9000 JavaThread "main" [_thread_in_Java, id=33424, stack(0x0000003e39b00000,0x0000003e39c00000)]

Other Threads:
  0x0000020be0fcf800 VMThread [stack: 0x0000003e3a900000,0x0000003e3aa00000] [id=48376]
  0x0000020be3df2000 WatcherThread [stack: 0x0000003e3bb00000,0x0000003e3bc00000] [id=50332]

VM state:not at safepoint (normal execution)

VM Mutex/Monitor currently owned by a thread:  ([mutex/lock_event])
[0x0000020bcb3d5070] CodeCache_lock - owner thread: 0x0000020be3d2d000
[0x0000020bcb3d7150] Compile_lock - owner thread: 0x0000000000000000

heap address: 0x000000008c000000, size: 1856 MB, Compressed Oops mode: 32-bit
Narrow klass base: 0x0000000000000000, Narrow klass shift: 3
Compressed class space size: 1073741824 Address: 0x0000000100000000

Heap:
 PSYoungGen      total 34816K, used 17896K [0x00000000d9580000, 0x00000000dbc00000, 0x0000000100000000)
  eden space 30208K, 44% used [0x00000000d9580000,0x00000000da27e078,0x00000000db300000)
  from space 4608K, 99% used [0x00000000db780000,0x00000000dbbfc030,0x00000000dbc00000)
  to   space 4608K, 0% used [0x00000000db300000,0x00000000db300000,0x00000000db780000)
 ParOldGen       total 79360K, used 7093K [0x000000008c000000, 0x0000000090d80000, 0x00000000d9580000)
  object space 79360K, 8% used [0x000000008c000000,0x000000008c6ed4e0,0x0000000090d80000)
 Metaspace       used 15878K, capacity 16200K, committed 16384K, reserved 1062912K
  class space    used 1871K, capacity 1985K, committed 2048K, reserved 1048576K

Card table byte_map: [0x0000020bdc100000,0x0000020bdc4b0000] byte_map_base: 0x0000020bdbca0000

Marking Bits: (ParMarkBitMap*) 0x00000000558f8fd0
 Begin Bits: [0x0000020bdc720000, 0x0000020bde420000)
 End Bits:   [0x0000020bde420000, 0x0000020be0120000)

Polling page: 0x0000020bcb4f0000

CodeCache: size=245760Kb used=11066Kb max_used=11083Kb free=234693Kb
 bounds [0x0000020bccd40000, 0x0000020bcd820000, 0x0000020bdbd40000]
 total_blobs=3140 nmethods=2793 adapters=257
 compilation: enabled

Compilation events (10 events):
Event: 1.316 Thread 0x0000020be3d3c800 nmethod 2762 0x0000020bcd7ed150 code [0x0000020bcd7ed380, 0x0000020bcd7ee000]
Event: 1.316 Thread 0x0000020be3d3b000 2765       3       java.io.FileInputStream::<init> (110 bytes)
Event: 1.316 Thread 0x0000020be3d3c800 2766       3       java.io.FileInputStream::open (6 bytes)
Event: 1.316 Thread 0x0000020be3d3c800 nmethod 2766 0x0000020bcd7eee90 code [0x0000020bcd7ef000, 0x0000020bcd7ef190]
Event: 1.316 Thread 0x0000020be3d3c800 2768       3       java.io.FileInputStream$1::close (8 bytes)
Event: 1.317 Thread 0x0000020be3d3c800 nmethod 2768 0x0000020bcd7ef210 code [0x0000020bcd7ef380, 0x0000020bcd7ef570]
Event: 1.317 Thread 0x0000020be3d3c800 2769       3       java.io.FileInputStream::access$000 (5 bytes)
Event: 1.317 Thread 0x0000020be3d3c800 nmethod 2769 0x0000020bcd7ef650 code [0x0000020bcd7ef7c0, 0x0000020bcd7ef930]
Event: 1.317 Thread 0x0000020be3d3f800 nmethod 2760 0x0000020bcd7efa10 code [0x0000020bcd7efde0, 0x0000020bcd7f23b0]
Event: 1.317 Thread 0x0000020be3d3b000 nmethod 2765 0x0000020bcd7f3650 code [0x0000020bcd7f3860, 0x0000020bcd7f42e0]

GC Heap History (8 events):
Event: 0.376 GC heap before
{Heap before GC invocations=1 (full 0):
 PSYoungGen      total 34816K, used 30208K [0x00000000d9580000, 0x00000000dbc00000, 0x0000000100000000)
  eden space 30208K, 100% used [0x00000000d9580000,0x00000000db300000,0x00000000db300000)
  from space 4608K, 0% used [0x00000000db780000,0x00000000db780000,0x00000000dbc00000)
  to   space 4608K, 0% used [0x00000000db300000,0x00000000db300000,0x00000000db780000)
 ParOldGen       total 79360K, used 0K [0x000000008c000000, 0x0000000090d80000, 0x00000000d9580000)
  object space 79360K, 0% used [0x000000008c000000,0x000000008c000000,0x0000000090d80000)
 Metaspace       used 8057K, capacity 8188K, committed 8320K, reserved 1056768K
  class space    used 974K, capacity 1048K, committed 1152K, reserved 1048576K
Event: 0.380 GC heap after
Heap after GC invocations=1 (full 0):
 PSYoungGen      total 34816K, used 4585K [0x00000000d9580000, 0x00000000dbc00000, 0x0000000100000000)
  eden space 30208K, 0% used [0x00000000d9580000,0x00000000d9580000,0x00000000db300000)
  from space 4608K, 99% used [0x00000000db300000,0x00000000db77a7c8,0x00000000db780000)
  to   space 4608K, 0% used [0x00000000db780000,0x00000000db780000,0x00000000dbc00000)
 ParOldGen       total 79360K, used 626K [0x000000008c000000, 0x0000000090d80000, 0x00000000d9580000)
  object space 79360K, 0% used [0x000000008c000000,0x000000008c09c950,0x0000000090d80000)
 Metaspace       used 8057K, capacity 8188K, committed 8320K, reserved 1056768K
  class space    used 974K, capacity 1048K, committed 1152K, reserved 1048576K
}
Event: 0.605 GC heap before
{Heap before GC invocations=2 (full 0):
 PSYoungGen      total 34816K, used 34793K [0x00000000d9580000, 0x00000000dbc00000, 0x0000000100000000)
  eden space 30208K, 100% used [0x00000000d9580000,0x00000000db300000,0x00000000db300000)
  from space 4608K, 99% used [0x00000000db300000,0x00000000db77a7c8,0x00000000db780000)
  to   space 4608K, 0% used [0x00000000db780000,0x00000000db780000,0x00000000dbc00000)
 ParOldGen       total 79360K, used 626K [0x000000008c000000, 0x0000000090d80000, 0x00000000d9580000)
  object space 79360K, 0% used [0x000000008c000000,0x000000008c09c950,0x0000000090d80000)
 Metaspace       used 11171K, capacity 11382K, committed 11520K, reserved 1058816K
  class space    used 1372K, capacity 1446K, committed 1536K, reserved 1048576K
Event: 0.610 GC heap after
Heap after GC invocations=2 (full 0):
 PSYoungGen      total 34816K, used 4600K [0x00000000d9580000, 0x00000000dbc00000, 0x0000000100000000)
  eden space 30208K, 0% used [0x00000000d9580000,0x00000000d9580000,0x00000000db300000)
  from space 4608K, 99% used [0x00000000db780000,0x00000000dbbfe380,0x00000000dbc00000)
  to   space 4608K, 0% used [0x00000000db300000,0x00000000db300000,0x00000000db780000)
 ParOldGen       total 79360K, used 2861K [0x000000008c000000, 0x0000000090d80000, 0x00000000d9580000)
  object space 79360K, 3% used [0x000000008c000000,0x000000008c2cb498,0x0000000090d80000)
 Metaspace       used 11171K, capacity 11382K, committed 11520K, reserved 1058816K
  class space    used 1372K, capacity 1446K, committed 1536K, reserved 1048576K
}
Event: 0.997 GC heap before
{Heap before GC invocations=3 (full 0):
 PSYoungGen      total 34816K, used 34808K [0x00000000d9580000, 0x00000000dbc00000, 0x0000000100000000)
  eden space 30208K, 100% used [0x00000000d9580000,0x00000000db300000,0x00000000db300000)
  from space 4608K, 99% used [0x00000000db780000,0x00000000dbbfe380,0x00000000dbc00000)
  to   space 4608K, 0% used [0x00000000db300000,0x00000000db300000,0x00000000db780000)
 ParOldGen       total 79360K, used 2861K [0x000000008c000000, 0x0000000090d80000, 0x00000000d9580000)
  object space 79360K, 3% used [0x000000008c000000,0x000000008c2cb498,0x0000000090d80000)
 Metaspace       used 15164K, capacity 15410K, committed 15616K, reserved 1062912K
  class space    used 1846K, capacity 1944K, committed 2048K, reserved 1048576K
Event: 1.002 GC heap after
Heap after GC invocations=3 (full 0):
 PSYoungGen      total 34816K, used 4576K [0x00000000d9580000, 0x00000000dbc00000, 0x0000000100000000)
  eden space 30208K, 0% used [0x00000000d9580000,0x00000000d9580000,0x00000000db300000)
  from space 4608K, 99% used [0x00000000db300000,0x00000000db778020,0x00000000db780000)
  to   space 4608K, 0% used [0x00000000db780000,0x00000000db780000,0x00000000dbc00000)
 ParOldGen       total 79360K, used 5517K [0x000000008c000000, 0x0000000090d80000, 0x00000000d9580000)
  object space 79360K, 6% used [0x000000008c000000,0x000000008c5634e0,0x0000000090d80000)
 Metaspace       used 15164K, capacity 15410K, committed 15616K, reserved 1062912K
  class space    used 1846K, capacity 1944K, committed 2048K, reserved 1048576K
}
Event: 1.232 GC heap before
{Heap before GC invocations=4 (full 0):
 PSYoungGen      total 34816K, used 34784K [0x00000000d9580000, 0x00000000dbc00000, 0x0000000100000000)
  eden space 30208K, 100% used [0x00000000d9580000,0x00000000db300000,0x00000000db300000)
  from space 4608K, 99% used [0x00000000db300000,0x00000000db778020,0x00000000db780000)
  to   space 4608K, 0% used [0x00000000db780000,0x00000000db780000,0x00000000dbc00000)
 ParOldGen       total 79360K, used 5517K [0x000000008c000000, 0x0000000090d80000, 0x00000000d9580000)
  object space 79360K, 6% used [0x000000008c000000,0x000000008c5634e0,0x0000000090d80000)
 Metaspace       used 15541K, capacity 15848K, committed 16128K, reserved 1062912K
  class space    used 1854K, capacity 1953K, committed 2048K, reserved 1048576K
Event: 1.237 GC heap after
Heap after GC invocations=4 (full 0):
 PSYoungGen      total 34816K, used 4592K [0x00000000d9580000, 0x00000000dbc00000, 0x0000000100000000)
  eden space 30208K, 0% used [0x00000000d9580000,0x00000000d9580000,0x00000000db300000)
  from space 4608K, 99% used [0x00000000db780000,0x00000000dbbfc030,0x00000000dbc00000)
  to   space 4608K, 0% used [0x00000000db300000,0x00000000db300000,0x00000000db780000)
 ParOldGen       total 79360K, used 7093K [0x000000008c000000, 0x0000000090d80000, 0x00000000d9580000)
  object space 79360K, 8% used [0x000000008c000000,0x000000008c6ed4e0,0x0000000090d80000)
 Metaspace       used 15541K, capacity 15848K, committed 16128K, reserved 1062912K
  class space    used 1854K, capacity 1953K, committed 2048K, reserved 1048576K
}

Deoptimization events (10 events):
Event: 1.017 Thread 0x0000020bcb3d9000 Uncommon trap: reason=unstable_if action=reinterpret pc=0x0000020bcd5389f0 method=java.lang.String.trim()Ljava/lang/String; @ 63
Event: 1.031 Thread 0x0000020bcb3d9000 Uncommon trap: reason=null_check action=make_not_entrant pc=0x0000020bcd5ac8c4 method=org.apache.maven.model.io.xpp3.MavenXpp3Reader.checkFieldWithDuplicate(Lorg/codehaus/plexus/util/xml/pull/XmlPullParser;Ljava/lang/String;Ljava/lang/String;Ljava/util/Se
Event: 1.046 Thread 0x0000020bcb3d9000 Uncommon trap: reason=unstable_if action=reinterpret pc=0x0000020bcd2659bc method=java.lang.String.regionMatches(ZILjava/lang/String;II)Z @ 25
Event: 1.134 Thread 0x0000020bcb3d9000 Uncommon trap: reason=unstable_if action=reinterpret pc=0x0000020bcd52e0bc method=org.codehaus.plexus.util.xml.pull.MXParser.nextImpl()I @ 972
Event: 1.146 Thread 0x0000020bcb3d9000 Uncommon trap: reason=unstable_if action=reinterpret pc=0x0000020bcd68d73c method=org.apache.maven.model.io.xpp3.MavenXpp3Reader.nextTag(Lorg/codehaus/plexus/util/xml/pull/XmlPullParser;)I @ 9
Event: 1.172 Thread 0x0000020bcb3d9000 Uncommon trap: reason=unstable_if action=reinterpret pc=0x0000020bcd527bf8 method=org.codehaus.plexus.util.xml.pull.MXParser.isS(C)Z @ 21
Event: 1.173 Thread 0x0000020bcb3d9000 Uncommon trap: reason=unstable_if action=reinterpret pc=0x0000020bcd6c1ff8 method=org.codehaus.plexus.util.xml.pull.MXParser.nextImpl()I @ 280
Event: 1.292 Thread 0x0000020bcb3d9000 Uncommon trap: reason=unstable_if action=reinterpret pc=0x0000020bcd6659cc method=java.util.regex.Pattern$Curly.match0(Ljava/util/regex/Matcher;IILjava/lang/CharSequence;)Z @ 5
Event: 1.305 Thread 0x0000020bcb3d9000 Uncommon trap: reason=unstable_if action=reinterpret pc=0x0000020bcd61f8b8 method=java.util.HashMap.getNode(ILjava/lang/Object;)Ljava/util/HashMap$Node; @ 53
Event: 1.305 Thread 0x0000020bcb3d9000 Uncommon trap: reason=unstable_if action=reinterpret pc=0x0000020bcd2abcac method=java.util.HashMap.getNode(ILjava/lang/Object;)Ljava/util/HashMap$Node; @ 53

Classes redefined (0 events):
No events

Internal exceptions (10 events):
Event: 0.873 Thread 0x0000020bcb3d9000 Exception <a 'java/lang/NullPointerException'> (0x00000000da8fe1d0) thrown at [C:\jenkins\workspace\8-2-build-windows-x64-cygwin\jdk8u351\2908\hotspot\src\share\vm\interpreter\linkResolver.cpp, line 1185]
Event: 0.873 Thread 0x0000020bcb3d9000 Exception <a 'java/lang/NullPointerException'> (0x00000000da8fe3d8) thrown at [C:\jenkins\workspace\8-2-build-windows-x64-cygwin\jdk8u351\2908\hotspot\src\share\vm\interpreter\linkResolver.cpp, line 1185]
Event: 0.873 Thread 0x0000020bcb3d9000 Exception <a 'java/lang/NullPointerException'> (0x00000000da8fe5e0) thrown at [C:\jenkins\workspace\8-2-build-windows-x64-cygwin\jdk8u351\2908\hotspot\src\share\vm\interpreter\linkResolver.cpp, line 1185]
Event: 0.873 Thread 0x0000020bcb3d9000 Exception <a 'java/lang/NullPointerException'> (0x00000000da9058e0) thrown at [C:\jenkins\workspace\8-2-build-windows-x64-cygwin\jdk8u351\2908\hotspot\src\share\vm\interpreter\linkResolver.cpp, line 1185]
Event: 0.873 Thread 0x0000020bcb3d9000 Exception <a 'java/lang/NullPointerException'> (0x00000000da905ae8) thrown at [C:\jenkins\workspace\8-2-build-windows-x64-cygwin\jdk8u351\2908\hotspot\src\share\vm\interpreter\linkResolver.cpp, line 1185]
Event: 0.873 Thread 0x0000020bcb3d9000 Exception <a 'java/lang/NullPointerException'> (0x00000000da905cf0) thrown at [C:\jenkins\workspace\8-2-build-windows-x64-cygwin\jdk8u351\2908\hotspot\src\share\vm\interpreter\linkResolver.cpp, line 1185]
Event: 0.972 Thread 0x0000020bcb3d9000 Implicit null exception at 0x0000020bcd2d651b to 0x0000020bcd2d697d
Event: 0.973 Thread 0x0000020bcb3d9000 Implicit null exception at 0x0000020bcd2ef355 to 0x0000020bcd2ef52d
Event: 0.973 Thread 0x0000020bcb3d9000 Implicit null exception at 0x0000020bcd31baef to 0x0000020bcd31bb59
Event: 1.031 Thread 0x0000020bcb3d9000 Implicit null exception at 0x0000020bcd5ab76a to 0x0000020bcd5ac8b9

Events (10 events):
Event: 1.305 Thread 0x0000020bcb3d9000 DEOPT PACKING pc=0x0000020bcd2abcac sp=0x0000003e39bfdb30
Event: 1.305 Thread 0x0000020bcb3d9000 DEOPT UNPACKING pc=0x0000020bccd858c3 sp=0x0000003e39bfdac0 mode 2
Event: 1.309 loading class org/eclipse/aether/internal/impl/ArtifactRequestBuilder
Event: 1.309 loading class org/eclipse/aether/internal/impl/ArtifactRequestBuilder done
Event: 1.309 loading class org/eclipse/aether/util/graph/visitor/FilteringDependencyVisitor
Event: 1.309 loading class org/eclipse/aether/util/graph/visitor/FilteringDependencyVisitor done
Event: 1.310 loading class org/eclipse/aether/util/graph/visitor/Stack
Event: 1.310 loading class org/eclipse/aether/util/graph/visitor/Stack done
Event: 1.310 loading class org/eclipse/aether/util/graph/visitor/TreeDependencyVisitor
Event: 1.310 loading class org/eclipse/aether/util/graph/visitor/TreeDependencyVisitor done


Dynamic libraries:
0x00007ff619570000 - 0x00007ff6195b7000 	C:\Program Files\Java\jdk1.8.0_351\bin\java.exe
0x00007ffc54c50000 - 0x00007ffc54e64000 	C:\WINDOWS\SYSTEM32\ntdll.dll
0x00007ffc54620000 - 0x00007ffc546e2000 	C:\WINDOWS\System32\KERNEL32.DLL
0x00007ffc52080000 - 0x00007ffc5241d000 	C:\WINDOWS\System32\KERNELBASE.dll
0x00007ffc54ae0000 - 0x00007ffc54b8e000 	C:\WINDOWS\System32\ADVAPI32.dll
0x00007ffc537e0000 - 0x00007ffc53887000 	C:\WINDOWS\System32\msvcrt.dll
0x00007ffc54570000 - 0x00007ffc54614000 	C:\WINDOWS\System32\sechost.dll
0x00007ffc53b90000 - 0x00007ffc53ca5000 	C:\WINDOWS\System32\RPCRT4.dll
0x00007ffc53040000 - 0x00007ffc531ea000 	C:\WINDOWS\System32\USER32.dll
0x00007ffc52750000 - 0x00007ffc52776000 	C:\WINDOWS\System32\win32u.dll
0x00007ffc532b0000 - 0x00007ffc532d9000 	C:\WINDOWS\System32\GDI32.dll
0x00007ffc52540000 - 0x00007ffc52652000 	C:\WINDOWS\System32\gdi32full.dll
0x00007ffc528f0000 - 0x00007ffc5298a000 	C:\WINDOWS\System32\msvcp_win.dll
0x00007ffc52420000 - 0x00007ffc52531000 	C:\WINDOWS\System32\ucrtbase.dll
0x00007ffc414d0000 - 0x00007ffc4175e000 	C:\WINDOWS\WinSxS\amd64_microsoft.windows.common-controls_6595b64144ccf1df_6.0.22621.608_none_a9444ca7c10bb01d\COMCTL32.dll
0x00007ffc53a30000 - 0x00007ffc53a62000 	C:\WINDOWS\System32\IMM32.DLL
0x00007ffbb3290000 - 0x00007ffbb32a5000 	C:\Program Files\Java\jdk1.8.0_351\jre\bin\vcruntime140.dll
0x00007ffbb25a0000 - 0x00007ffbb263b000 	C:\Program Files\Java\jdk1.8.0_351\jre\bin\msvcp140.dll
0x0000000055110000 - 0x0000000055971000 	C:\Program Files\Java\jdk1.8.0_351\jre\bin\server\jvm.dll
0x00007ffc52b20000 - 0x00007ffc52b28000 	C:\WINDOWS\System32\PSAPI.DLL
0x00007ffc4ab60000 - 0x00007ffc4ab94000 	C:\WINDOWS\SYSTEM32\WINMM.dll
0x00007ffc49090000 - 0x00007ffc4909a000 	C:\WINDOWS\SYSTEM32\VERSION.dll
0x00007ffc38fd0000 - 0x00007ffc38fd9000 	C:\WINDOWS\SYSTEM32\WSOCK32.dll
0x00007ffc53760000 - 0x00007ffc537d1000 	C:\WINDOWS\System32\WS2_32.dll
0x00007ffc510c0000 - 0x00007ffc510d8000 	C:\WINDOWS\SYSTEM32\kernel.appcore.dll
0x00007ffbb3240000 - 0x00007ffbb3250000 	C:\Program Files\Java\jdk1.8.0_351\jre\bin\verify.dll
0x00007ffbb3210000 - 0x00007ffbb323b000 	C:\Program Files\Java\jdk1.8.0_351\jre\bin\java.dll
0x00007ffbb31f0000 - 0x00007ffbb3208000 	C:\Program Files\Java\jdk1.8.0_351\jre\bin\zip.dll
0x00007ffc53cb0000 - 0x00007ffc54490000 	C:\WINDOWS\System32\SHELL32.dll
0x00007ffc50070000 - 0x00007ffc50935000 	C:\WINDOWS\SYSTEM32\windows.storage.dll
0x00007ffc54750000 - 0x00007ffc54ada000 	C:\WINDOWS\System32\combase.dll
0x00007ffc4ff30000 - 0x00007ffc5006e000 	C:\WINDOWS\SYSTEM32\wintypes.dll
0x00007ffc52b30000 - 0x00007ffc52c21000 	C:\WINDOWS\System32\SHCORE.dll
0x00007ffc54bb0000 - 0x00007ffc54c0e000 	C:\WINDOWS\System32\shlwapi.dll
0x00007ffc51fb0000 - 0x00007ffc51fd1000 	C:\WINDOWS\SYSTEM32\profapi.dll
0x0000000069ac0000 - 0x0000000069ae4000 	D:\Programs\NetBeans-15\netbeans\java\maven\lib\jansi-native\Windows\x86_64\jansi.dll
0x00007ffc476f0000 - 0x00007ffc4791e000 	C:\WINDOWS\SYSTEM32\dbghelp.dll
0x00007ffc54490000 - 0x00007ffc54567000 	C:\WINDOWS\System32\OLEAUT32.dll
0x00007ffc526d0000 - 0x00007ffc5274b000 	C:\WINDOWS\System32\bcryptPrimitives.dll

VM Arguments:
jvm_args: -Dclassworlds.conf=D:\Programs\NetBeans-15\netbeans\java\maven\bin\m2.conf -Dmaven.home=D:\Programs\NetBeans-15\netbeans\java\maven -Dlibrary.jansi.path=D:\Programs\NetBeans-15\netbeans\java\maven\lib\jansi-native -Dmaven.multiModuleProjectDirectory=D:\Files\BaoLuan\MyWork\LTM_Project 
java_command: org.codehaus.plexus.classworlds.launcher.Launcher -Dexec.vmArgs= -Dexec.args=${exec.vmArgs} -classpath %classpath ${exec.mainClass} ${exec.appArgs} -Dexec.executable=C:\Program Files\Java\jdk1.8.0_351\bin\java.exe -Dexec.mainClass=group15.ltm_project.Client.Client -Dexec.classpathScope=runtime -Dexec.appArgs= -Dmaven.ext.class.path=D:\Programs\NetBeans-15\netbeans\java\maven-nblib\netbeans-eventspy.jar org.codehaus.mojo:exec-maven-plugin:3.0.0:exec
java_class_path (initial): D:\Programs\NetBeans-15\netbeans\java\maven\boot\plexus-classworlds-2.6.0.jar
Launcher Type: SUN_STANDARD

Environment Variables:
JAVA_HOME=C:\Program Files\Java\jdk1.8.0_351
PATH=C:\Program Files (x86)\Common Files\Oracle\Java\javapath;D:\Programs\VMware\VMware Workstation\bin\;C:\Windows\system32;C:\Windows;C:\Windows\System32\Wbem;C:\Windows\System32\WindowsPowerShell\v1.0\;C:\Windows\System32\OpenSSH\;C:\Program Files (x86)\NVIDIA Corporation\PhysX\Common;C:\Program Files\NVIDIA Corporation\NVIDIA NvDLISR;C:\WINDOWS\system32;C:\WINDOWS;C:\WINDOWS\System32\Wbem;C:\WINDOWS\System32\WindowsPowerShell\v1.0\;C:\WINDOWS\System32\OpenSSH\;D:\Programs\Microsoft SQL Server\Client SDK\ODBC\170\Tools\Binn\;D:\Programs (x86)\Microsoft SQL Server\150\Tools\Binn\;D:\Programs\Microsoft SQL Server\150\Tools\Binn\;D:\Programs\Microsoft SQL Server\150\DTS\Binn\;D:\Programs (x86)\Microsoft SQL Server\150\DTS\Binn\;C:\Program Files\Azure Data Studio\bin;D:\Programs\nodejs\;C:\ProgramData\chocolatey\bin;D:\Programs\xampp\php;D:\Programs\composer;D:\Programs\Git\cmd;C:\Program Files\dotnet\;C:\Users\BaoLuan\AppData\Local\Microsoft\WindowsApps;C:\Program Files\Azure Data Studio\bin;D:\Programs\Microsoft VS Code\bin;C:\Users\BaoLuan\AppData\Roaming\npm;C:\Users\BaoLuan\AppData\Roaming\Composer\vendor\bin;D:\Programs\JetBrains\IntelliJ IDEA 2022.2.3\bin;;C:\Users\BaoLuan\AppData\Local\GitHubDesktop\bin;C:\Users\BaoLuan\.dotnet\tools
USERNAME=baoluan
OS=Windows_NT
PROCESSOR_IDENTIFIER=AMD64 Family 25 Model 68 Stepping 1, AuthenticAMD



---------------  S Y S T E M  ---------------

OS: Windows 11 , 64 bit Build 22621 (10.0.22621.755)

CPU:total 16 (initial active 16) (16 cores per cpu, 1 threads per core) family 25 model 68 stepping 1, cmov, cx8, fxsr, mmx, sse, sse2, sse3, ssse3, sse4.1, sse4.2, popcnt, avx, avx2, aes, clmul, mmxext, 3dnowpref, lzcnt, sse4a, tsc, tscinvbit, tscinv, bmi1

Memory: 4k page, physical 7599008k(406508k free), swap 30667680k(5352k free)

vm_info: Java HotSpot(TM) 64-Bit Server VM (25.351-b10) for windows-amd64 JRE (1.8.0_351-b10), built on Sep 15 2022 02:58:06 by "java_re" with MS VC++ 15.9 (VS2017)

time: Wed Dec  7 19:48:22 2022
timezone: SE Asia Standard Time
elapsed time: 1.344796 seconds (0d 0h 0m 1s)

