#
# There is insufficient memory for the Java Runtime Environment to continue.
# Native memory allocation (malloc) failed to allocate 367056 bytes for Chunk::new
# Possible reasons:
#   The system is out of physical RAM or swap space
#   The process is running with CompressedOops enabled, and the Java Heap may be blocking the growth of the native heap
# Possible solutions:
#   Reduce memory load on the system
#   Increase physical memory or swap space
#   Check if swap backing store is full
#   Decrease Java heap size (-Xmx/-Xms)
#   Decrease number of Java threads
#   Decrease Java thread stack sizes (-Xss)
#   Set larger code cache with -XX:ReservedCodeCacheSize=
#   JVM is running with Unscaled Compressed Oops mode in which the Java heap is
#     placed in the first 4GB address space. The Java Heap base address is the
#     maximum limit for the native heap growth. Please use -XX:HeapBaseMinAddress
#     to set the Java Heap base and to place the Java Heap above 4GB virtual address.
# This output file may be truncated or incomplete.
#
#  Out of Memory Error (allocation.cpp:389), pid=58800, tid=0x00000000000058bc
#
# JRE version: Java(TM) SE Runtime Environment (8.0_351-b10) (build 1.8.0_351-b10)
# Java VM: Java HotSpot(TM) 64-Bit Server VM (25.351-b10 mixed mode windows-amd64 compressed oops)
# Failed to write core dump. Minidumps are not enabled by default on client versions of Windows
#

---------------  T H R E A D  ---------------

Current thread (0x0000022aab7e8000):  JavaThread "C2 CompilerThread1" daemon [_thread_in_native, id=22716, stack(0x000000d854200000,0x000000d854300000)]

Stack: [0x000000d854200000,0x000000d854300000]
Native frames: (J=compiled Java code, j=interpreted, Vv=VM code, C=native code)
V  [jvm.dll+0x3300b9]
V  [jvm.dll+0x276632]
V  [jvm.dll+0x2772dd]
V  [jvm.dll+0x26dc85]
V  [jvm.dll+0xd584c]
V  [jvm.dll+0xd604c]
V  [jvm.dll+0x471a53]
V  [jvm.dll+0x439110]
V  [jvm.dll+0x442115]
V  [jvm.dll+0x4414d5]
V  [jvm.dll+0x42c27b]
V  [jvm.dll+0xac69b]
V  [jvm.dll+0xaacfb]
V  [jvm.dll+0x23ec62]
V  [jvm.dll+0x29330c]
C  [ucrtbase.dll+0x29363]
C  [KERNEL32.DLL+0x1244d]
C  [ntdll.dll+0x5dfb8]


Current CompileTask:
C2:    565  598   !   4       sun.nio.cs.StreamDecoder::read (196 bytes)


---------------  P R O C E S S  ---------------

Java Threads: ( => current thread )
  0x0000022aab8e0800 JavaThread "Service Thread" daemon [_thread_blocked, id=50572, stack(0x000000d854d00000,0x000000d854e00000)]
  0x0000022aab84d800 JavaThread "C1 CompilerThread11" daemon [_thread_blocked, id=54976, stack(0x000000d854c00000,0x000000d854d00000)]
  0x0000022aab84d000 JavaThread "C1 CompilerThread10" daemon [_thread_in_native, id=30420, stack(0x000000d854b00000,0x000000d854c00000)]
  0x0000022aab83e800 JavaThread "C1 CompilerThread9" daemon [_thread_blocked, id=20752, stack(0x000000d854a00000,0x000000d854b00000)]
  0x0000022aab81c000 JavaThread "C1 CompilerThread8" daemon [_thread_blocked, id=4452, stack(0x000000d854900000,0x000000d854a00000)]
  0x0000022aab808800 JavaThread "C2 CompilerThread7" daemon [_thread_in_native, id=30288, stack(0x000000d854800000,0x000000d854900000)]
  0x0000022aab808000 JavaThread "C2 CompilerThread6" daemon [_thread_blocked, id=10108, stack(0x000000d854700000,0x000000d854800000)]
  0x0000022aab7fd000 JavaThread "C2 CompilerThread5" daemon [_thread_blocked, id=55556, stack(0x000000d854600000,0x000000d854700000)]
  0x0000022aab7fc800 JavaThread "C2 CompilerThread4" daemon [_thread_blocked, id=39560, stack(0x000000d854500000,0x000000d854600000)]
  0x0000022aab7ed800 JavaThread "C2 CompilerThread3" daemon [_thread_blocked, id=49100, stack(0x000000d854400000,0x000000d854500000)]
  0x0000022aab7e8800 JavaThread "C2 CompilerThread2" daemon [_thread_blocked, id=37744, stack(0x000000d854300000,0x000000d854400000)]
=>0x0000022aab7e8000 JavaThread "C2 CompilerThread1" daemon [_thread_in_native, id=22716, stack(0x000000d854200000,0x000000d854300000)]
  0x0000022aab7e6000 JavaThread "C2 CompilerThread0" daemon [_thread_blocked, id=17544, stack(0x000000d854100000,0x000000d854200000)]
  0x0000022aa8aee800 JavaThread "Attach Listener" daemon [_thread_blocked, id=42760, stack(0x000000d854000000,0x000000d854100000)]
  0x0000022aa8aed800 JavaThread "Signal Dispatcher" daemon [_thread_blocked, id=27180, stack(0x000000d853f00000,0x000000d854000000)]
  0x0000022aab7d0800 JavaThread "Finalizer" daemon [_thread_blocked, id=6040, stack(0x000000d853e00000,0x000000d853f00000)]
  0x0000022aa8ad4000 JavaThread "Reference Handler" daemon [_thread_blocked, id=54716, stack(0x000000d853d00000,0x000000d853e00000)]
  0x0000022a92d08800 JavaThread "main" [_thread_in_native, id=49944, stack(0x000000d852e00000,0x000000d852f00000)]

Other Threads:
  0x0000022aa8acd000 VMThread [stack: 0x000000d853c00000,0x000000d853d00000] [id=22228]
  0x0000022aab8a2000 WatcherThread [stack: 0x000000d854e00000,0x000000d854f00000] [id=59300]

VM state:not at safepoint (normal execution)

VM Mutex/Monitor currently owned by a thread: None

heap address: 0x000000008c000000, size: 1856 MB, Compressed Oops mode: 32-bit
Narrow klass base: 0x0000000000000000, Narrow klass shift: 3
Compressed class space size: 1073741824 Address: 0x0000000100000000

Heap:
 PSYoungGen      total 34816K, used 6940K [0x00000000d9580000, 0x00000000dbc00000, 0x0000000100000000)
  eden space 30208K, 7% used [0x00000000d9580000,0x00000000d97cbe50,0x00000000db300000)
  from space 4608K, 99% used [0x00000000db300000,0x00000000db77b570,0x00000000db780000)
  to   space 4608K, 0% used [0x00000000db780000,0x00000000db780000,0x00000000dbc00000)
 ParOldGen       total 79360K, used 521K [0x000000008c000000, 0x0000000090d80000, 0x00000000d9580000)
  object space 79360K, 0% used [0x000000008c000000,0x000000008c0826d0,0x0000000090d80000)
 Metaspace       used 8226K, capacity 8348K, committed 8576K, reserved 1056768K
  class space    used 993K, capacity 1080K, committed 1152K, reserved 1048576K

Card table byte_map: [0x0000022aa3c30000,0x0000022aa3fe0000] byte_map_base: 0x0000022aa37d0000

Marking Bits: (ParMarkBitMap*) 0x00000000558f8fd0
 Begin Bits: [0x0000022aa4250000, 0x0000022aa5f50000)
 End Bits:   [0x0000022aa5f50000, 0x0000022aa7c50000)

Polling page: 0x0000022a92f80000

CodeCache: size=245760Kb used=5079Kb max_used=5079Kb free=240680Kb
 bounds [0x0000022a94870000, 0x0000022a94d70000, 0x0000022aa3870000]
 total_blobs=1088 nmethods=786 adapters=213
 compilation: enabled

Compilation events (10 events):
Event: 0.473 Thread 0x0000022aab808800  630       4       org.codehaus.plexus.util.xml.pull.MXParser::nextImpl (1202 bytes)
Event: 0.474 Thread 0x0000022aab7e8800 nmethod 618 0x0000022a94ce3710 code [0x0000022a94ce3960, 0x0000022a94ce4418]
Event: 0.476 Thread 0x0000022aab7e8800  631       4       java.lang.StringBuilder::append (8 bytes)
Event: 0.479 Thread 0x0000022aab84d000  632       3       java.util.jar.Attributes$Name::equals (39 bytes)
Event: 0.480 Thread 0x0000022aab84d800  633       3       sun.misc.ASCIICaseInsensitiveComparator::compare (13 bytes)
Event: 0.480 Thread 0x0000022aab84d000 nmethod 632 0x0000022a94cd9610 code [0x0000022a94cd97a0, 0x0000022a94cd9c50]
Event: 0.480 Thread 0x0000022aab84d000  634       1       org.codehaus.plexus.util.xml.pull.MXParser::getDepth (5 bytes)
Event: 0.480 Thread 0x0000022aab84d000 nmethod 634 0x0000022a94cca010 code [0x0000022a94cca160, 0x0000022a94cca278]
Event: 0.480 Thread 0x0000022aab84d800 nmethod 633 0x0000022a94cdced0 code [0x0000022a94cdd040, 0x0000022a94cdd3b0]
Event: 0.481 Thread 0x0000022aab7e8800 nmethod 631 0x0000022a94ce1890 code [0x0000022a94ce19e0, 0x0000022a94ce1df8]

GC Heap History (0 events):
No events

Deoptimization events (2 events):
Event: 0.282 Thread 0x0000022a92d08800 Uncommon trap: reason=unstable_if action=reinterpret pc=0x0000022a94bc0a54 method=java.lang.String.indexOf([CII[CIII)I @ 3
Event: 0.436 Thread 0x0000022a92d08800 Uncommon trap: reason=unstable_if action=reinterpret pc=0x0000022a94bc5464 method=org.codehaus.plexus.util.xml.pull.MXParser.more()C @ 8

Classes redefined (0 events):
No events

Internal exceptions (10 events):
Event: 0.127 Thread 0x0000022a92d08800 Exception <a 'java/security/PrivilegedActionException'> (0x00000000d99580c8) thrown at [C:\jenkins\workspace\8-2-build-windows-x64-cygwin\jdk8u351\2908\hotspot\src\share\vm\prims\jvm.cpp, line 1513]
Event: 0.139 Thread 0x0000022a92d08800 Exception <a 'java/lang/NullPointerException'> (0x00000000d998e620) thrown at [C:\jenkins\workspace\8-2-build-windows-x64-cygwin\jdk8u351\2908\hotspot\src\share\vm\interpreter\linkResolver.cpp, line 1185]
Event: 0.139 Thread 0x0000022a92d08800 Exception <a 'java/lang/NullPointerException'> (0x00000000d998e828) thrown at [C:\jenkins\workspace\8-2-build-windows-x64-cygwin\jdk8u351\2908\hotspot\src\share\vm\interpreter\linkResolver.cpp, line 1185]
Event: 0.139 Thread 0x0000022a92d08800 Exception <a 'java/lang/NullPointerException'> (0x00000000d998ea30) thrown at [C:\jenkins\workspace\8-2-build-windows-x64-cygwin\jdk8u351\2908\hotspot\src\share\vm\interpreter\linkResolver.cpp, line 1185]
Event: 0.140 Thread 0x0000022a92d08800 Exception <a 'java/lang/NullPointerException'> (0x00000000d99971f8) thrown at [C:\jenkins\workspace\8-2-build-windows-x64-cygwin\jdk8u351\2908\hotspot\src\share\vm\interpreter\linkResolver.cpp, line 1185]
Event: 0.141 Thread 0x0000022a92d08800 Exception <a 'java/lang/NullPointerException'> (0x00000000d99abd98) thrown at [C:\jenkins\workspace\8-2-build-windows-x64-cygwin\jdk8u351\2908\hotspot\src\share\vm\interpreter\linkResolver.cpp, line 1185]
Event: 0.141 Thread 0x0000022a92d08800 Exception <a 'java/lang/NullPointerException'> (0x00000000d99abfa0) thrown at [C:\jenkins\workspace\8-2-build-windows-x64-cygwin\jdk8u351\2908\hotspot\src\share\vm\interpreter\linkResolver.cpp, line 1185]
Event: 0.141 Thread 0x0000022a92d08800 Exception <a 'java/lang/NullPointerException'> (0x00000000d99ac1a8) thrown at [C:\jenkins\workspace\8-2-build-windows-x64-cygwin\jdk8u351\2908\hotspot\src\share\vm\interpreter\linkResolver.cpp, line 1185]
Event: 0.141 Thread 0x0000022a92d08800 Exception <a 'java/lang/NullPointerException'> (0x00000000d99ac3b0) thrown at [C:\jenkins\workspace\8-2-build-windows-x64-cygwin\jdk8u351\2908\hotspot\src\share\vm\interpreter\linkResolver.cpp, line 1185]
Event: 0.432 Thread 0x0000022a92d08800 Exception <a 'java/lang/NoClassDefFoundError': javax/enterprise/inject/Typed> (0x00000000da9c7900) thrown at [C:\jenkins\workspace\8-2-build-windows-x64-cygwin\jdk8u351\2908\hotspot\src\share\vm\classfile\systemDictionary.cpp, line 201]

Events (10 events):
Event: 0.485 loading class org/apache/maven/artifact/handler/manager/ArtifactHandlerManager
Event: 0.485 loading class org/apache/maven/artifact/handler/manager/ArtifactHandlerManager done
Event: 0.485 loading class org/apache/maven/artifact/handler/manager/ArtifactHandlerManager
Event: 0.485 loading class org/apache/maven/artifact/handler/manager/ArtifactHandlerManager done
Event: 0.485 loading class org/apache/maven/artifact/metadata/ArtifactMetadataSource
Event: 0.485 loading class org/apache/maven/artifact/metadata/ArtifactMetadataSource done
Event: 0.486 loading class org/apache/maven/artifact/metadata/ArtifactMetadataSource
Event: 0.486 loading class org/apache/maven/artifact/metadata/ArtifactMetadataSource done
Event: 0.486 loading class org/apache/maven/repository/legacy/metadata/ArtifactMetadataSource
Event: 0.486 loading class org/apache/maven/repository/legacy/metadata/ArtifactMetadataSource done


Dynamic libraries:
0x00007ff619570000 - 0x00007ff6195b7000 	C:\Program Files\Java\jdk1.8.0_351\bin\java.exe
0x00007ffc54c50000 - 0x00007ffc54e64000 	C:\WINDOWS\SYSTEM32\ntdll.dll
0x00007ffc54620000 - 0x00007ffc546e2000 	C:\WINDOWS\System32\KERNEL32.DLL
0x00007ffc52080000 - 0x00007ffc5241d000 	C:\WINDOWS\System32\KERNELBASE.dll
0x00007ffc54ae0000 - 0x00007ffc54b8e000 	C:\WINDOWS\System32\ADVAPI32.dll
0x00007ffc537e0000 - 0x00007ffc53887000 	C:\WINDOWS\System32\msvcrt.dll
0x00007ffc54570000 - 0x00007ffc54614000 	C:\WINDOWS\System32\sechost.dll
0x00007ffc53b90000 - 0x00007ffc53ca5000 	C:\WINDOWS\System32\RPCRT4.dll
0x00007ffc53040000 - 0x00007ffc531ea000 	C:\WINDOWS\System32\USER32.dll
0x00007ffc52750000 - 0x00007ffc52776000 	C:\WINDOWS\System32\win32u.dll
0x00007ffc532b0000 - 0x00007ffc532d9000 	C:\WINDOWS\System32\GDI32.dll
0x00007ffc52540000 - 0x00007ffc52652000 	C:\WINDOWS\System32\gdi32full.dll
0x00007ffc528f0000 - 0x00007ffc5298a000 	C:\WINDOWS\System32\msvcp_win.dll
0x00007ffc52420000 - 0x00007ffc52531000 	C:\WINDOWS\System32\ucrtbase.dll
0x00007ffc414d0000 - 0x00007ffc4175e000 	C:\WINDOWS\WinSxS\amd64_microsoft.windows.common-controls_6595b64144ccf1df_6.0.22621.608_none_a9444ca7c10bb01d\COMCTL32.dll
0x00007ffc53a30000 - 0x00007ffc53a62000 	C:\WINDOWS\System32\IMM32.DLL
0x00007ffbb3290000 - 0x00007ffbb32a5000 	C:\Program Files\Java\jdk1.8.0_351\jre\bin\vcruntime140.dll
0x00007ffbb25a0000 - 0x00007ffbb263b000 	C:\Program Files\Java\jdk1.8.0_351\jre\bin\msvcp140.dll
0x0000000055110000 - 0x0000000055971000 	C:\Program Files\Java\jdk1.8.0_351\jre\bin\server\jvm.dll
0x00007ffc52b20000 - 0x00007ffc52b28000 	C:\WINDOWS\System32\PSAPI.DLL
0x00007ffc38fd0000 - 0x00007ffc38fd9000 	C:\WINDOWS\SYSTEM32\WSOCK32.dll
0x00007ffc49090000 - 0x00007ffc4909a000 	C:\WINDOWS\SYSTEM32\VERSION.dll
0x00007ffc53760000 - 0x00007ffc537d1000 	C:\WINDOWS\System32\WS2_32.dll
0x00007ffc4ab60000 - 0x00007ffc4ab94000 	C:\WINDOWS\SYSTEM32\WINMM.dll
0x00007ffc510c0000 - 0x00007ffc510d8000 	C:\WINDOWS\SYSTEM32\kernel.appcore.dll
0x00007ffbb3240000 - 0x00007ffbb3250000 	C:\Program Files\Java\jdk1.8.0_351\jre\bin\verify.dll
0x00007ffbb3210000 - 0x00007ffbb323b000 	C:\Program Files\Java\jdk1.8.0_351\jre\bin\java.dll
0x00007ffbb31f0000 - 0x00007ffbb3208000 	C:\Program Files\Java\jdk1.8.0_351\jre\bin\zip.dll
0x00007ffc53cb0000 - 0x00007ffc54490000 	C:\WINDOWS\System32\SHELL32.dll
0x00007ffc50070000 - 0x00007ffc50935000 	C:\WINDOWS\SYSTEM32\windows.storage.dll
0x00007ffc54750000 - 0x00007ffc54ada000 	C:\WINDOWS\System32\combase.dll
0x00007ffc4ff30000 - 0x00007ffc5006e000 	C:\WINDOWS\SYSTEM32\wintypes.dll
0x00007ffc52b30000 - 0x00007ffc52c21000 	C:\WINDOWS\System32\SHCORE.dll
0x00007ffc54bb0000 - 0x00007ffc54c0e000 	C:\WINDOWS\System32\shlwapi.dll
0x00007ffc51fb0000 - 0x00007ffc51fd1000 	C:\WINDOWS\SYSTEM32\profapi.dll
0x0000000069ac0000 - 0x0000000069ae4000 	D:\Programs\NetBeans-15\netbeans\java\maven\lib\jansi-native\Windows\x86_64\jansi.dll
0x00007ffc476f0000 - 0x00007ffc4791e000 	C:\WINDOWS\SYSTEM32\dbghelp.dll
0x00007ffc54490000 - 0x00007ffc54567000 	C:\WINDOWS\System32\OLEAUT32.dll
0x00007ffc526d0000 - 0x00007ffc5274b000 	C:\WINDOWS\System32\bcryptPrimitives.dll

VM Arguments:
jvm_args: -Dclassworlds.conf=D:\Programs\NetBeans-15\netbeans\java\maven\bin\m2.conf -Dmaven.home=D:\Programs\NetBeans-15\netbeans\java\maven -Dlibrary.jansi.path=D:\Programs\NetBeans-15\netbeans\java\maven\lib\jansi-native -Dmaven.multiModuleProjectDirectory=D:\Files\BaoLuan\MyWork\LTM_Project 
java_command: org.codehaus.plexus.classworlds.launcher.Launcher -Dexec.vmArgs= -Dexec.args=${exec.vmArgs} -classpath %classpath ${exec.mainClass} ${exec.appArgs} -Dexec.executable=C:\Program Files\Java\jdk1.8.0_351\bin\java.exe -Dexec.mainClass=group15.ltm_project.Client.Client -Dexec.classpathScope=runtime -Dexec.appArgs= -Dmaven.ext.class.path=D:\Programs\NetBeans-15\netbeans\java\maven-nblib\netbeans-eventspy.jar org.codehaus.mojo:exec-maven-plugin:3.0.0:exec
java_class_path (initial): D:\Programs\NetBeans-15\netbeans\java\maven\boot\plexus-classworlds-2.6.0.jar
Launcher Type: SUN_STANDARD

Environment Variables:
JAVA_HOME=C:\Program Files\Java\jdk1.8.0_351
PATH=C:\Program Files (x86)\Common Files\Oracle\Java\javapath;D:\Programs\VMware\VMware Workstation\bin\;C:\Windows\system32;C:\Windows;C:\Windows\System32\Wbem;C:\Windows\System32\WindowsPowerShell\v1.0\;C:\Windows\System32\OpenSSH\;C:\Program Files (x86)\NVIDIA Corporation\PhysX\Common;C:\Program Files\NVIDIA Corporation\NVIDIA NvDLISR;C:\WINDOWS\system32;C:\WINDOWS;C:\WINDOWS\System32\Wbem;C:\WINDOWS\System32\WindowsPowerShell\v1.0\;C:\WINDOWS\System32\OpenSSH\;D:\Programs\Microsoft SQL Server\Client SDK\ODBC\170\Tools\Binn\;D:\Programs (x86)\Microsoft SQL Server\150\Tools\Binn\;D:\Programs\Microsoft SQL Server\150\Tools\Binn\;D:\Programs\Microsoft SQL Server\150\DTS\Binn\;D:\Programs (x86)\Microsoft SQL Server\150\DTS\Binn\;C:\Program Files\Azure Data Studio\bin;D:\Programs\nodejs\;C:\ProgramData\chocolatey\bin;D:\Programs\xampp\php;D:\Programs\composer;D:\Programs\Git\cmd;C:\Program Files\dotnet\;C:\Users\BaoLuan\AppData\Local\Microsoft\WindowsApps;C:\Program Files\Azure Data Studio\bin;D:\Programs\Microsoft VS Code\bin;C:\Users\BaoLuan\AppData\Roaming\npm;C:\Users\BaoLuan\AppData\Roaming\Composer\vendor\bin;D:\Programs\JetBrains\IntelliJ IDEA 2022.2.3\bin;;C:\Users\BaoLuan\AppData\Local\GitHubDesktop\bin;C:\Users\BaoLuan\.dotnet\tools
USERNAME=baoluan
OS=Windows_NT
PROCESSOR_IDENTIFIER=AMD64 Family 25 Model 68 Stepping 1, AuthenticAMD



---------------  S Y S T E M  ---------------

OS: Windows 11 , 64 bit Build 22621 (10.0.22621.755)

CPU:total 16 (initial active 16) (16 cores per cpu, 1 threads per core) family 25 model 68 stepping 1, cmov, cx8, fxsr, mmx, sse, sse2, sse3, ssse3, sse4.1, sse4.2, popcnt, avx, avx2, aes, clmul, mmxext, 3dnowpref, lzcnt, sse4a, tsc, tscinvbit, tscinv, bmi1

Memory: 4k page, physical 7599008k(183784k free), swap 30667680k(4072k free)

vm_info: Java HotSpot(TM) 64-Bit Server VM (25.351-b10) for windows-amd64 JRE (1.8.0_351-b10), built on Sep 15 2022 02:58:06 by "java_re" with MS VC++ 15.9 (VS2017)

time: Thu Dec  8 13:22:46 2022
timezone: SE Asia Standard Time
elapsed time: 0.569540 seconds (0d 0h 0m 0s)

