#
# There is insufficient memory for the Java Runtime Environment to continue.
# Native memory allocation (malloc) failed to allocate 1048576 bytes for AllocateHeap
# Possible reasons:
#   The system is out of physical RAM or swap space
#   The process is running with CompressedOops enabled, and the Java Heap may be blocking the growth of the native heap
# Possible solutions:
#   Reduce memory load on the system
#   Increase physical memory or swap space
#   Check if swap backing store is full
#   Decrease Java heap size (-Xmx/-Xms)
#   Decrease number of Java threads
#   Decrease Java thread stack sizes (-Xss)
#   Set larger code cache with -XX:ReservedCodeCacheSize=
#   JVM is running with Unscaled Compressed Oops mode in which the Java heap is
#     placed in the first 4GB address space. The Java Heap base address is the
#     maximum limit for the native heap growth. Please use -XX:HeapBaseMinAddress
#     to set the Java Heap base and to place the Java Heap above 4GB virtual address.
# This output file may be truncated or incomplete.
#
#  Out of Memory Error (memory/allocation.inline.hpp:61), pid=46844, tid=0x000000000000bb78
#
# JRE version:  (8.0_351-b10) (build )
# Java VM: Java HotSpot(TM) 64-Bit Server VM (25.351-b10 mixed mode windows-amd64 compressed oops)
# Failed to write core dump. Minidumps are not enabled by default on client versions of Windows
#

---------------  T H R E A D  ---------------

Current thread (0x000001ecafc75000):  JavaThread "Unknown thread" [_thread_in_vm, id=47992, stack(0x000000ddd9700000,0x000000ddd9800000)]

Stack: [0x000000ddd9700000,0x000000ddd9800000]
Native frames: (J=compiled Java code, j=interpreted, Vv=VM code, C=native code)
V  [jvm.dll+0x3300b9]
V  [jvm.dll+0x276632]
V  [jvm.dll+0x2772dd]
V  [jvm.dll+0x26dc85]
V  [jvm.dll+0x509d]
V  [jvm.dll+0x3d4793]
V  [jvm.dll+0x3d51a8]
V  [jvm.dll+0xfd01f]
V  [jvm.dll+0x20af3b]
V  [jvm.dll+0x239a77]
V  [jvm.dll+0x162b46]
C  [java.exe+0x2312]
C  [java.exe+0x15f54]
C  [KERNEL32.DLL+0x1244d]
C  [ntdll.dll+0x5dfb8]


---------------  P R O C E S S  ---------------

Java Threads: ( => current thread )

Other Threads:

=>0x000001ecafc75000 (exited) JavaThread "Unknown thread" [_thread_in_vm, id=47992, stack(0x000000ddd9700000,0x000000ddd9800000)]

VM state:not at safepoint (normal execution)

VM Mutex/Monitor currently owned by a thread: None

heap address: 0x000000008c000000, size: 1856 MB, Compressed Oops mode: 32-bit
Narrow klass base: 0x0000000000000000, Narrow klass shift: 3
Compressed class space size: 1073741824 Address: 0x0000000100000000

Heap:
 PSYoungGen      total 34816K, used 604K [0x00000000d9580000, 0x00000000dbc00000, 0x0000000100000000)
  eden space 30208K, 2% used [0x00000000d9580000,0x00000000d96170b0,0x00000000db300000)
  from space 4608K, 0% used [0x00000000db780000,0x00000000db780000,0x00000000dbc00000)
  to   space 4608K, 0% used [0x00000000db300000,0x00000000db300000,0x00000000db780000)
 ParOldGen       total 79360K, used 0K [0x000000008c000000, 0x0000000090d80000, 0x00000000d9580000)
  object space 79360K, 0% used [0x000000008c000000,0x000000008c000000,0x0000000090d80000)
 Metaspace       used 775K, capacity 4480K, committed 4480K, reserved 1056768K
  class space    used 76K, capacity 384K, committed 384K, reserved 1048576K

Card table byte_map: [0x000001ecc0b60000,0x000001ecc0f10000] byte_map_base: 0x000001ecc0700000

Marking Bits: (ParMarkBitMap*) 0x0000000067c08fd0
 Begin Bits: [0x000001ecc1180000, 0x000001ecc2e80000)
 End Bits:   [0x000001ecc2e80000, 0x000001ecc4b80000)

Polling page: 0x000001ecafc10000

CodeCache: size=245760Kb used=328Kb max_used=328Kb free=245431Kb
 bounds [0x000001ecb17a0000, 0x000001ecb1a10000, 0x000001ecc07a0000]
 total_blobs=57 nmethods=0 adapters=38
 compilation: enabled

Compilation events (0 events):
No events

GC Heap History (0 events):
No events

Deoptimization events (0 events):
No events

Classes redefined (0 events):
No events

Internal exceptions (0 events):
No events

Events (10 events):
Event: 0.018 loading class java/lang/Short
Event: 0.018 loading class java/lang/Short done
Event: 0.018 loading class java/lang/Integer
Event: 0.018 loading class java/lang/Integer done
Event: 0.018 loading class java/lang/Long
Event: 0.018 loading class java/lang/Long done
Event: 0.018 loading class java/lang/NullPointerException
Event: 0.018 loading class java/lang/NullPointerException done
Event: 0.018 loading class java/lang/ArithmeticException
Event: 0.018 loading class java/lang/ArithmeticException done


Dynamic libraries:
0x00007ff73b3d0000 - 0x00007ff73b417000 	C:\Program Files\Java\jdk1.8.0_351\bin\java.exe
0x00007ffd21cf0000 - 0x00007ffd21f04000 	C:\WINDOWS\SYSTEM32\ntdll.dll
0x00007ffd20510000 - 0x00007ffd205d2000 	C:\WINDOWS\System32\KERNEL32.DLL
0x00007ffd1f190000 - 0x00007ffd1f52d000 	C:\WINDOWS\System32\KERNELBASE.dll
0x00007ffd203b0000 - 0x00007ffd2045e000 	C:\WINDOWS\System32\ADVAPI32.dll
0x00007ffd20d50000 - 0x00007ffd20df7000 	C:\WINDOWS\System32\msvcrt.dll
0x00007ffd20300000 - 0x00007ffd203a4000 	C:\WINDOWS\System32\sechost.dll
0x00007ffd206e0000 - 0x00007ffd207f5000 	C:\WINDOWS\System32\RPCRT4.dll
0x00007ffd20ba0000 - 0x00007ffd20d4a000 	C:\WINDOWS\System32\USER32.dll
0x00007ffd1f650000 - 0x00007ffd1f676000 	C:\WINDOWS\System32\win32u.dll
0x00007ffd202d0000 - 0x00007ffd202f9000 	C:\WINDOWS\System32\GDI32.dll
0x00007ffd1f9d0000 - 0x00007ffd1fae2000 	C:\WINDOWS\System32\gdi32full.dll
0x00007ffd1f5b0000 - 0x00007ffd1f64a000 	C:\WINDOWS\System32\msvcp_win.dll
0x00007ffd1f8b0000 - 0x00007ffd1f9c1000 	C:\WINDOWS\System32\ucrtbase.dll
0x00007ffd0d7d0000 - 0x00007ffd0da5e000 	C:\WINDOWS\WinSxS\amd64_microsoft.windows.common-controls_6595b64144ccf1df_6.0.22621.608_none_a9444ca7c10bb01d\COMCTL32.dll
0x00007ffd20e20000 - 0x00007ffd20e52000 	C:\WINDOWS\System32\IMM32.DLL
0x00007ffd1a450000 - 0x00007ffd1a465000 	C:\Program Files\Java\jdk1.8.0_351\jre\bin\vcruntime140.dll
0x00007ffd06140000 - 0x00007ffd061db000 	C:\Program Files\Java\jdk1.8.0_351\jre\bin\msvcp140.dll
0x0000000067420000 - 0x0000000067c81000 	C:\Program Files\Java\jdk1.8.0_351\jre\bin\server\jvm.dll
0x00007ffd20ff0000 - 0x00007ffd20ff8000 	C:\WINDOWS\System32\PSAPI.DLL
0x00007ffd17bc0000 - 0x00007ffd17bf4000 	C:\WINDOWS\SYSTEM32\WINMM.dll
0x00007ffd17440000 - 0x00007ffd1744a000 	C:\WINDOWS\SYSTEM32\VERSION.dll
0x00007ffd03fe0000 - 0x00007ffd03fe9000 	C:\WINDOWS\SYSTEM32\WSOCK32.dll
0x00007ffd21c30000 - 0x00007ffd21ca1000 	C:\WINDOWS\System32\WS2_32.dll
0x00007ffd1e160000 - 0x00007ffd1e178000 	C:\WINDOWS\SYSTEM32\kernel.appcore.dll
0x00007ffd1a550000 - 0x00007ffd1a560000 	C:\Program Files\Java\jdk1.8.0_351\jre\bin\verify.dll
0x00007ffd195b0000 - 0x00007ffd195db000 	C:\Program Files\Java\jdk1.8.0_351\jre\bin\java.dll
0x00007ffd190d0000 - 0x00007ffd190e8000 	C:\Program Files\Java\jdk1.8.0_351\jre\bin\zip.dll
0x00007ffd15440000 - 0x00007ffd1566e000 	C:\WINDOWS\SYSTEM32\dbghelp.dll
0x00007ffd21640000 - 0x00007ffd219ca000 	C:\WINDOWS\System32\combase.dll
0x00007ffd20890000 - 0x00007ffd20967000 	C:\WINDOWS\System32\OLEAUT32.dll
0x00007ffd1f530000 - 0x00007ffd1f5ab000 	C:\WINDOWS\System32\bcryptPrimitives.dll

VM Arguments:
java_command: group15.ltm_project.DTO.MovieServices
java_class_path (initial): D:\Files\BaoLuan\MyWork\LTM_Project\target\classes;C:\Users\BaoLuan\.m2\repository\org\seleniumhq\selenium\selenium-java\4.7.0\selenium-java-4.7.0.jar;C:\Users\BaoLuan\.m2\repository\org\seleniumhq\selenium\selenium-api\4.7.0\selenium-api-4.7.0.jar;C:\Users\BaoLuan\.m2\repository\org\seleniumhq\selenium\selenium-chrome-driver\4.7.0\selenium-chrome-driver-4.7.0.jar;C:\Users\BaoLuan\.m2\repository\com\google\auto\service\auto-service-annotations\1.0.1\auto-service-annotations-1.0.1.jar;C:\Users\BaoLuan\.m2\repository\com\google\auto\service\auto-service\1.0.1\auto-service-1.0.1.jar;C:\Users\BaoLuan\.m2\repository\com\google\auto\auto-common\1.2\auto-common-1.2.jar;C:\Users\BaoLuan\.m2\repository\com\google\guava\guava\31.1-jre\guava-31.1-jre.jar;C:\Users\BaoLuan\.m2\repository\com\google\guava\failureaccess\1.0.1\failureaccess-1.0.1.jar;C:\Users\BaoLuan\.m2\repository\com\google\guava\listenablefuture\9999.0-empty-to-avoid-conflict-with-guava\listenablefuture-9999.0-empty-to-avoid-conflict-with-guava.jar;C:\Users\BaoLuan\.m2\repository\com\google\code\findbugs\jsr305\3.0.2\jsr305-3.0.2.jar;C:\Users\BaoLuan\.m2\repository\org\checkerframework\checker-qual\3.12.0\checker-qual-3.12.0.jar;C:\Users\BaoLuan\.m2\repository\com\google\errorprone\error_prone_annotations\2.11.0\error_prone_annotations-2.11.0.jar;C:\Users\BaoLuan\.m2\repository\com\google\j2objc\j2objc-annotations\1.3\j2objc-annotations-1.3.jar;C:\Users\BaoLuan\.m2\repository\org\seleniumhq\selenium\selenium-chromium-driver\4.7.0\selenium-chromium-driver-4.7.0.jar;C:\Users\BaoLuan\.m2\repository\org\seleniumhq\selenium\selenium-json\4.7.0\selenium-json-4.7.0.jar;C:\Users\BaoLuan\.m2\repository\org\seleniumhq\selenium\selenium-devtools-v106\4.7.0\selenium-devtools-v106-4.7.0.jar;C:\Users\BaoLuan\.m2\repository\org\seleniumhq\selenium\selenium-devtools-v107\4.7.0\selenium-devtools-v107-4.7.0.jar;C:\Users\BaoLuan\.m2\repository\org\seleniumhq\selenium\selenium-devtools-v108\4.7.0\seleni
Launcher Type: SUN_STANDARD

Environment Variables:
JAVA_HOME=C:\Program Files\Java\jdk1.8.0_351
PATH=C:\Program Files (x86)\Common Files\Oracle\Java\javapath;D:\Programs\VMware\VMware Workstation\bin\;C:\Windows\system32;C:\Windows;C:\Windows\System32\Wbem;C:\Windows\System32\WindowsPowerShell\v1.0\;C:\Windows\System32\OpenSSH\;C:\Program Files (x86)\NVIDIA Corporation\PhysX\Common;C:\Program Files\NVIDIA Corporation\NVIDIA NvDLISR;C:\WINDOWS\system32;C:\WINDOWS;C:\WINDOWS\System32\Wbem;C:\WINDOWS\System32\WindowsPowerShell\v1.0\;C:\WINDOWS\System32\OpenSSH\;D:\Programs\Microsoft SQL Server\Client SDK\ODBC\170\Tools\Binn\;D:\Programs (x86)\Microsoft SQL Server\150\Tools\Binn\;D:\Programs\Microsoft SQL Server\150\Tools\Binn\;D:\Programs\Microsoft SQL Server\150\DTS\Binn\;D:\Programs (x86)\Microsoft SQL Server\150\DTS\Binn\;C:\Program Files\Azure Data Studio\bin;D:\Programs\nodejs\;C:\ProgramData\chocolatey\bin;D:\Programs\xampp\php;D:\Programs\composer;D:\Programs\Git\cmd;C:\Program Files\dotnet\;C:\Users\BaoLuan\AppData\Local\Microsoft\WindowsApps;D:\Programs\Microsoft VS Code\bin;C:\Users\BaoLuan\AppData\Roaming\npm;C:\Users\BaoLuan\AppData\Roaming\Composer\vendor\bin;D:\Programs\JetBrains\IntelliJ IDEA 2022.2.3\bin;C:\Users\BaoLuan\AppData\Local\GitHubDesktop\bin;C:\Users\BaoLuan\.dotnet\tools
USERNAME=baoluan
OS=Windows_NT
PROCESSOR_IDENTIFIER=AMD64 Family 25 Model 68 Stepping 1, AuthenticAMD



---------------  S Y S T E M  ---------------

OS: Windows 11 , 64 bit Build 22621 (10.0.22621.755)

CPU:total 16 (initial active 16) (16 cores per cpu, 1 threads per core) family 25 model 68 stepping 1, cmov, cx8, fxsr, mmx, sse, sse2, sse3, ssse3, sse4.1, sse4.2, popcnt, avx, avx2, aes, clmul, mmxext, 3dnowpref, lzcnt, sse4a, tsc, tscinvbit, tscinv, bmi1

Memory: 4k page, physical 7599008k(862712k free), swap 30667680k(1376k free)

vm_info: Java HotSpot(TM) 64-Bit Server VM (25.351-b10) for windows-amd64 JRE (1.8.0_351-b10), built on Sep 15 2022 02:58:06 by "java_re" with MS VC++ 15.9 (VS2017)

time: Wed Dec  7 14:52:20 2022
timezone: SE Asia Standard Time
elapsed time: 0.047510 seconds (0d 0h 0m 0s)

