#
# There is insufficient memory for the Java Runtime Environment to continue.
# Native memory allocation (malloc) failed to allocate 1048576 bytes for AllocateHeap
# Possible reasons:
#   The system is out of physical RAM or swap space
#   The process is running with CompressedOops enabled, and the Java Heap may be blocking the growth of the native heap
# Possible solutions:
#   Reduce memory load on the system
#   Increase physical memory or swap space
#   Check if swap backing store is full
#   Decrease Java heap size (-Xmx/-Xms)
#   Decrease number of Java threads
#   Decrease Java thread stack sizes (-Xss)
#   Set larger code cache with -XX:ReservedCodeCacheSize=
#   JVM is running with Unscaled Compressed Oops mode in which the Java heap is
#     placed in the first 4GB address space. The Java Heap base address is the
#     maximum limit for the native heap growth. Please use -XX:HeapBaseMinAddress
#     to set the Java Heap base and to place the Java Heap above 4GB virtual address.
# This output file may be truncated or incomplete.
#
#  Out of Memory Error (memory/allocation.inline.hpp:61), pid=48548, tid=0x000000000000ca1c
#
# JRE version:  (8.0_351-b10) (build )
# Java VM: Java HotSpot(TM) 64-Bit Server VM (25.351-b10 mixed mode windows-amd64 compressed oops)
# Failed to write core dump. Minidumps are not enabled by default on client versions of Windows
#

---------------  T H R E A D  ---------------

Current thread (0x00000196408f7800):  JavaThread "Unknown thread" [_thread_in_vm, id=51740, stack(0x00000092d7200000,0x00000092d7300000)]

Stack: [0x00000092d7200000,0x00000092d7300000]
Native frames: (J=compiled Java code, j=interpreted, Vv=VM code, C=native code)
V  [jvm.dll+0x3300b9]
V  [jvm.dll+0x276632]
V  [jvm.dll+0x2772dd]
V  [jvm.dll+0x26dc85]
V  [jvm.dll+0x509d]
V  [jvm.dll+0x3d4793]
V  [jvm.dll+0x3d51a8]
V  [jvm.dll+0xfd01f]
V  [jvm.dll+0x20af3b]
V  [jvm.dll+0x239a77]
V  [jvm.dll+0x162b46]
C  [java.exe+0x2312]
C  [java.exe+0x15f54]
C  [KERNEL32.DLL+0x1244d]
C  [ntdll.dll+0x5dfb8]


---------------  P R O C E S S  ---------------

Java Threads: ( => current thread )

Other Threads:

=>0x00000196408f7800 (exited) JavaThread "Unknown thread" [_thread_in_vm, id=51740, stack(0x00000092d7200000,0x00000092d7300000)]

VM state:not at safepoint (normal execution)

VM Mutex/Monitor currently owned by a thread: None

heap address: 0x000000008c000000, size: 1856 MB, Compressed Oops mode: 32-bit
Narrow klass base: 0x0000000000000000, Narrow klass shift: 3
Compressed class space size: 1073741824 Address: 0x0000000100000000

Heap:
 PSYoungGen      total 34816K, used 604K [0x00000000d9580000, 0x00000000dbc00000, 0x0000000100000000)
  eden space 30208K, 2% used [0x00000000d9580000,0x00000000d96170b0,0x00000000db300000)
  from space 4608K, 0% used [0x00000000db780000,0x00000000db780000,0x00000000dbc00000)
  to   space 4608K, 0% used [0x00000000db300000,0x00000000db300000,0x00000000db780000)
 ParOldGen       total 79360K, used 0K [0x000000008c000000, 0x0000000090d80000, 0x00000000d9580000)
  object space 79360K, 0% used [0x000000008c000000,0x000000008c000000,0x0000000090d80000)
 Metaspace       used 775K, capacity 4480K, committed 4480K, reserved 1056768K
  class space    used 76K, capacity 384K, committed 384K, reserved 1048576K

Card table byte_map: [0x00000196516b0000,0x0000019651a60000] byte_map_base: 0x0000019651250000

Marking Bits: (ParMarkBitMap*) 0x00000000558f8fd0
 Begin Bits: [0x0000019651cd0000, 0x00000196539d0000)
 End Bits:   [0x00000196539d0000, 0x00000196556d0000)

Polling page: 0x0000019640ab0000

CodeCache: size=245760Kb used=328Kb max_used=328Kb free=245431Kb
 bounds [0x00000196422f0000, 0x0000019642560000, 0x00000196512f0000]
 total_blobs=57 nmethods=0 adapters=38
 compilation: enabled

Compilation events (0 events):
No events

GC Heap History (0 events):
No events

Deoptimization events (0 events):
No events

Classes redefined (0 events):
No events

Internal exceptions (0 events):
No events

Events (10 events):
Event: 0.017 loading class java/lang/Short
Event: 0.017 loading class java/lang/Short done
Event: 0.017 loading class java/lang/Integer
Event: 0.017 loading class java/lang/Integer done
Event: 0.017 loading class java/lang/Long
Event: 0.017 loading class java/lang/Long done
Event: 0.018 loading class java/lang/NullPointerException
Event: 0.018 loading class java/lang/NullPointerException done
Event: 0.018 loading class java/lang/ArithmeticException
Event: 0.018 loading class java/lang/ArithmeticException done


Dynamic libraries:
0x00007ff619570000 - 0x00007ff6195b7000 	C:\Program Files\Java\jdk1.8.0_351\bin\java.exe
0x00007ffc54c50000 - 0x00007ffc54e64000 	C:\WINDOWS\SYSTEM32\ntdll.dll
0x00007ffc54620000 - 0x00007ffc546e2000 	C:\WINDOWS\System32\KERNEL32.DLL
0x00007ffc52080000 - 0x00007ffc5241d000 	C:\WINDOWS\System32\KERNELBASE.dll
0x00007ffc54ae0000 - 0x00007ffc54b8e000 	C:\WINDOWS\System32\ADVAPI32.dll
0x00007ffc537e0000 - 0x00007ffc53887000 	C:\WINDOWS\System32\msvcrt.dll
0x00007ffc54570000 - 0x00007ffc54614000 	C:\WINDOWS\System32\sechost.dll
0x00007ffc53b90000 - 0x00007ffc53ca5000 	C:\WINDOWS\System32\RPCRT4.dll
0x00007ffc53040000 - 0x00007ffc531ea000 	C:\WINDOWS\System32\USER32.dll
0x00007ffc52750000 - 0x00007ffc52776000 	C:\WINDOWS\System32\win32u.dll
0x00007ffc532b0000 - 0x00007ffc532d9000 	C:\WINDOWS\System32\GDI32.dll
0x00007ffc52540000 - 0x00007ffc52652000 	C:\WINDOWS\System32\gdi32full.dll
0x00007ffc528f0000 - 0x00007ffc5298a000 	C:\WINDOWS\System32\msvcp_win.dll
0x00007ffc52420000 - 0x00007ffc52531000 	C:\WINDOWS\System32\ucrtbase.dll
0x00007ffc414d0000 - 0x00007ffc4175e000 	C:\WINDOWS\WinSxS\amd64_microsoft.windows.common-controls_6595b64144ccf1df_6.0.22621.608_none_a9444ca7c10bb01d\COMCTL32.dll
0x00007ffc53a30000 - 0x00007ffc53a62000 	C:\WINDOWS\System32\IMM32.DLL
0x00007ffbb3290000 - 0x00007ffbb32a5000 	C:\Program Files\Java\jdk1.8.0_351\jre\bin\vcruntime140.dll
0x00007ffbb25a0000 - 0x00007ffbb263b000 	C:\Program Files\Java\jdk1.8.0_351\jre\bin\msvcp140.dll
0x0000000055110000 - 0x0000000055971000 	C:\Program Files\Java\jdk1.8.0_351\jre\bin\server\jvm.dll
0x00007ffc52b20000 - 0x00007ffc52b28000 	C:\WINDOWS\System32\PSAPI.DLL
0x00007ffc4ab60000 - 0x00007ffc4ab94000 	C:\WINDOWS\SYSTEM32\WINMM.dll
0x00007ffc38fd0000 - 0x00007ffc38fd9000 	C:\WINDOWS\SYSTEM32\WSOCK32.dll
0x00007ffc49090000 - 0x00007ffc4909a000 	C:\WINDOWS\SYSTEM32\VERSION.dll
0x00007ffc53760000 - 0x00007ffc537d1000 	C:\WINDOWS\System32\WS2_32.dll
0x00007ffc510c0000 - 0x00007ffc510d8000 	C:\WINDOWS\SYSTEM32\kernel.appcore.dll
0x00007ffbb3240000 - 0x00007ffbb3250000 	C:\Program Files\Java\jdk1.8.0_351\jre\bin\verify.dll
0x00007ffbb3210000 - 0x00007ffbb323b000 	C:\Program Files\Java\jdk1.8.0_351\jre\bin\java.dll
0x00007ffbb31f0000 - 0x00007ffbb3208000 	C:\Program Files\Java\jdk1.8.0_351\jre\bin\zip.dll
0x00007ffc476f0000 - 0x00007ffc4791e000 	C:\WINDOWS\SYSTEM32\dbghelp.dll
0x00007ffc54750000 - 0x00007ffc54ada000 	C:\WINDOWS\System32\combase.dll
0x00007ffc54490000 - 0x00007ffc54567000 	C:\WINDOWS\System32\OLEAUT32.dll
0x00007ffc526d0000 - 0x00007ffc5274b000 	C:\WINDOWS\System32\bcryptPrimitives.dll

VM Arguments:
jvm_args: -Dclassworlds.conf=D:\Programs\NetBeans-15\netbeans\java\maven\bin\m2.conf -Dmaven.home=D:\Programs\NetBeans-15\netbeans\java\maven -Dlibrary.jansi.path=D:\Programs\NetBeans-15\netbeans\java\maven\lib\jansi-native -Dmaven.multiModuleProjectDirectory=D:\Files\BaoLuan\MyWork\LTM_Project 
java_command: org.codehaus.plexus.classworlds.launcher.Launcher -Dexec.vmArgs= -Dexec.args=${exec.vmArgs} -classpath %classpath ${exec.mainClass} ${exec.appArgs} -Dexec.executable=C:\Program Files\Java\jdk1.8.0_351\bin\java.exe -Dexec.mainClass=group15.ltm_project.Client.Client -Dexec.classpathScope=runtime -Dexec.appArgs= -Dmaven.ext.class.path=D:\Programs\NetBeans-15\netbeans\java\maven-nblib\netbeans-eventspy.jar org.codehaus.mojo:exec-maven-plugin:3.0.0:exec
java_class_path (initial): D:\Programs\NetBeans-15\netbeans\java\maven\boot\plexus-classworlds-2.6.0.jar
Launcher Type: SUN_STANDARD

Environment Variables:
JAVA_HOME=C:\Program Files\Java\jdk1.8.0_351
PATH=C:\Program Files (x86)\Common Files\Oracle\Java\javapath;D:\Programs\VMware\VMware Workstation\bin\;C:\Windows\system32;C:\Windows;C:\Windows\System32\Wbem;C:\Windows\System32\WindowsPowerShell\v1.0\;C:\Windows\System32\OpenSSH\;C:\Program Files (x86)\NVIDIA Corporation\PhysX\Common;C:\Program Files\NVIDIA Corporation\NVIDIA NvDLISR;C:\WINDOWS\system32;C:\WINDOWS;C:\WINDOWS\System32\Wbem;C:\WINDOWS\System32\WindowsPowerShell\v1.0\;C:\WINDOWS\System32\OpenSSH\;D:\Programs\Microsoft SQL Server\Client SDK\ODBC\170\Tools\Binn\;D:\Programs (x86)\Microsoft SQL Server\150\Tools\Binn\;D:\Programs\Microsoft SQL Server\150\Tools\Binn\;D:\Programs\Microsoft SQL Server\150\DTS\Binn\;D:\Programs (x86)\Microsoft SQL Server\150\DTS\Binn\;C:\Program Files\Azure Data Studio\bin;D:\Programs\nodejs\;C:\ProgramData\chocolatey\bin;D:\Programs\xampp\php;D:\Programs\composer;D:\Programs\Git\cmd;C:\Program Files\dotnet\;C:\Users\BaoLuan\AppData\Local\Microsoft\WindowsApps;C:\Program Files\Azure Data Studio\bin;D:\Programs\Microsoft VS Code\bin;C:\Users\BaoLuan\AppData\Roaming\npm;C:\Users\BaoLuan\AppData\Roaming\Composer\vendor\bin;D:\Programs\JetBrains\IntelliJ IDEA 2022.2.3\bin;;C:\Users\BaoLuan\AppData\Local\GitHubDesktop\bin;C:\Users\BaoLuan\.dotnet\tools
USERNAME=baoluan
OS=Windows_NT
PROCESSOR_IDENTIFIER=AMD64 Family 25 Model 68 Stepping 1, AuthenticAMD



---------------  S Y S T E M  ---------------

OS: Windows 11 , 64 bit Build 22621 (10.0.22621.755)

CPU:total 16 (initial active 16) (16 cores per cpu, 1 threads per core) family 25 model 68 stepping 1, cmov, cx8, fxsr, mmx, sse, sse2, sse3, ssse3, sse4.1, sse4.2, popcnt, avx, avx2, aes, clmul, mmxext, 3dnowpref, lzcnt, sse4a, tsc, tscinvbit, tscinv, bmi1

Memory: 4k page, physical 7599008k(320016k free), swap 30667680k(7740k free)

vm_info: Java HotSpot(TM) 64-Bit Server VM (25.351-b10) for windows-amd64 JRE (1.8.0_351-b10), built on Sep 15 2022 02:58:06 by "java_re" with MS VC++ 15.9 (VS2017)

time: Wed Dec  7 19:48:06 2022
timezone: SE Asia Standard Time
elapsed time: 0.059102 seconds (0d 0h 0m 0s)

