#
# There is insufficient memory for the Java Runtime Environment to continue.
# Native memory allocation (malloc) failed to allocate 254656 bytes for Chunk::new
# Possible reasons:
#   The system is out of physical RAM or swap space
#   The process is running with CompressedOops enabled, and the Java Heap may be blocking the growth of the native heap
# Possible solutions:
#   Reduce memory load on the system
#   Increase physical memory or swap space
#   Check if swap backing store is full
#   Decrease Java heap size (-Xmx/-Xms)
#   Decrease number of Java threads
#   Decrease Java thread stack sizes (-Xss)
#   Set larger code cache with -XX:ReservedCodeCacheSize=
#   JVM is running with Unscaled Compressed Oops mode in which the Java heap is
#     placed in the first 4GB address space. The Java Heap base address is the
#     maximum limit for the native heap growth. Please use -XX:HeapBaseMinAddress
#     to set the Java Heap base and to place the Java Heap above 4GB virtual address.
# This output file may be truncated or incomplete.
#
#  Out of Memory Error (allocation.cpp:389), pid=45736, tid=0x000000000000eaec
#
# JRE version: Java(TM) SE Runtime Environment (8.0_351-b10) (build 1.8.0_351-b10)
# Java VM: Java HotSpot(TM) 64-Bit Server VM (25.351-b10 mixed mode windows-amd64 compressed oops)
# Failed to write core dump. Minidumps are not enabled by default on client versions of Windows
#

---------------  T H R E A D  ---------------

Current thread (0x000001723e330000):  JavaThread "C2 CompilerThread6" daemon [_thread_in_native, id=60140, stack(0x00000064bd200000,0x00000064bd300000)]

Stack: [0x00000064bd200000,0x00000064bd300000]
Native frames: (J=compiled Java code, j=interpreted, Vv=VM code, C=native code)
V  [jvm.dll+0x3300b9]


Current CompileTask:
C2:    322  599       4       java.io.Reader::read (21 bytes)


---------------  P R O C E S S  ---------------

Java Threads: ( => current thread )
  0x000001723e3e1800 JavaThread "Service Thread" daemon [_thread_blocked, id=38824, stack(0x00000064bd800000,0x00000064bd900000)]
  0x000001723e344800 JavaThread "C1 CompilerThread11" daemon [_thread_blocked, id=61768, stack(0x00000064bd700000,0x00000064bd800000)]
  0x000001723e343800 JavaThread "C1 CompilerThread10" daemon [_thread_blocked, id=51180, stack(0x00000064bd600000,0x00000064bd700000)]
  0x000001723e349800 JavaThread "C1 CompilerThread9" daemon [_thread_blocked, id=59540, stack(0x00000064bd500000,0x00000064bd600000)]
  0x000001723e335000 JavaThread "C1 CompilerThread8" daemon [_thread_blocked, id=49676, stack(0x00000064bd400000,0x00000064bd500000)]
  0x000001723e332000 JavaThread "C2 CompilerThread7" daemon [_thread_in_native, id=60780, stack(0x00000064bd300000,0x00000064bd400000)]
=>0x000001723e330000 JavaThread "C2 CompilerThread6" daemon [_thread_in_native, id=60140, stack(0x00000064bd200000,0x00000064bd300000)]
  0x000001723e32a800 JavaThread "C2 CompilerThread5" daemon [_thread_in_native, id=43588, stack(0x00000064bd100000,0x00000064bd200000)]
  0x000001723e325800 JavaThread "C2 CompilerThread4" daemon [_thread_in_native, id=58912, stack(0x00000064bd000000,0x00000064bd100000)]
  0x000001723e320000 JavaThread "C2 CompilerThread3" daemon [_thread_in_native, id=49868, stack(0x00000064bcf00000,0x00000064bd000000)]
  0x000001723e31e000 JavaThread "C2 CompilerThread2" daemon [_thread_in_native, id=21072, stack(0x00000064bce00000,0x00000064bcf00000)]
  0x000001723e31d800 JavaThread "C2 CompilerThread1" daemon [_thread_in_native, id=12404, stack(0x00000064bcd00000,0x00000064bce00000)]
  0x000001723e319800 JavaThread "C2 CompilerThread0" daemon [_thread_in_native, id=52620, stack(0x00000064bcc00000,0x00000064bcd00000)]
  0x000001723e319000 JavaThread "Attach Listener" daemon [_thread_blocked, id=53360, stack(0x00000064bcb00000,0x00000064bcc00000)]
  0x000001723e316000 JavaThread "Signal Dispatcher" daemon [_thread_blocked, id=62360, stack(0x00000064bca00000,0x00000064bcb00000)]
  0x000001723b5f6800 JavaThread "Finalizer" daemon [_thread_blocked, id=58760, stack(0x00000064bc900000,0x00000064bca00000)]
  0x000001723e300800 JavaThread "Reference Handler" daemon [_thread_blocked, id=39600, stack(0x00000064bc800000,0x00000064bc900000)]
  0x0000017225a27800 JavaThread "main" [_thread_in_vm, id=60972, stack(0x00000064bb900000,0x00000064bba00000)]

Other Threads:
  0x000001723b5e7800 VMThread [stack: 0x00000064bc700000,0x00000064bc800000] [id=59472]
  0x000001723e426000 WatcherThread [stack: 0x00000064bd900000,0x00000064bda00000] [id=38516]

VM state:not at safepoint (normal execution)

VM Mutex/Monitor currently owned by a thread: None

heap address: 0x000000008c000000, size: 1856 MB, Compressed Oops mode: 32-bit
Narrow klass base: 0x0000000000000000, Narrow klass shift: 3
Compressed class space size: 1073741824 Address: 0x0000000100000000

Heap:
 PSYoungGen      total 34816K, used 23635K [0x00000000d9580000, 0x00000000dbc00000, 0x0000000100000000)
  eden space 30208K, 78% used [0x00000000d9580000,0x00000000dac94e38,0x00000000db300000)
  from space 4608K, 0% used [0x00000000db780000,0x00000000db780000,0x00000000dbc00000)
  to   space 4608K, 0% used [0x00000000db300000,0x00000000db300000,0x00000000db780000)
 ParOldGen       total 79360K, used 0K [0x000000008c000000, 0x0000000090d80000, 0x00000000d9580000)
  object space 79360K, 0% used [0x000000008c000000,0x000000008c000000,0x0000000090d80000)
 Metaspace       used 7774K, capacity 7900K, committed 7936K, reserved 1058816K
  class space    used 929K, capacity 1016K, committed 1024K, reserved 1048576K

Card table byte_map: [0x0000017236720000,0x0000017236ad0000] byte_map_base: 0x00000172362c0000

Marking Bits: (ParMarkBitMap*) 0x00000000558f8fd0
 Begin Bits: [0x0000017236d40000, 0x0000017238a40000)
 End Bits:   [0x0000017238a40000, 0x000001723a740000)

Polling page: 0x0000017225b00000

CodeCache: size=245760Kb used=4507Kb max_used=4519Kb free=241252Kb
 bounds [0x0000017227360000, 0x00000172277d0000, 0x0000017236360000]
 total_blobs=907 nmethods=608 adapters=210
 compilation: enabled

Compilation events (10 events):
Event: 0.317 Thread 0x000001723e349800  607       1       org.codehaus.plexus.util.xml.pull.MXParser::getEventType (5 bytes)
Event: 0.317 Thread 0x000001723e344800  608       3       org.codehaus.plexus.util.xml.pull.MXParser::getName (84 bytes)
Event: 0.317 Thread 0x000001723e325800 nmethod 606 0x000001722779c4d0 code [0x000001722779c620, 0x000001722779c718]
Event: 0.317 Thread 0x000001723e349800 nmethod 607 0x000001722779e350 code [0x000001722779e4a0, 0x000001722779e5b8]
Event: 0.317 Thread 0x000001723e344800 nmethod 608 0x00000172277a0490 code [0x00000172277a0620, 0x00000172277a0a50]
Event: 0.318 Thread 0x000001723e31e000  609       4       java.nio.Buffer::<init> (121 bytes)
Event: 0.318 Thread 0x000001723e325800  610   !   4       java.nio.charset.CharsetDecoder::decode (287 bytes)
Event: 0.318 Thread 0x000001723e320000  611       4       sun.nio.cs.UTF_8$Decoder::decodeArrayLoop (691 bytes)
Event: 0.319 Thread 0x000001723e31e000 nmethod 609 0x000001722779bfd0 code [0x000001722779c120, 0x000001722779c2d8]
Event: 0.319 Thread 0x000001723e31e000  614       4       sun.nio.cs.StreamDecoder::implRead (243 bytes)

GC Heap History (0 events):
No events

Deoptimization events (2 events):
Event: 0.216 Thread 0x0000017225a27800 Uncommon trap: reason=unstable_if action=reinterpret pc=0x00000172276aec14 method=java.lang.String.indexOf([CII[CIII)I @ 3
Event: 0.305 Thread 0x0000017225a27800 Uncommon trap: reason=unstable_if action=reinterpret pc=0x00000172276cc564 method=org.codehaus.plexus.util.xml.pull.MXParser.more()C @ 8

Classes redefined (0 events):
No events

Internal exceptions (10 events):
Event: 0.103 Thread 0x0000017225a27800 Exception <a 'java/security/PrivilegedActionException'> (0x00000000d9956ba0) thrown at [C:\jenkins\workspace\8-2-build-windows-x64-cygwin\jdk8u351\2908\hotspot\src\share\vm\prims\jvm.cpp, line 1513]
Event: 0.111 Thread 0x0000017225a27800 Exception <a 'java/lang/NullPointerException'> (0x00000000d998d578) thrown at [C:\jenkins\workspace\8-2-build-windows-x64-cygwin\jdk8u351\2908\hotspot\src\share\vm\interpreter\linkResolver.cpp, line 1185]
Event: 0.111 Thread 0x0000017225a27800 Exception <a 'java/lang/NullPointerException'> (0x00000000d998d780) thrown at [C:\jenkins\workspace\8-2-build-windows-x64-cygwin\jdk8u351\2908\hotspot\src\share\vm\interpreter\linkResolver.cpp, line 1185]
Event: 0.111 Thread 0x0000017225a27800 Exception <a 'java/lang/NullPointerException'> (0x00000000d998d988) thrown at [C:\jenkins\workspace\8-2-build-windows-x64-cygwin\jdk8u351\2908\hotspot\src\share\vm\interpreter\linkResolver.cpp, line 1185]
Event: 0.111 Thread 0x0000017225a27800 Exception <a 'java/lang/NullPointerException'> (0x00000000d9996150) thrown at [C:\jenkins\workspace\8-2-build-windows-x64-cygwin\jdk8u351\2908\hotspot\src\share\vm\interpreter\linkResolver.cpp, line 1185]
Event: 0.113 Thread 0x0000017225a27800 Exception <a 'java/lang/NullPointerException'> (0x00000000d99aed00) thrown at [C:\jenkins\workspace\8-2-build-windows-x64-cygwin\jdk8u351\2908\hotspot\src\share\vm\interpreter\linkResolver.cpp, line 1185]
Event: 0.113 Thread 0x0000017225a27800 Exception <a 'java/lang/NullPointerException'> (0x00000000d99aef08) thrown at [C:\jenkins\workspace\8-2-build-windows-x64-cygwin\jdk8u351\2908\hotspot\src\share\vm\interpreter\linkResolver.cpp, line 1185]
Event: 0.113 Thread 0x0000017225a27800 Exception <a 'java/lang/NullPointerException'> (0x00000000d99af110) thrown at [C:\jenkins\workspace\8-2-build-windows-x64-cygwin\jdk8u351\2908\hotspot\src\share\vm\interpreter\linkResolver.cpp, line 1185]
Event: 0.113 Thread 0x0000017225a27800 Exception <a 'java/lang/NullPointerException'> (0x00000000d99af318) thrown at [C:\jenkins\workspace\8-2-build-windows-x64-cygwin\jdk8u351\2908\hotspot\src\share\vm\interpreter\linkResolver.cpp, line 1185]
Event: 0.302 Thread 0x0000017225a27800 Exception <a 'java/lang/NoClassDefFoundError': javax/enterprise/inject/Typed> (0x00000000da9c66b8) thrown at [C:\jenkins\workspace\8-2-build-windows-x64-cygwin\jdk8u351\2908\hotspot\src\share\vm\classfile\systemDictionary.cpp, line 201]

Events (10 events):
Event: 0.316 loading class org/apache/maven/artifact/resolver/ArtifactCollector
Event: 0.316 loading class org/apache/maven/artifact/resolver/ArtifactCollector done
Event: 0.316 loading class org/apache/maven/artifact/resolver/ArtifactCollector
Event: 0.316 loading class org/apache/maven/artifact/resolver/ArtifactCollector done
Event: 0.316 loading class org/apache/maven/repository/legacy/resolver/LegacyArtifactCollector
Event: 0.316 loading class org/apache/maven/repository/legacy/resolver/LegacyArtifactCollector done
Event: 0.317 loading class org/apache/maven/artifact/resolver/ArtifactResolver
Event: 0.317 loading class org/apache/maven/artifact/resolver/ArtifactResolver done
Event: 0.317 loading class org/apache/maven/artifact/resolver/ArtifactResolver
Event: 0.317 loading class org/apache/maven/artifact/resolver/ArtifactResolver done


Dynamic libraries:
0x00007ff619570000 - 0x00007ff6195b7000 	C:\Program Files\Java\jdk1.8.0_351\bin\java.exe
0x00007ffc54c50000 - 0x00007ffc54e64000 	C:\WINDOWS\SYSTEM32\ntdll.dll
0x00007ffc54620000 - 0x00007ffc546e2000 	C:\WINDOWS\System32\KERNEL32.DLL
0x00007ffc52080000 - 0x00007ffc5241d000 	C:\WINDOWS\System32\KERNELBASE.dll
0x00007ffc54ae0000 - 0x00007ffc54b8e000 	C:\WINDOWS\System32\ADVAPI32.dll
0x00007ffc537e0000 - 0x00007ffc53887000 	C:\WINDOWS\System32\msvcrt.dll
0x00007ffc54570000 - 0x00007ffc54614000 	C:\WINDOWS\System32\sechost.dll
0x00007ffc53b90000 - 0x00007ffc53ca5000 	C:\WINDOWS\System32\RPCRT4.dll
0x00007ffc53040000 - 0x00007ffc531ea000 	C:\WINDOWS\System32\USER32.dll
0x00007ffc52750000 - 0x00007ffc52776000 	C:\WINDOWS\System32\win32u.dll
0x00007ffc532b0000 - 0x00007ffc532d9000 	C:\WINDOWS\System32\GDI32.dll
0x00007ffc52540000 - 0x00007ffc52652000 	C:\WINDOWS\System32\gdi32full.dll
0x00007ffc528f0000 - 0x00007ffc5298a000 	C:\WINDOWS\System32\msvcp_win.dll
0x00007ffc52420000 - 0x00007ffc52531000 	C:\WINDOWS\System32\ucrtbase.dll
0x00007ffc414d0000 - 0x00007ffc4175e000 	C:\WINDOWS\WinSxS\amd64_microsoft.windows.common-controls_6595b64144ccf1df_6.0.22621.608_none_a9444ca7c10bb01d\COMCTL32.dll
0x00007ffc53a30000 - 0x00007ffc53a62000 	C:\WINDOWS\System32\IMM32.DLL
0x00007ffbb3290000 - 0x00007ffbb32a5000 	C:\Program Files\Java\jdk1.8.0_351\jre\bin\vcruntime140.dll
0x00007ffbb25a0000 - 0x00007ffbb263b000 	C:\Program Files\Java\jdk1.8.0_351\jre\bin\msvcp140.dll
0x0000000055110000 - 0x0000000055971000 	C:\Program Files\Java\jdk1.8.0_351\jre\bin\server\jvm.dll
0x00007ffc52b20000 - 0x00007ffc52b28000 	C:\WINDOWS\System32\PSAPI.DLL
0x00007ffc4ab60000 - 0x00007ffc4ab94000 	C:\WINDOWS\SYSTEM32\WINMM.dll
0x00007ffc38fd0000 - 0x00007ffc38fd9000 	C:\WINDOWS\SYSTEM32\WSOCK32.dll
0x00007ffc53760000 - 0x00007ffc537d1000 	C:\WINDOWS\System32\WS2_32.dll
0x00007ffc49090000 - 0x00007ffc4909a000 	C:\WINDOWS\SYSTEM32\VERSION.dll
0x00007ffc510c0000 - 0x00007ffc510d8000 	C:\WINDOWS\SYSTEM32\kernel.appcore.dll
0x00007ffbb3240000 - 0x00007ffbb3250000 	C:\Program Files\Java\jdk1.8.0_351\jre\bin\verify.dll
0x00007ffbb3210000 - 0x00007ffbb323b000 	C:\Program Files\Java\jdk1.8.0_351\jre\bin\java.dll
0x00007ffbb31f0000 - 0x00007ffbb3208000 	C:\Program Files\Java\jdk1.8.0_351\jre\bin\zip.dll
0x00007ffc53cb0000 - 0x00007ffc54490000 	C:\WINDOWS\System32\SHELL32.dll
0x00007ffc50070000 - 0x00007ffc50935000 	C:\WINDOWS\SYSTEM32\windows.storage.dll
0x00007ffc54750000 - 0x00007ffc54ada000 	C:\WINDOWS\System32\combase.dll
0x00007ffc4ff30000 - 0x00007ffc5006e000 	C:\WINDOWS\SYSTEM32\wintypes.dll
0x00007ffc52b30000 - 0x00007ffc52c21000 	C:\WINDOWS\System32\SHCORE.dll
0x00007ffc54bb0000 - 0x00007ffc54c0e000 	C:\WINDOWS\System32\shlwapi.dll
0x00007ffc51fb0000 - 0x00007ffc51fd1000 	C:\WINDOWS\SYSTEM32\profapi.dll
0x0000000069ac0000 - 0x0000000069ae4000 	D:\Programs\NetBeans-15\netbeans\java\maven\lib\jansi-native\Windows\x86_64\jansi.dll

VM Arguments:
jvm_args: -Dclassworlds.conf=D:\Programs\NetBeans-15\netbeans\java\maven\bin\m2.conf -Dmaven.home=D:\Programs\NetBeans-15\netbeans\java\maven -Dlibrary.jansi.path=D:\Programs\NetBeans-15\netbeans\java\maven\lib\jansi-native -Dmaven.multiModuleProjectDirectory=D:\Files\BaoLuan\MyWork\LTM_Project 
java_command: org.codehaus.plexus.classworlds.launcher.Launcher -Dexec.vmArgs= -Dexec.args=${exec.vmArgs} -classpath %classpath ${exec.mainClass} ${exec.appArgs} -Dexec.executable=C:\Program Files\Java\jdk1.8.0_351\bin\java.exe -Dexec.mainClass=group15.ltm_project.Client.Client -Dexec.classpathScope=runtime -Dexec.appArgs= -Dmaven.ext.class.path=D:\Programs\NetBeans-15\netbeans\java\maven-nblib\netbeans-eventspy.jar org.codehaus.mojo:exec-maven-plugin:3.0.0:exec
java_class_path (initial): D:\Programs\NetBeans-15\netbeans\java\maven\boot\plexus-classworlds-2.6.0.jar
Launcher Type: SUN_STANDARD

Environment Variables:
JAVA_HOME=C:\Program Files\Java\jdk1.8.0_351
PATH=C:\Program Files (x86)\Common Files\Oracle\Java\javapath;D:\Programs\VMware\VMware Workstation\bin\;C:\Windows\system32;C:\Windows;C:\Windows\System32\Wbem;C:\Windows\System32\WindowsPowerShell\v1.0\;C:\Windows\System32\OpenSSH\;C:\Program Files (x86)\NVIDIA Corporation\PhysX\Common;C:\Program Files\NVIDIA Corporation\NVIDIA NvDLISR;C:\WINDOWS\system32;C:\WINDOWS;C:\WINDOWS\System32\Wbem;C:\WINDOWS\System32\WindowsPowerShell\v1.0\;C:\WINDOWS\System32\OpenSSH\;D:\Programs\Microsoft SQL Server\Client SDK\ODBC\170\Tools\Binn\;D:\Programs (x86)\Microsoft SQL Server\150\Tools\Binn\;D:\Programs\Microsoft SQL Server\150\Tools\Binn\;D:\Programs\Microsoft SQL Server\150\DTS\Binn\;D:\Programs (x86)\Microsoft SQL Server\150\DTS\Binn\;C:\Program Files\Azure Data Studio\bin;D:\Programs\nodejs\;C:\ProgramData\chocolatey\bin;D:\Programs\xampp\php;D:\Programs\composer;D:\Programs\Git\cmd;C:\Program Files\dotnet\;C:\Users\BaoLuan\AppData\Local\Microsoft\WindowsApps;C:\Program Files\Azure Data Studio\bin;D:\Programs\Microsoft VS Code\bin;C:\Users\BaoLuan\AppData\Roaming\npm;C:\Users\BaoLuan\AppData\Roaming\Composer\vendor\bin;D:\Programs\JetBrains\IntelliJ IDEA 2022.2.3\bin;;C:\Users\BaoLuan\AppData\Local\GitHubDesktop\bin;C:\Users\BaoLuan\.dotnet\tools
USERNAME=baoluan
OS=Windows_NT
PROCESSOR_IDENTIFIER=AMD64 Family 25 Model 68 Stepping 1, AuthenticAMD



---------------  S Y S T E M  ---------------

OS: Windows 11 , 64 bit Build 22621 (10.0.22621.755)

CPU:total 16 (initial active 16) (16 cores per cpu, 1 threads per core) family 25 model 68 stepping 1, cmov, cx8, fxsr, mmx, sse, sse2, sse3, ssse3, sse4.1, sse4.2, popcnt, avx, avx2, aes, clmul, mmxext, 3dnowpref, lzcnt, sse4a, tsc, tscinvbit, tscinv, bmi1

Memory: 4k page, physical 7599008k(483860k free), swap 30667680k(5132k free)

vm_info: Java HotSpot(TM) 64-Bit Server VM (25.351-b10) for windows-amd64 JRE (1.8.0_351-b10), built on Sep 15 2022 02:58:06 by "java_re" with MS VC++ 15.9 (VS2017)

time: Thu Dec  8 13:54:30 2022
timezone: SE Asia Standard Time
elapsed time: 0.327052 seconds (0d 0h 0m 0s)

