#
# There is insufficient memory for the Java Runtime Environment to continue.
# Native memory allocation (malloc) failed to allocate 1349936 bytes for Chunk::new
# Possible reasons:
#   The system is out of physical RAM or swap space
#   The process is running with CompressedOops enabled, and the Java Heap may be blocking the growth of the native heap
# Possible solutions:
#   Reduce memory load on the system
#   Increase physical memory or swap space
#   Check if swap backing store is full
#   Decrease Java heap size (-Xmx/-Xms)
#   Decrease number of Java threads
#   Decrease Java thread stack sizes (-Xss)
#   Set larger code cache with -XX:ReservedCodeCacheSize=
#   JVM is running with Unscaled Compressed Oops mode in which the Java heap is
#     placed in the first 4GB address space. The Java Heap base address is the
#     maximum limit for the native heap growth. Please use -XX:HeapBaseMinAddress
#     to set the Java Heap base and to place the Java Heap above 4GB virtual address.
# This output file may be truncated or incomplete.
#
#  Out of Memory Error (allocation.cpp:389), pid=48696, tid=0x000000000000b6fc
#
# JRE version: Java(TM) SE Runtime Environment (8.0_351-b10) (build 1.8.0_351-b10)
# Java VM: Java HotSpot(TM) 64-Bit Server VM (25.351-b10 mixed mode windows-amd64 compressed oops)
# Failed to write core dump. Minidumps are not enabled by default on client versions of Windows
#

---------------  T H R E A D  ---------------

Current thread (0x0000021a7c93c000):  JavaThread "C2 CompilerThread5" daemon [_thread_in_native, id=46844, stack(0x000000b6a1f00000,0x000000b6a2000000)]

Stack: [0x000000b6a1f00000,0x000000b6a2000000]
Native frames: (J=compiled Java code, j=interpreted, Vv=VM code, C=native code)
V  [jvm.dll+0x3300b9]
V  [jvm.dll+0x276632]
V  [jvm.dll+0x2772dd]
V  [jvm.dll+0x26dc85]
V  [jvm.dll+0xd584c]
V  [jvm.dll+0xd604c]
V  [jvm.dll+0x471a53]
V  [jvm.dll+0x439110]
V  [jvm.dll+0x442115]
V  [jvm.dll+0x4414d5]
V  [jvm.dll+0x42c27b]
V  [jvm.dll+0xac69b]
V  [jvm.dll+0xaacfb]
V  [jvm.dll+0x23ec62]
V  [jvm.dll+0x29330c]
C  [ucrtbase.dll+0x29363]
C  [KERNEL32.DLL+0x1244d]
C  [ntdll.dll+0x5dfb8]


Current CompileTask:
C2:   1618 3099   !   4       java.net.URLClassLoader$1::run (81 bytes)


---------------  P R O C E S S  ---------------

Java Threads: ( => current thread )
  0x0000021a7ea45800 JavaThread "Exec Input Stream Pumper" daemon [_thread_blocked, id=47788, stack(0x000000b6a2a00000,0x000000b6a2b00000)]
  0x0000021a7ea98800 JavaThread "Exec Stream Pumper" daemon [_thread_in_native, id=46152, stack(0x000000b6a2900000,0x000000b6a2a00000)]
  0x0000021a7e7e6800 JavaThread "Exec Stream Pumper" daemon [_thread_in_native, id=44260, stack(0x000000b6a2800000,0x000000b6a2900000)]
  0x0000021a7ca27800 JavaThread "Service Thread" daemon [_thread_blocked, id=36636, stack(0x000000b6a2600000,0x000000b6a2700000)]
  0x0000021a7c97a000 JavaThread "C1 CompilerThread11" daemon [_thread_blocked, id=48848, stack(0x000000b6a2500000,0x000000b6a2600000)]
  0x0000021a7c976000 JavaThread "C1 CompilerThread10" daemon [_thread_blocked, id=48816, stack(0x000000b6a2400000,0x000000b6a2500000)]
  0x0000021a7c977800 JavaThread "C1 CompilerThread9" daemon [_thread_blocked, id=48820, stack(0x000000b6a2300000,0x000000b6a2400000)]
  0x0000021a7c978800 JavaThread "C1 CompilerThread8" daemon [_thread_blocked, id=48824, stack(0x000000b6a2200000,0x000000b6a2300000)]
  0x0000021a7c979000 JavaThread "C2 CompilerThread7" daemon [_thread_blocked, id=16048, stack(0x000000b6a2100000,0x000000b6a2200000)]
  0x0000021a7c96c000 JavaThread "C2 CompilerThread6" daemon [_thread_blocked, id=48416, stack(0x000000b6a2000000,0x000000b6a2100000)]
=>0x0000021a7c93c000 JavaThread "C2 CompilerThread5" daemon [_thread_in_native, id=46844, stack(0x000000b6a1f00000,0x000000b6a2000000)]
  0x0000021a7c93b000 JavaThread "C2 CompilerThread4" daemon [_thread_blocked, id=48496, stack(0x000000b6a1e00000,0x000000b6a1f00000)]
  0x0000021a7c932800 JavaThread "C2 CompilerThread3" daemon [_thread_blocked, id=44608, stack(0x000000b6a1d00000,0x000000b6a1e00000)]
  0x0000021a7c92f800 JavaThread "C2 CompilerThread2" daemon [_thread_in_native, id=46176, stack(0x000000b6a1c00000,0x000000b6a1d00000)]
  0x0000021a7c92e800 JavaThread "C2 CompilerThread1" daemon [_thread_blocked, id=39308, stack(0x000000b6a1b00000,0x000000b6a1c00000)]
  0x0000021a7c92c000 JavaThread "C2 CompilerThread0" daemon [_thread_blocked, id=45724, stack(0x000000b6a1a00000,0x000000b6a1b00000)]
  0x0000021a7c929800 JavaThread "Attach Listener" daemon [_thread_blocked, id=45984, stack(0x000000b6a1900000,0x000000b6a1a00000)]
  0x0000021a7c928800 JavaThread "Signal Dispatcher" daemon [_thread_blocked, id=15028, stack(0x000000b6a1800000,0x000000b6a1900000)]
  0x0000021a79c19800 JavaThread "Finalizer" daemon [_thread_blocked, id=46916, stack(0x000000b6a1700000,0x000000b6a1800000)]
  0x0000021a7c910800 JavaThread "Reference Handler" daemon [_thread_blocked, id=48588, stack(0x000000b6a1600000,0x000000b6a1700000)]
  0x0000021a72de7800 JavaThread "main" [_thread_in_native, id=48888, stack(0x000000b6a0700000,0x000000b6a0800000)]

Other Threads:
  0x0000021a79c09800 VMThread [stack: 0x000000b6a1500000,0x000000b6a1600000] [id=47800]
  0x0000021a7c9d9000 WatcherThread [stack: 0x000000b6a2700000,0x000000b6a2800000] [id=35076]

VM state:not at safepoint (normal execution)

VM Mutex/Monitor currently owned by a thread: None

heap address: 0x000000008c000000, size: 1856 MB, Compressed Oops mode: 32-bit
Narrow klass base: 0x0000000000000000, Narrow klass shift: 3
Compressed class space size: 1073741824 Address: 0x0000000100000000

Heap:
 PSYoungGen      total 65024K, used 48962K [0x00000000d9580000, 0x00000000dd980000, 0x0000000100000000)
  eden space 60416K, 73% used [0x00000000d9580000,0x00000000dc0d8ac0,0x00000000dd080000)
  from space 4608K, 99% used [0x00000000dd500000,0x00000000dd978060,0x00000000dd980000)
  to   space 4608K, 0% used [0x00000000dd080000,0x00000000dd080000,0x00000000dd500000)
 ParOldGen       total 79360K, used 7278K [0x000000008c000000, 0x0000000090d80000, 0x00000000d9580000)
  object space 79360K, 9% used [0x000000008c000000,0x000000008c71b8c8,0x0000000090d80000)
 Metaspace       used 16994K, capacity 17396K, committed 17536K, reserved 1064960K
  class space    used 1995K, capacity 2089K, committed 2176K, reserved 1048576K

Card table byte_map: [0x0000021a74d70000,0x0000021a75120000] byte_map_base: 0x0000021a74910000

Marking Bits: (ParMarkBitMap*) 0x0000000067c08fd0
 Begin Bits: [0x0000021a75390000, 0x0000021a77090000)
 End Bits:   [0x0000021a77090000, 0x0000021a78d90000)

Polling page: 0x0000021a730e0000

CodeCache: size=245760Kb used=12585Kb max_used=12585Kb free=233174Kb
 bounds [0x0000021a00000000, 0x0000021a00c60000, 0x0000021a0f000000]
 total_blobs=3554 nmethods=3206 adapters=258
 compilation: enabled

Compilation events (10 events):
Event: 1.468 Thread 0x0000021a7c978800 3204       3       java.lang.ProcessEnvironment$CheckedEntry::getKey (5 bytes)
Event: 1.468 Thread 0x0000021a7c97a000 3205       3       java.lang.ProcessEnvironment$CheckedEntry::getKey (13 bytes)
Event: 1.468 Thread 0x0000021a7c977800 3206       3       java.lang.ProcessEnvironment$EntryComparator::compare (13 bytes)
Event: 1.468 Thread 0x0000021a7c976000 3207       3       java.lang.ProcessEnvironment$EntryComparator::compare (25 bytes)
Event: 1.468 Thread 0x0000021a7c978800 nmethod 3204 0x0000021a00c4fb90 code [0x0000021a00c4fd00, 0x0000021a00c50070]
Event: 1.468 Thread 0x0000021a7c976000 nmethod 3207 0x0000021a00c4f250 code [0x0000021a00c4f400, 0x0000021a00c4f9d0]
Event: 1.468 Thread 0x0000021a7c977800 nmethod 3206 0x0000021a00c54950 code [0x0000021a00c54b20, 0x0000021a00c553d0]
Event: 1.468 Thread 0x0000021a7c97a000 nmethod 3205 0x0000021a00c4ed10 code [0x0000021a00c4ee80, 0x0000021a00c4f190]
Event: 1.468 Thread 0x0000021a7c977800 3208       3       java.lang.ProcessEnvironment::access$300 (4 bytes)
Event: 1.468 Thread 0x0000021a7c977800 nmethod 3208 0x0000021a00c4ea10 code [0x0000021a00c4eb60, 0x0000021a00c4ec98]

GC Heap History (8 events):
Event: 0.381 GC heap before
{Heap before GC invocations=1 (full 0):
 PSYoungGen      total 34816K, used 30208K [0x00000000d9580000, 0x00000000dbc00000, 0x0000000100000000)
  eden space 30208K, 100% used [0x00000000d9580000,0x00000000db300000,0x00000000db300000)
  from space 4608K, 0% used [0x00000000db780000,0x00000000db780000,0x00000000dbc00000)
  to   space 4608K, 0% used [0x00000000db300000,0x00000000db300000,0x00000000db780000)
 ParOldGen       total 79360K, used 0K [0x000000008c000000, 0x0000000090d80000, 0x00000000d9580000)
  object space 79360K, 0% used [0x000000008c000000,0x000000008c000000,0x0000000090d80000)
 Metaspace       used 8072K, capacity 8252K, committed 8576K, reserved 1056768K
  class space    used 976K, capacity 1048K, committed 1152K, reserved 1048576K
Event: 0.384 GC heap after
Heap after GC invocations=1 (full 0):
 PSYoungGen      total 34816K, used 4601K [0x00000000d9580000, 0x00000000dbc00000, 0x0000000100000000)
  eden space 30208K, 0% used [0x00000000d9580000,0x00000000d9580000,0x00000000db300000)
  from space 4608K, 99% used [0x00000000db300000,0x00000000db77e478,0x00000000db780000)
  to   space 4608K, 0% used [0x00000000db780000,0x00000000db780000,0x00000000dbc00000)
 ParOldGen       total 79360K, used 579K [0x000000008c000000, 0x0000000090d80000, 0x00000000d9580000)
  object space 79360K, 0% used [0x000000008c000000,0x000000008c090fe0,0x0000000090d80000)
 Metaspace       used 8072K, capacity 8252K, committed 8576K, reserved 1056768K
  class space    used 976K, capacity 1048K, committed 1152K, reserved 1048576K
}
Event: 0.593 GC heap before
{Heap before GC invocations=2 (full 0):
 PSYoungGen      total 34816K, used 34809K [0x00000000d9580000, 0x00000000dbc00000, 0x0000000100000000)
  eden space 30208K, 100% used [0x00000000d9580000,0x00000000db300000,0x00000000db300000)
  from space 4608K, 99% used [0x00000000db300000,0x00000000db77e478,0x00000000db780000)
  to   space 4608K, 0% used [0x00000000db780000,0x00000000db780000,0x00000000dbc00000)
 ParOldGen       total 79360K, used 579K [0x000000008c000000, 0x0000000090d80000, 0x00000000d9580000)
  object space 79360K, 0% used [0x000000008c000000,0x000000008c090fe0,0x0000000090d80000)
 Metaspace       used 11199K, capacity 11382K, committed 11520K, reserved 1058816K
  class space    used 1375K, capacity 1446K, committed 1536K, reserved 1048576K
Event: 0.597 GC heap after
Heap after GC invocations=2 (full 0):
 PSYoungGen      total 34816K, used 4593K [0x00000000d9580000, 0x00000000dd980000, 0x0000000100000000)
  eden space 30208K, 0% used [0x00000000d9580000,0x00000000d9580000,0x00000000db300000)
  from space 4608K, 99% used [0x00000000db780000,0x00000000dbbfc6e0,0x00000000dbc00000)
  to   space 4608K, 0% used [0x00000000db300000,0x00000000db300000,0x00000000db780000)
 ParOldGen       total 79360K, used 2931K [0x000000008c000000, 0x0000000090d80000, 0x00000000d9580000)
  object space 79360K, 3% used [0x000000008c000000,0x000000008c2dcfb8,0x0000000090d80000)
 Metaspace       used 11199K, capacity 11382K, committed 11520K, reserved 1058816K
  class space    used 1375K, capacity 1446K, committed 1536K, reserved 1048576K
}
Event: 0.927 GC heap before
{Heap before GC invocations=3 (full 0):
 PSYoungGen      total 34816K, used 34801K [0x00000000d9580000, 0x00000000dd980000, 0x0000000100000000)
  eden space 30208K, 100% used [0x00000000d9580000,0x00000000db300000,0x00000000db300000)
  from space 4608K, 99% used [0x00000000db780000,0x00000000dbbfc6e0,0x00000000dbc00000)
  to   space 4608K, 0% used [0x00000000db300000,0x00000000db300000,0x00000000db780000)
 ParOldGen       total 79360K, used 2931K [0x000000008c000000, 0x0000000090d80000, 0x00000000d9580000)
  object space 79360K, 3% used [0x000000008c000000,0x000000008c2dcfb8,0x0000000090d80000)
 Metaspace       used 15182K, capacity 15410K, committed 15616K, reserved 1062912K
  class space    used 1848K, capacity 1944K, committed 2048K, reserved 1048576K
Event: 0.932 GC heap after
Heap after GC invocations=3 (full 0):
 PSYoungGen      total 34816K, used 4592K [0x00000000d9580000, 0x00000000dd980000, 0x0000000100000000)
  eden space 30208K, 0% used [0x00000000d9580000,0x00000000d9580000,0x00000000db300000)
  from space 4608K, 99% used [0x00000000db300000,0x00000000db77c030,0x00000000db780000)
  to   space 4608K, 0% used [0x00000000dd500000,0x00000000dd500000,0x00000000dd980000)
 ParOldGen       total 79360K, used 5638K [0x000000008c000000, 0x0000000090d80000, 0x00000000d9580000)
  object space 79360K, 7% used [0x000000008c000000,0x000000008c5818a8,0x0000000090d80000)
 Metaspace       used 15182K, capacity 15410K, committed 15616K, reserved 1062912K
  class space    used 1848K, capacity 1944K, committed 2048K, reserved 1048576K
}
Event: 1.116 GC heap before
{Heap before GC invocations=4 (full 0):
 PSYoungGen      total 34816K, used 34800K [0x00000000d9580000, 0x00000000dd980000, 0x0000000100000000)
  eden space 30208K, 100% used [0x00000000d9580000,0x00000000db300000,0x00000000db300000)
  from space 4608K, 99% used [0x00000000db300000,0x00000000db77c030,0x00000000db780000)
  to   space 4608K, 0% used [0x00000000dd500000,0x00000000dd500000,0x00000000dd980000)
 ParOldGen       total 79360K, used 5638K [0x000000008c000000, 0x0000000090d80000, 0x00000000d9580000)
  object space 79360K, 7% used [0x000000008c000000,0x000000008c5818a8,0x0000000090d80000)
 Metaspace       used 15542K, capacity 15848K, committed 16128K, reserved 1062912K
  class space    used 1854K, capacity 1953K, committed 2048K, reserved 1048576K
Event: 1.121 GC heap after
Heap after GC invocations=4 (full 0):
 PSYoungGen      total 65024K, used 4576K [0x00000000d9580000, 0x00000000dd980000, 0x0000000100000000)
  eden space 60416K, 0% used [0x00000000d9580000,0x00000000d9580000,0x00000000dd080000)
  from space 4608K, 99% used [0x00000000dd500000,0x00000000dd978060,0x00000000dd980000)
  to   space 4608K, 0% used [0x00000000dd080000,0x00000000dd080000,0x00000000dd500000)
 ParOldGen       total 79360K, used 7278K [0x000000008c000000, 0x0000000090d80000, 0x00000000d9580000)
  object space 79360K, 9% used [0x000000008c000000,0x000000008c71b8c8,0x0000000090d80000)
 Metaspace       used 15542K, capacity 15848K, committed 16128K, reserved 1062912K
  class space    used 1854K, capacity 1953K, committed 2048K, reserved 1048576K
}

Deoptimization events (10 events):
Event: 1.425 Thread 0x0000021a72de7800 Uncommon trap: reason=array_check action=maybe_recompile pc=0x0000021a00c1ffec method=java.util.TimSort.binarySort([Ljava/lang/Object;IIILjava/util/Comparator;)V @ 183
Event: 1.425 Thread 0x0000021a72de7800 Uncommon trap: reason=array_check action=maybe_recompile pc=0x0000021a00c1ff24 method=java.util.TimSort.binarySort([Ljava/lang/Object;IIILjava/util/Comparator;)V @ 193
Event: 1.425 Thread 0x0000021a72de7800 Uncommon trap: reason=array_check action=maybe_recompile pc=0x0000021a00c1ffec method=java.util.TimSort.binarySort([Ljava/lang/Object;IIILjava/util/Comparator;)V @ 183
Event: 1.426 Thread 0x0000021a72de7800 Uncommon trap: reason=array_check action=maybe_recompile pc=0x0000021a00c1ff24 method=java.util.TimSort.binarySort([Ljava/lang/Object;IIILjava/util/Comparator;)V @ 193
Event: 1.429 Thread 0x0000021a72de7800 Uncommon trap: reason=class_check action=maybe_recompile pc=0x0000021a0071dcc8 method=com.google.inject.internal.LinkedBindingImpl.acceptTargetVisitor(Lcom/google/inject/spi/BindingTargetVisitor;)Ljava/lang/Object; @ 2
Event: 1.429 Thread 0x0000021a72de7800 Uncommon trap: reason=class_check action=maybe_recompile pc=0x0000021a0071dcc8 method=com.google.inject.internal.LinkedBindingImpl.acceptTargetVisitor(Lcom/google/inject/spi/BindingTargetVisitor;)Ljava/lang/Object; @ 2
Event: 1.439 Thread 0x0000021a72de7800 Uncommon trap: reason=array_check action=maybe_recompile pc=0x0000021a00c472f4 method=java.util.TimSort.binarySort([Ljava/lang/Object;IIILjava/util/Comparator;)V @ 215
Event: 1.457 Thread 0x0000021a72de7800 Uncommon trap: reason=class_check action=maybe_recompile pc=0x0000021a009c4804 method=org.eclipse.sisu.wire.EntryListAdapter$ValueIterator.hasNext()Z @ 4
Event: 1.457 Thread 0x0000021a72de7800 Uncommon trap: reason=class_check action=maybe_recompile pc=0x0000021a00a03bcc method=org.eclipse.sisu.wire.EntryListAdapter$ValueIterator.next()Ljava/lang/Object; @ 4
Event: 1.457 Thread 0x0000021a72de7800 Uncommon trap: reason=class_check action=maybe_recompile pc=0x0000021a009c4804 method=org.eclipse.sisu.wire.EntryListAdapter$ValueIterator.hasNext()Z @ 4

Classes redefined (0 events):
No events

Internal exceptions (10 events):
Event: 0.902 Thread 0x0000021a72de7800 Implicit null exception at 0x0000021a005af795 to 0x0000021a005af96d
Event: 0.902 Thread 0x0000021a72de7800 Implicit null exception at 0x0000021a004fa42f to 0x0000021a004fa499
Event: 0.956 Thread 0x0000021a72de7800 Implicit null exception at 0x0000021a0086c3b1 to 0x0000021a0086d519
Event: 1.411 Thread 0x0000021a72de7800 Exception <a 'java/lang/NoClassDefFoundError': org/sonatype/aether/collection/DependencyCollectionException> (0x00000000dba9bb10) thrown at [C:\jenkins\workspace\8-2-build-windows-x64-cygwin\jdk8u351\2908\hotspot\src\share\vm\classfile\systemDictionary.cp
Event: 1.412 Thread 0x0000021a72de7800 Exception <a 'java/lang/NoClassDefFoundError': org/sonatype/aether/metadata/Metadata> (0x00000000dbab2238) thrown at [C:\jenkins\workspace\8-2-build-windows-x64-cygwin\jdk8u351\2908\hotspot\src\share\vm\classfile\systemDictionary.cpp, line 201]
Event: 1.413 Thread 0x0000021a72de7800 Exception <a 'java/lang/NoClassDefFoundError': org/sonatype/aether/resolution/ArtifactDescriptorException> (0x00000000dbac1250) thrown at [C:\jenkins\workspace\8-2-build-windows-x64-cygwin\jdk8u351\2908\hotspot\src\share\vm\classfile\systemDictionary.cpp,
Event: 1.422 Thread 0x0000021a72de7800 Exception <a 'java/lang/NoClassDefFoundError': org/sonatype/aether/installation/InstallationException> (0x00000000dbb8e440) thrown at [C:\jenkins\workspace\8-2-build-windows-x64-cygwin\jdk8u351\2908\hotspot\src\share\vm\classfile\systemDictionary.cpp, lin
Event: 1.422 Thread 0x0000021a72de7800 Exception <a 'java/lang/NoClassDefFoundError': org/sonatype/aether/resolution/ArtifactResolutionException> (0x00000000dbba2360) thrown at [C:\jenkins\workspace\8-2-build-windows-x64-cygwin\jdk8u351\2908\hotspot\src\share\vm\classfile\systemDictionary.cpp,
Event: 1.423 Thread 0x0000021a72de7800 Exception <a 'java/lang/NoClassDefFoundError': org/sonatype/aether/deployment/DeploymentException> (0x00000000dbbb1588) thrown at [C:\jenkins\workspace\8-2-build-windows-x64-cygwin\jdk8u351\2908\hotspot\src\share\vm\classfile\systemDictionary.cpp, line 20
Event: 1.425 Thread 0x0000021a72de7800 Exception <a 'java/lang/NoClassDefFoundError': org/sonatype/aether/metadata/Metadata> (0x00000000dbbed918) thrown at [C:\jenkins\workspace\8-2-build-windows-x64-cygwin\jdk8u351\2908\hotspot\src\share\vm\classfile\systemDictionary.cpp, line 201]

Events (10 events):
Event: 1.473 loading class org/apache/commons/exec/InputStreamPumper done
Event: 1.474 loading class java/io/PipedOutputStream
Event: 1.474 loading class java/io/PipedOutputStream done
Event: 1.474 loading class org/apache/commons/exec/StreamPumper
Event: 1.474 loading class org/apache/commons/exec/StreamPumper done
Event: 1.474 loading class org/apache/commons/exec/StreamPumper
Event: 1.474 loading class org/apache/commons/exec/StreamPumper done
Event: 1.474 Thread 0x0000021a7e7e6800 Thread added: 0x0000021a7e7e6800
Event: 1.474 Thread 0x0000021a7ea98800 Thread added: 0x0000021a7ea98800
Event: 1.474 Thread 0x0000021a7ea45800 Thread added: 0x0000021a7ea45800


Dynamic libraries:
0x00007ff73b3d0000 - 0x00007ff73b417000 	C:\Program Files\Java\jdk1.8.0_351\bin\java.exe
0x00007ffd21cf0000 - 0x00007ffd21f04000 	C:\WINDOWS\SYSTEM32\ntdll.dll
0x00007ffd20510000 - 0x00007ffd205d2000 	C:\WINDOWS\System32\KERNEL32.DLL
0x00007ffd1f190000 - 0x00007ffd1f52d000 	C:\WINDOWS\System32\KERNELBASE.dll
0x00007ffd203b0000 - 0x00007ffd2045e000 	C:\WINDOWS\System32\ADVAPI32.dll
0x00007ffd20d50000 - 0x00007ffd20df7000 	C:\WINDOWS\System32\msvcrt.dll
0x00007ffd20300000 - 0x00007ffd203a4000 	C:\WINDOWS\System32\sechost.dll
0x00007ffd206e0000 - 0x00007ffd207f5000 	C:\WINDOWS\System32\RPCRT4.dll
0x00007ffd20ba0000 - 0x00007ffd20d4a000 	C:\WINDOWS\System32\USER32.dll
0x00007ffd1f650000 - 0x00007ffd1f676000 	C:\WINDOWS\System32\win32u.dll
0x00007ffd202d0000 - 0x00007ffd202f9000 	C:\WINDOWS\System32\GDI32.dll
0x00007ffd1f9d0000 - 0x00007ffd1fae2000 	C:\WINDOWS\System32\gdi32full.dll
0x00007ffd1f5b0000 - 0x00007ffd1f64a000 	C:\WINDOWS\System32\msvcp_win.dll
0x00007ffd1f8b0000 - 0x00007ffd1f9c1000 	C:\WINDOWS\System32\ucrtbase.dll
0x00007ffd0d7d0000 - 0x00007ffd0da5e000 	C:\WINDOWS\WinSxS\amd64_microsoft.windows.common-controls_6595b64144ccf1df_6.0.22621.608_none_a9444ca7c10bb01d\COMCTL32.dll
0x00007ffd20e20000 - 0x00007ffd20e52000 	C:\WINDOWS\System32\IMM32.DLL
0x00007ffd1a450000 - 0x00007ffd1a465000 	C:\Program Files\Java\jdk1.8.0_351\jre\bin\vcruntime140.dll
0x00007ffd06140000 - 0x00007ffd061db000 	C:\Program Files\Java\jdk1.8.0_351\jre\bin\msvcp140.dll
0x0000000067420000 - 0x0000000067c81000 	C:\Program Files\Java\jdk1.8.0_351\jre\bin\server\jvm.dll
0x00007ffd20ff0000 - 0x00007ffd20ff8000 	C:\WINDOWS\System32\PSAPI.DLL
0x00007ffd03fe0000 - 0x00007ffd03fe9000 	C:\WINDOWS\SYSTEM32\WSOCK32.dll
0x00007ffd17440000 - 0x00007ffd1744a000 	C:\WINDOWS\SYSTEM32\VERSION.dll
0x00007ffd17bc0000 - 0x00007ffd17bf4000 	C:\WINDOWS\SYSTEM32\WINMM.dll
0x00007ffd21c30000 - 0x00007ffd21ca1000 	C:\WINDOWS\System32\WS2_32.dll
0x00007ffd1e160000 - 0x00007ffd1e178000 	C:\WINDOWS\SYSTEM32\kernel.appcore.dll
0x00007ffd1a550000 - 0x00007ffd1a560000 	C:\Program Files\Java\jdk1.8.0_351\jre\bin\verify.dll
0x00007ffd195b0000 - 0x00007ffd195db000 	C:\Program Files\Java\jdk1.8.0_351\jre\bin\java.dll
0x00007ffd190d0000 - 0x00007ffd190e8000 	C:\Program Files\Java\jdk1.8.0_351\jre\bin\zip.dll
0x00007ffd1faf0000 - 0x00007ffd202d0000 	C:\WINDOWS\System32\SHELL32.dll
0x00007ffd1d110000 - 0x00007ffd1d9d5000 	C:\WINDOWS\SYSTEM32\windows.storage.dll
0x00007ffd21640000 - 0x00007ffd219ca000 	C:\WINDOWS\System32\combase.dll
0x00007ffd1cfd0000 - 0x00007ffd1d10e000 	C:\WINDOWS\SYSTEM32\wintypes.dll
0x00007ffd21480000 - 0x00007ffd21571000 	C:\WINDOWS\System32\SHCORE.dll
0x00007ffd204b0000 - 0x00007ffd2050e000 	C:\WINDOWS\System32\shlwapi.dll
0x00007ffd1f050000 - 0x00007ffd1f071000 	C:\WINDOWS\SYSTEM32\profapi.dll
0x0000000069ac0000 - 0x0000000069ae4000 	D:\Programs\NetBeans-15\netbeans\java\maven\lib\jansi-native\Windows\x86_64\jansi.dll
0x00007ffd15440000 - 0x00007ffd1566e000 	C:\WINDOWS\SYSTEM32\dbghelp.dll
0x00007ffd20890000 - 0x00007ffd20967000 	C:\WINDOWS\System32\OLEAUT32.dll
0x00007ffd1f530000 - 0x00007ffd1f5ab000 	C:\WINDOWS\System32\bcryptPrimitives.dll

VM Arguments:
jvm_args: -Dclassworlds.conf=D:\Programs\NetBeans-15\netbeans\java\maven\bin\m2.conf -Dmaven.home=D:\Programs\NetBeans-15\netbeans\java\maven -Dlibrary.jansi.path=D:\Programs\NetBeans-15\netbeans\java\maven\lib\jansi-native -Dmaven.multiModuleProjectDirectory=D:\Files\BaoLuan\MyWork\LTM_Project 
java_command: org.codehaus.plexus.classworlds.launcher.Launcher -Dexec.vmArgs= -Dexec.args=${exec.vmArgs} -classpath %classpath ${exec.mainClass} ${exec.appArgs} -Dexec.executable=C:\Program Files\Java\jdk1.8.0_351\bin\java.exe -Dexec.mainClass=group15.ltm_project.DTO.MovieServices -Dexec.classpathScope=runtime -Dexec.appArgs= -Dmaven.ext.class.path=D:\Programs\NetBeans-15\netbeans\java\maven-nblib\netbeans-eventspy.jar org.codehaus.mojo:exec-maven-plugin:3.0.0:exec
java_class_path (initial): D:\Programs\NetBeans-15\netbeans\java\maven\boot\plexus-classworlds-2.6.0.jar
Launcher Type: SUN_STANDARD

Environment Variables:
JAVA_HOME=C:\Program Files\Java\jdk1.8.0_351
PATH=C:\Program Files (x86)\Common Files\Oracle\Java\javapath;D:\Programs\VMware\VMware Workstation\bin\;C:\Windows\system32;C:\Windows;C:\Windows\System32\Wbem;C:\Windows\System32\WindowsPowerShell\v1.0\;C:\Windows\System32\OpenSSH\;C:\Program Files (x86)\NVIDIA Corporation\PhysX\Common;C:\Program Files\NVIDIA Corporation\NVIDIA NvDLISR;C:\WINDOWS\system32;C:\WINDOWS;C:\WINDOWS\System32\Wbem;C:\WINDOWS\System32\WindowsPowerShell\v1.0\;C:\WINDOWS\System32\OpenSSH\;D:\Programs\Microsoft SQL Server\Client SDK\ODBC\170\Tools\Binn\;D:\Programs (x86)\Microsoft SQL Server\150\Tools\Binn\;D:\Programs\Microsoft SQL Server\150\Tools\Binn\;D:\Programs\Microsoft SQL Server\150\DTS\Binn\;D:\Programs (x86)\Microsoft SQL Server\150\DTS\Binn\;C:\Program Files\Azure Data Studio\bin;D:\Programs\nodejs\;C:\ProgramData\chocolatey\bin;D:\Programs\xampp\php;D:\Programs\composer;D:\Programs\Git\cmd;C:\Program Files\dotnet\;C:\Users\BaoLuan\AppData\Local\Microsoft\WindowsApps;D:\Programs\Microsoft VS Code\bin;C:\Users\BaoLuan\AppData\Roaming\npm;C:\Users\BaoLuan\AppData\Roaming\Composer\vendor\bin;D:\Programs\JetBrains\IntelliJ IDEA 2022.2.3\bin;C:\Users\BaoLuan\AppData\Local\GitHubDesktop\bin;C:\Users\BaoLuan\.dotnet\tools
USERNAME=baoluan
OS=Windows_NT
PROCESSOR_IDENTIFIER=AMD64 Family 25 Model 68 Stepping 1, AuthenticAMD



---------------  S Y S T E M  ---------------

OS: Windows 11 , 64 bit Build 22621 (10.0.22621.755)

CPU:total 16 (initial active 16) (16 cores per cpu, 1 threads per core) family 25 model 68 stepping 1, cmov, cx8, fxsr, mmx, sse, sse2, sse3, ssse3, sse4.1, sse4.2, popcnt, avx, avx2, aes, clmul, mmxext, 3dnowpref, lzcnt, sse4a, tsc, tscinvbit, tscinv, bmi1

Memory: 4k page, physical 7599008k(750392k free), swap 30667680k(5128k free)

vm_info: Java HotSpot(TM) 64-Bit Server VM (25.351-b10) for windows-amd64 JRE (1.8.0_351-b10), built on Sep 15 2022 02:58:06 by "java_re" with MS VC++ 15.9 (VS2017)

time: Wed Dec  7 14:52:39 2022
timezone: SE Asia Standard Time
elapsed time: 1.621569 seconds (0d 0h 0m 1s)

