#
# There is insufficient memory for the Java Runtime Environment to continue.
# Native memory allocation (malloc) failed to allocate 32744 bytes for ChunkPool::allocate
# Possible reasons:
#   The system is out of physical RAM or swap space
#   The process is running with CompressedOops enabled, and the Java Heap may be blocking the growth of the native heap
# Possible solutions:
#   Reduce memory load on the system
#   Increase physical memory or swap space
#   Check if swap backing store is full
#   Decrease Java heap size (-Xmx/-Xms)
#   Decrease number of Java threads
#   Decrease Java thread stack sizes (-Xss)
#   Set larger code cache with -XX:ReservedCodeCacheSize=
#   JVM is running with Unscaled Compressed Oops mode in which the Java heap is
#     placed in the first 4GB address space. The Java Heap base address is the
#     maximum limit for the native heap growth. Please use -XX:HeapBaseMinAddress
#     to set the Java Heap base and to place the Java Heap above 4GB virtual address.
# This output file may be truncated or incomplete.
#
#  Out of Memory Error (allocation.cpp:272), pid=49020, tid=0x0000000000003eb0
#
# JRE version: Java(TM) SE Runtime Environment (8.0_351-b10) (build 1.8.0_351-b10)
# Java VM: Java HotSpot(TM) 64-Bit Server VM (25.351-b10 mixed mode windows-amd64 compressed oops)
# Failed to write core dump. Minidumps are not enabled by default on client versions of Windows
#

---------------  T H R E A D  ---------------

Current thread (0x000001dfa5188000):  JavaThread "C2 CompilerThread1" daemon [_thread_in_native, id=16048, stack(0x000000d004500000,0x000000d004600000)]

Stack: [0x000000d004500000,0x000000d004600000]
Native frames: (J=compiled Java code, j=interpreted, Vv=VM code, C=native code)
V  [jvm.dll+0x3300b9]
V  [jvm.dll+0x276632]
V  [jvm.dll+0x2772dd]
V  [jvm.dll+0x26dc85]
V  [jvm.dll+0xd5ced]
V  [jvm.dll+0xd604c]
V  [jvm.dll+0xd5b9d]
V  [jvm.dll+0x4c7e3a]
V  [jvm.dll+0x4c6bc0]
V  [jvm.dll+0x4b80b0]
V  [jvm.dll+0x4b77f5]
V  [jvm.dll+0x4b8710]
V  [jvm.dll+0x4b74fe]
V  [jvm.dll+0x441f1e]
V  [jvm.dll+0x4414d5]
V  [jvm.dll+0x42c27b]
V  [jvm.dll+0xac69b]
V  [jvm.dll+0xaacfb]
V  [jvm.dll+0x23ec62]
V  [jvm.dll+0x29330c]
C  [ucrtbase.dll+0x29363]
C  [KERNEL32.DLL+0x1244d]
C  [ntdll.dll+0x5dfb8]


Current CompileTask:
C2:   1615 3100       4       java.net.URLClassLoader$1::run (5 bytes)


---------------  P R O C E S S  ---------------

Java Threads: ( => current thread )
  0x000001dfa7ed8800 JavaThread "Exec Input Stream Pumper" daemon [_thread_blocked, id=48416, stack(0x000000d005400000,0x000000d005500000)]
  0x000001dfa527d800 JavaThread "Service Thread" daemon [_thread_blocked, id=44608, stack(0x000000d005000000,0x000000d005100000)]
  0x000001dfa5201800 JavaThread "C1 CompilerThread11" daemon [_thread_blocked, id=46176, stack(0x000000d004f00000,0x000000d005000000)]
  0x000001dfa51fe800 JavaThread "C1 CompilerThread10" daemon [_thread_blocked, id=39308, stack(0x000000d004e00000,0x000000d004f00000)]
  0x000001dfa51d1800 JavaThread "C1 CompilerThread9" daemon [_thread_blocked, id=45724, stack(0x000000d004d00000,0x000000d004e00000)]
  0x000001dfa519f800 JavaThread "C1 CompilerThread8" daemon [_thread_blocked, id=45984, stack(0x000000d004c00000,0x000000d004d00000)]
  0x000001dfa519e800 JavaThread "C2 CompilerThread7" daemon [_thread_blocked, id=15028, stack(0x000000d004b00000,0x000000d004c00000)]
  0x000001dfa519a800 JavaThread "C2 CompilerThread6" daemon [_thread_in_native, id=48464, stack(0x000000d004a00000,0x000000d004b00000)]
  0x000001dfa5193800 JavaThread "C2 CompilerThread5" daemon [_thread_blocked, id=46916, stack(0x000000d004900000,0x000000d004a00000)]
  0x000001dfa518f800 JavaThread "C2 CompilerThread4" daemon [_thread_blocked, id=48588, stack(0x000000d004800000,0x000000d004900000)]
  0x000001dfa518a800 JavaThread "C2 CompilerThread3" daemon [_thread_blocked, id=47800, stack(0x000000d004700000,0x000000d004800000)]
  0x000001dfa5188800 JavaThread "C2 CompilerThread2" daemon [_thread_blocked, id=19756, stack(0x000000d004600000,0x000000d004700000)]
=>0x000001dfa5188000 JavaThread "C2 CompilerThread1" daemon [_thread_in_native, id=16048, stack(0x000000d004500000,0x000000d004600000)]
  0x000001dfa5186000 JavaThread "C2 CompilerThread0" daemon [_thread_blocked, id=48584, stack(0x000000d004400000,0x000000d004500000)]
  0x000001dfa244e000 JavaThread "Attach Listener" daemon [_thread_blocked, id=46592, stack(0x000000d004300000,0x000000d004400000)]
  0x000001dfa244d800 JavaThread "Signal Dispatcher" daemon [_thread_blocked, id=44140, stack(0x000000d004200000,0x000000d004300000)]
  0x000001dfa2436800 JavaThread "Finalizer" daemon [_thread_blocked, id=16348, stack(0x000000d004100000,0x000000d004200000)]
  0x000001dfa5170800 JavaThread "Reference Handler" daemon [_thread_blocked, id=43616, stack(0x000000d004000000,0x000000d004100000)]
  0x000001df8c6c9000 JavaThread "main" [_thread_in_native, id=39152, stack(0x000000d003100000,0x000000d003200000)]

Other Threads:
  0x000001dfa2428000 VMThread [stack: 0x000000d003f00000,0x000000d004000000] [id=45928]
  0x000001dfa525f000 WatcherThread [stack: 0x000000d005100000,0x000000d005200000] [id=48496]

VM state:not at safepoint (normal execution)

VM Mutex/Monitor currently owned by a thread: None

heap address: 0x000000008c000000, size: 1856 MB, Compressed Oops mode: 32-bit
Narrow klass base: 0x0000000000000000, Narrow klass shift: 3
Compressed class space size: 1073741824 Address: 0x0000000100000000

Heap:
 PSYoungGen      total 65024K, used 48412K [0x00000000d9580000, 0x00000000dd980000, 0x0000000100000000)
  eden space 60416K, 72% used [0x00000000d9580000,0x00000000dc04f258,0x00000000dd080000)
  from space 4608K, 99% used [0x00000000dd500000,0x00000000dd978020,0x00000000dd980000)
  to   space 4608K, 0% used [0x00000000dd080000,0x00000000dd080000,0x00000000dd500000)
 ParOldGen       total 79360K, used 7236K [0x000000008c000000, 0x0000000090d80000, 0x00000000d9580000)
  object space 79360K, 9% used [0x000000008c000000,0x000000008c711188,0x0000000090d80000)
 Metaspace       used 16998K, capacity 17396K, committed 17536K, reserved 1064960K
  class space    used 1995K, capacity 2089K, committed 2176K, reserved 1048576K

Card table byte_map: [0x000001df9d560000,0x000001df9d910000] byte_map_base: 0x000001df9d100000

Marking Bits: (ParMarkBitMap*) 0x0000000067c08fd0
 Begin Bits: [0x000001df9db80000, 0x000001df9f880000)
 End Bits:   [0x000001df9f880000, 0x000001dfa1580000)

Polling page: 0x000001df8c9c0000

CodeCache: size=245760Kb used=12555Kb max_used=12555Kb free=233204Kb
 bounds [0x000001df8e1a0000, 0x000001df8edf0000, 0x000001df9d1a0000]
 total_blobs=3556 nmethods=3208 adapters=258
 compilation: enabled

Compilation events (10 events):
Event: 1.530 Thread 0x000001dfa519f800 3206       3       java.lang.ProcessEnvironment$CheckedEntry::getKey (5 bytes)
Event: 1.531 Thread 0x000001dfa51d1800 3207       3       java.lang.ProcessEnvironment$CheckedEntry::getKey (13 bytes)
Event: 1.531 Thread 0x000001dfa5201800 3208       3       java.lang.ProcessEnvironment$EntryComparator::compare (13 bytes)
Event: 1.531 Thread 0x000001dfa51fe800 3209       3       java.lang.ProcessEnvironment$EntryComparator::compare (25 bytes)
Event: 1.531 Thread 0x000001dfa519f800 nmethod 3206 0x000001df8edd69d0 code [0x000001df8edd6b40, 0x000001df8edd6eb0]
Event: 1.531 Thread 0x000001dfa519f800 3210       3       java.lang.ProcessEnvironment::access$300 (4 bytes)
Event: 1.531 Thread 0x000001dfa51d1800 nmethod 3207 0x000001df8edd6490 code [0x000001df8edd6600, 0x000001df8edd6910]
Event: 1.531 Thread 0x000001dfa51fe800 nmethod 3209 0x000001df8edea650 code [0x000001df8edea800, 0x000001df8edeadd0]
Event: 1.531 Thread 0x000001dfa5201800 nmethod 3208 0x000001df8edeaf90 code [0x000001df8edeb160, 0x000001df8edeba10]
Event: 1.531 Thread 0x000001dfa519f800 nmethod 3210 0x000001df8edebc90 code [0x000001df8edebde0, 0x000001df8edebf18]

GC Heap History (8 events):
Event: 0.391 GC heap before
{Heap before GC invocations=1 (full 0):
 PSYoungGen      total 34816K, used 30208K [0x00000000d9580000, 0x00000000dbc00000, 0x0000000100000000)
  eden space 30208K, 100% used [0x00000000d9580000,0x00000000db300000,0x00000000db300000)
  from space 4608K, 0% used [0x00000000db780000,0x00000000db780000,0x00000000dbc00000)
  to   space 4608K, 0% used [0x00000000db300000,0x00000000db300000,0x00000000db780000)
 ParOldGen       total 79360K, used 0K [0x000000008c000000, 0x0000000090d80000, 0x00000000d9580000)
  object space 79360K, 0% used [0x000000008c000000,0x000000008c000000,0x0000000090d80000)
 Metaspace       used 8071K, capacity 8252K, committed 8576K, reserved 1056768K
  class space    used 976K, capacity 1048K, committed 1152K, reserved 1048576K
Event: 0.395 GC heap after
Heap after GC invocations=1 (full 0):
 PSYoungGen      total 34816K, used 4607K [0x00000000d9580000, 0x00000000dbc00000, 0x0000000100000000)
  eden space 30208K, 0% used [0x00000000d9580000,0x00000000d9580000,0x00000000db300000)
  from space 4608K, 99% used [0x00000000db300000,0x00000000db77fc38,0x00000000db780000)
  to   space 4608K, 0% used [0x00000000db780000,0x00000000db780000,0x00000000dbc00000)
 ParOldGen       total 79360K, used 622K [0x000000008c000000, 0x0000000090d80000, 0x00000000d9580000)
  object space 79360K, 0% used [0x000000008c000000,0x000000008c09bb68,0x0000000090d80000)
 Metaspace       used 8071K, capacity 8252K, committed 8576K, reserved 1056768K
  class space    used 976K, capacity 1048K, committed 1152K, reserved 1048576K
}
Event: 0.610 GC heap before
{Heap before GC invocations=2 (full 0):
 PSYoungGen      total 34816K, used 34815K [0x00000000d9580000, 0x00000000dbc00000, 0x0000000100000000)
  eden space 30208K, 100% used [0x00000000d9580000,0x00000000db300000,0x00000000db300000)
  from space 4608K, 99% used [0x00000000db300000,0x00000000db77fc38,0x00000000db780000)
  to   space 4608K, 0% used [0x00000000db780000,0x00000000db780000,0x00000000dbc00000)
 ParOldGen       total 79360K, used 622K [0x000000008c000000, 0x0000000090d80000, 0x00000000d9580000)
  object space 79360K, 0% used [0x000000008c000000,0x000000008c09bb68,0x0000000090d80000)
 Metaspace       used 11192K, capacity 11382K, committed 11520K, reserved 1058816K
  class space    used 1375K, capacity 1446K, committed 1536K, reserved 1048576K
Event: 0.615 GC heap after
Heap after GC invocations=2 (full 0):
 PSYoungGen      total 34816K, used 4589K [0x00000000d9580000, 0x00000000dd980000, 0x0000000100000000)
  eden space 30208K, 0% used [0x00000000d9580000,0x00000000d9580000,0x00000000db300000)
  from space 4608K, 99% used [0x00000000db780000,0x00000000dbbfb518,0x00000000dbc00000)
  to   space 4608K, 0% used [0x00000000db300000,0x00000000db300000,0x00000000db780000)
 ParOldGen       total 79360K, used 3018K [0x000000008c000000, 0x0000000090d80000, 0x00000000d9580000)
  object space 79360K, 3% used [0x000000008c000000,0x000000008c2f2828,0x0000000090d80000)
 Metaspace       used 11192K, capacity 11382K, committed 11520K, reserved 1058816K
  class space    used 1375K, capacity 1446K, committed 1536K, reserved 1048576K
}
Event: 0.965 GC heap before
{Heap before GC invocations=3 (full 0):
 PSYoungGen      total 34816K, used 34797K [0x00000000d9580000, 0x00000000dd980000, 0x0000000100000000)
  eden space 30208K, 100% used [0x00000000d9580000,0x00000000db300000,0x00000000db300000)
  from space 4608K, 99% used [0x00000000db780000,0x00000000dbbfb518,0x00000000dbc00000)
  to   space 4608K, 0% used [0x00000000db300000,0x00000000db300000,0x00000000db780000)
 ParOldGen       total 79360K, used 3018K [0x000000008c000000, 0x0000000090d80000, 0x00000000d9580000)
  object space 79360K, 3% used [0x000000008c000000,0x000000008c2f2828,0x0000000090d80000)
 Metaspace       used 15174K, capacity 15410K, committed 15616K, reserved 1062912K
  class space    used 1848K, capacity 1944K, committed 2048K, reserved 1048576K
Event: 0.971 GC heap after
Heap after GC invocations=3 (full 0):
 PSYoungGen      total 34816K, used 4592K [0x00000000d9580000, 0x00000000dd980000, 0x0000000100000000)
  eden space 30208K, 0% used [0x00000000d9580000,0x00000000d9580000,0x00000000db300000)
  from space 4608K, 99% used [0x00000000db300000,0x00000000db77c030,0x00000000db780000)
  to   space 4608K, 0% used [0x00000000dd500000,0x00000000dd500000,0x00000000dd980000)
 ParOldGen       total 79360K, used 5688K [0x000000008c000000, 0x0000000090d80000, 0x00000000d9580000)
  object space 79360K, 7% used [0x000000008c000000,0x000000008c58e168,0x0000000090d80000)
 Metaspace       used 15174K, capacity 15410K, committed 15616K, reserved 1062912K
  class space    used 1848K, capacity 1944K, committed 2048K, reserved 1048576K
}
Event: 1.178 GC heap before
{Heap before GC invocations=4 (full 0):
 PSYoungGen      total 34816K, used 34800K [0x00000000d9580000, 0x00000000dd980000, 0x0000000100000000)
  eden space 30208K, 100% used [0x00000000d9580000,0x00000000db300000,0x00000000db300000)
  from space 4608K, 99% used [0x00000000db300000,0x00000000db77c030,0x00000000db780000)
  to   space 4608K, 0% used [0x00000000dd500000,0x00000000dd500000,0x00000000dd980000)
 ParOldGen       total 79360K, used 5688K [0x000000008c000000, 0x0000000090d80000, 0x00000000d9580000)
  object space 79360K, 7% used [0x000000008c000000,0x000000008c58e168,0x0000000090d80000)
 Metaspace       used 15549K, capacity 15848K, committed 16128K, reserved 1062912K
  class space    used 1854K, capacity 1953K, committed 2048K, reserved 1048576K
Event: 1.184 GC heap after
Heap after GC invocations=4 (full 0):
 PSYoungGen      total 65024K, used 4576K [0x00000000d9580000, 0x00000000dd980000, 0x0000000100000000)
  eden space 60416K, 0% used [0x00000000d9580000,0x00000000d9580000,0x00000000dd080000)
  from space 4608K, 99% used [0x00000000dd500000,0x00000000dd978020,0x00000000dd980000)
  to   space 4608K, 0% used [0x00000000dd080000,0x00000000dd080000,0x00000000dd500000)
 ParOldGen       total 79360K, used 7236K [0x000000008c000000, 0x0000000090d80000, 0x00000000d9580000)
  object space 79360K, 9% used [0x000000008c000000,0x000000008c711188,0x0000000090d80000)
 Metaspace       used 15549K, capacity 15848K, committed 16128K, reserved 1062912K
  class space    used 1854K, capacity 1953K, committed 2048K, reserved 1048576K
}

Deoptimization events (10 events):
Event: 1.460 Thread 0x000001df8c6c9000 Uncommon trap: reason=predicate action=maybe_recompile pc=0x000001df8edacb10 method=java.util.TimSort.binarySort([Ljava/lang/Object;IIILjava/util/Comparator;)V @ 37
Event: 1.484 Thread 0x000001df8c6c9000 Uncommon trap: reason=array_check action=maybe_recompile pc=0x000001df8edb33a4 method=java.util.TimSort.binarySort([Ljava/lang/Object;IIILjava/util/Comparator;)V @ 193
Event: 1.485 Thread 0x000001df8c6c9000 Uncommon trap: reason=array_check action=maybe_recompile pc=0x000001df8edb33a4 method=java.util.TimSort.binarySort([Ljava/lang/Object;IIILjava/util/Comparator;)V @ 193
Event: 1.485 Thread 0x000001df8c6c9000 Uncommon trap: reason=array_check action=maybe_recompile pc=0x000001df8edb346c method=java.util.TimSort.binarySort([Ljava/lang/Object;IIILjava/util/Comparator;)V @ 183
Event: 1.485 Thread 0x000001df8c6c9000 Uncommon trap: reason=array_check action=maybe_recompile pc=0x000001df8edb33a4 method=java.util.TimSort.binarySort([Ljava/lang/Object;IIILjava/util/Comparator;)V @ 193
Event: 1.491 Thread 0x000001df8c6c9000 Uncommon trap: reason=class_check action=maybe_recompile pc=0x000001df8e8bd908 method=com.google.inject.internal.LinkedBindingImpl.acceptTargetVisitor(Lcom/google/inject/spi/BindingTargetVisitor;)Ljava/lang/Object; @ 2
Event: 1.491 Thread 0x000001df8c6c9000 Uncommon trap: reason=class_check action=maybe_recompile pc=0x000001df8e8bd908 method=com.google.inject.internal.LinkedBindingImpl.acceptTargetVisitor(Lcom/google/inject/spi/BindingTargetVisitor;)Ljava/lang/Object; @ 2
Event: 1.519 Thread 0x000001df8c6c9000 Uncommon trap: reason=class_check action=maybe_recompile pc=0x000001df8eb61904 method=org.eclipse.sisu.wire.EntryListAdapter$ValueIterator.hasNext()Z @ 4
Event: 1.520 Thread 0x000001df8c6c9000 Uncommon trap: reason=class_check action=maybe_recompile pc=0x000001df8ebb020c method=org.eclipse.sisu.wire.EntryListAdapter$ValueIterator.next()Ljava/lang/Object; @ 4
Event: 1.520 Thread 0x000001df8c6c9000 Uncommon trap: reason=class_check action=maybe_recompile pc=0x000001df8eb61904 method=org.eclipse.sisu.wire.EntryListAdapter$ValueIterator.hasNext()Z @ 4

Classes redefined (0 events):
No events

Internal exceptions (10 events):
Event: 0.943 Thread 0x000001df8c6c9000 Implicit null exception at 0x000001df8e7543d5 to 0x000001df8e7545ad
Event: 0.943 Thread 0x000001df8c6c9000 Implicit null exception at 0x000001df8e698a2f to 0x000001df8e698a99
Event: 0.989 Thread 0x000001df8c6c9000 Implicit null exception at 0x000001df8e9fbdea to 0x000001df8e9fcf35
Event: 1.472 Thread 0x000001df8c6c9000 Exception <a 'java/lang/NoClassDefFoundError': org/sonatype/aether/collection/DependencyCollectionException> (0x00000000db9f7938) thrown at [C:\jenkins\workspace\8-2-build-windows-x64-cygwin\jdk8u351\2908\hotspot\src\share\vm\classfile\systemDictionary.cp
Event: 1.472 Thread 0x000001df8c6c9000 Exception <a 'java/lang/NoClassDefFoundError': org/sonatype/aether/artifact/Artifact> (0x00000000dba08b00) thrown at [C:\jenkins\workspace\8-2-build-windows-x64-cygwin\jdk8u351\2908\hotspot\src\share\vm\classfile\systemDictionary.cpp, line 201]
Event: 1.473 Thread 0x000001df8c6c9000 Exception <a 'java/lang/NoClassDefFoundError': org/sonatype/aether/resolution/ArtifactDescriptorException> (0x00000000dba17b18) thrown at [C:\jenkins\workspace\8-2-build-windows-x64-cygwin\jdk8u351\2908\hotspot\src\share\vm\classfile\systemDictionary.cpp,
Event: 1.482 Thread 0x000001df8c6c9000 Exception <a 'java/lang/NoClassDefFoundError': org/sonatype/aether/installation/InstallationException> (0x00000000dbae48e0) thrown at [C:\jenkins\workspace\8-2-build-windows-x64-cygwin\jdk8u351\2908\hotspot\src\share\vm\classfile\systemDictionary.cpp, lin
Event: 1.483 Thread 0x000001df8c6c9000 Exception <a 'java/lang/NoClassDefFoundError': org/sonatype/aether/resolution/ArtifactResolutionException> (0x00000000dbaf8830) thrown at [C:\jenkins\workspace\8-2-build-windows-x64-cygwin\jdk8u351\2908\hotspot\src\share\vm\classfile\systemDictionary.cpp,
Event: 1.484 Thread 0x000001df8c6c9000 Exception <a 'java/lang/NoClassDefFoundError': org/sonatype/aether/deployment/DeploymentException> (0x00000000dbb07ae0) thrown at [C:\jenkins\workspace\8-2-build-windows-x64-cygwin\jdk8u351\2908\hotspot\src\share\vm\classfile\systemDictionary.cpp, line 20
Event: 1.486 Thread 0x000001df8c6c9000 Exception <a 'java/lang/NoClassDefFoundError': org/sonatype/aether/artifact/Artifact> (0x00000000dbb49548) thrown at [C:\jenkins\workspace\8-2-build-windows-x64-cygwin\jdk8u351\2908\hotspot\src\share\vm\classfile\systemDictionary.cpp, line 201]

Events (10 events):
Event: 1.536 loading class org/apache/commons/exec/InputStreamPumper done
Event: 1.536 loading class java/io/PipedOutputStream
Event: 1.536 loading class java/io/PipedOutputStream done
Event: 1.536 loading class org/apache/commons/exec/StreamPumper
Event: 1.536 loading class org/apache/commons/exec/StreamPumper done
Event: 1.536 loading class org/apache/commons/exec/StreamPumper
Event: 1.536 loading class org/apache/commons/exec/StreamPumper done
Event: 1.537 Thread 0x000001dfa8995800 Thread added: 0x000001dfa8995800
Event: 1.537 Thread 0x000001dfa7938800 Thread added: 0x000001dfa7938800
Event: 1.537 Thread 0x000001dfa7ed8800 Thread added: 0x000001dfa7ed8800


Dynamic libraries:
0x00007ff73b3d0000 - 0x00007ff73b417000 	C:\Program Files\Java\jdk1.8.0_351\bin\java.exe
0x00007ffd21cf0000 - 0x00007ffd21f04000 	C:\WINDOWS\SYSTEM32\ntdll.dll
0x00007ffd20510000 - 0x00007ffd205d2000 	C:\WINDOWS\System32\KERNEL32.DLL
0x00007ffd1f190000 - 0x00007ffd1f52d000 	C:\WINDOWS\System32\KERNELBASE.dll
0x00007ffd203b0000 - 0x00007ffd2045e000 	C:\WINDOWS\System32\ADVAPI32.dll
0x00007ffd20d50000 - 0x00007ffd20df7000 	C:\WINDOWS\System32\msvcrt.dll
0x00007ffd20300000 - 0x00007ffd203a4000 	C:\WINDOWS\System32\sechost.dll
0x00007ffd206e0000 - 0x00007ffd207f5000 	C:\WINDOWS\System32\RPCRT4.dll
0x00007ffd20ba0000 - 0x00007ffd20d4a000 	C:\WINDOWS\System32\USER32.dll
0x00007ffd1f650000 - 0x00007ffd1f676000 	C:\WINDOWS\System32\win32u.dll
0x00007ffd202d0000 - 0x00007ffd202f9000 	C:\WINDOWS\System32\GDI32.dll
0x00007ffd1f9d0000 - 0x00007ffd1fae2000 	C:\WINDOWS\System32\gdi32full.dll
0x00007ffd1f5b0000 - 0x00007ffd1f64a000 	C:\WINDOWS\System32\msvcp_win.dll
0x00007ffd1f8b0000 - 0x00007ffd1f9c1000 	C:\WINDOWS\System32\ucrtbase.dll
0x00007ffd0d7d0000 - 0x00007ffd0da5e000 	C:\WINDOWS\WinSxS\amd64_microsoft.windows.common-controls_6595b64144ccf1df_6.0.22621.608_none_a9444ca7c10bb01d\COMCTL32.dll
0x00007ffd20e20000 - 0x00007ffd20e52000 	C:\WINDOWS\System32\IMM32.DLL
0x00007ffd1a450000 - 0x00007ffd1a465000 	C:\Program Files\Java\jdk1.8.0_351\jre\bin\vcruntime140.dll
0x00007ffd06140000 - 0x00007ffd061db000 	C:\Program Files\Java\jdk1.8.0_351\jre\bin\msvcp140.dll
0x0000000067420000 - 0x0000000067c81000 	C:\Program Files\Java\jdk1.8.0_351\jre\bin\server\jvm.dll
0x00007ffd20ff0000 - 0x00007ffd20ff8000 	C:\WINDOWS\System32\PSAPI.DLL
0x00007ffd03fe0000 - 0x00007ffd03fe9000 	C:\WINDOWS\SYSTEM32\WSOCK32.dll
0x00007ffd21c30000 - 0x00007ffd21ca1000 	C:\WINDOWS\System32\WS2_32.dll
0x00007ffd17bc0000 - 0x00007ffd17bf4000 	C:\WINDOWS\SYSTEM32\WINMM.dll
0x00007ffd17440000 - 0x00007ffd1744a000 	C:\WINDOWS\SYSTEM32\VERSION.dll
0x00007ffd1e160000 - 0x00007ffd1e178000 	C:\WINDOWS\SYSTEM32\kernel.appcore.dll
0x00007ffd1a550000 - 0x00007ffd1a560000 	C:\Program Files\Java\jdk1.8.0_351\jre\bin\verify.dll
0x00007ffd195b0000 - 0x00007ffd195db000 	C:\Program Files\Java\jdk1.8.0_351\jre\bin\java.dll
0x00007ffd190d0000 - 0x00007ffd190e8000 	C:\Program Files\Java\jdk1.8.0_351\jre\bin\zip.dll
0x00007ffd1faf0000 - 0x00007ffd202d0000 	C:\WINDOWS\System32\SHELL32.dll
0x00007ffd1d110000 - 0x00007ffd1d9d5000 	C:\WINDOWS\SYSTEM32\windows.storage.dll
0x00007ffd21640000 - 0x00007ffd219ca000 	C:\WINDOWS\System32\combase.dll
0x00007ffd1cfd0000 - 0x00007ffd1d10e000 	C:\WINDOWS\SYSTEM32\wintypes.dll
0x00007ffd21480000 - 0x00007ffd21571000 	C:\WINDOWS\System32\SHCORE.dll
0x00007ffd204b0000 - 0x00007ffd2050e000 	C:\WINDOWS\System32\shlwapi.dll
0x00007ffd1f050000 - 0x00007ffd1f071000 	C:\WINDOWS\SYSTEM32\profapi.dll
0x0000000069ac0000 - 0x0000000069ae4000 	D:\Programs\NetBeans-15\netbeans\java\maven\lib\jansi-native\Windows\x86_64\jansi.dll
0x00007ffd15440000 - 0x00007ffd1566e000 	C:\WINDOWS\SYSTEM32\dbghelp.dll
0x00007ffd20890000 - 0x00007ffd20967000 	C:\WINDOWS\System32\OLEAUT32.dll
0x00007ffd1f530000 - 0x00007ffd1f5ab000 	C:\WINDOWS\System32\bcryptPrimitives.dll

VM Arguments:
jvm_args: -Dclassworlds.conf=D:\Programs\NetBeans-15\netbeans\java\maven\bin\m2.conf -Dmaven.home=D:\Programs\NetBeans-15\netbeans\java\maven -Dlibrary.jansi.path=D:\Programs\NetBeans-15\netbeans\java\maven\lib\jansi-native -Dmaven.multiModuleProjectDirectory=D:\Files\BaoLuan\MyWork\LTM_Project 
java_command: org.codehaus.plexus.classworlds.launcher.Launcher -Dexec.vmArgs= -Dexec.args=${exec.vmArgs} -classpath %classpath ${exec.mainClass} ${exec.appArgs} -Dexec.executable=C:\Program Files\Java\jdk1.8.0_351\bin\java.exe -Dexec.mainClass=group15.ltm_project.DTO.MovieServices -Dexec.classpathScope=runtime -Dexec.appArgs= -Dmaven.ext.class.path=D:\Programs\NetBeans-15\netbeans\java\maven-nblib\netbeans-eventspy.jar org.codehaus.mojo:exec-maven-plugin:3.0.0:exec
java_class_path (initial): D:\Programs\NetBeans-15\netbeans\java\maven\boot\plexus-classworlds-2.6.0.jar
Launcher Type: SUN_STANDARD

Environment Variables:
JAVA_HOME=C:\Program Files\Java\jdk1.8.0_351
PATH=C:\Program Files (x86)\Common Files\Oracle\Java\javapath;D:\Programs\VMware\VMware Workstation\bin\;C:\Windows\system32;C:\Windows;C:\Windows\System32\Wbem;C:\Windows\System32\WindowsPowerShell\v1.0\;C:\Windows\System32\OpenSSH\;C:\Program Files (x86)\NVIDIA Corporation\PhysX\Common;C:\Program Files\NVIDIA Corporation\NVIDIA NvDLISR;C:\WINDOWS\system32;C:\WINDOWS;C:\WINDOWS\System32\Wbem;C:\WINDOWS\System32\WindowsPowerShell\v1.0\;C:\WINDOWS\System32\OpenSSH\;D:\Programs\Microsoft SQL Server\Client SDK\ODBC\170\Tools\Binn\;D:\Programs (x86)\Microsoft SQL Server\150\Tools\Binn\;D:\Programs\Microsoft SQL Server\150\Tools\Binn\;D:\Programs\Microsoft SQL Server\150\DTS\Binn\;D:\Programs (x86)\Microsoft SQL Server\150\DTS\Binn\;C:\Program Files\Azure Data Studio\bin;D:\Programs\nodejs\;C:\ProgramData\chocolatey\bin;D:\Programs\xampp\php;D:\Programs\composer;D:\Programs\Git\cmd;C:\Program Files\dotnet\;C:\Users\BaoLuan\AppData\Local\Microsoft\WindowsApps;D:\Programs\Microsoft VS Code\bin;C:\Users\BaoLuan\AppData\Roaming\npm;C:\Users\BaoLuan\AppData\Roaming\Composer\vendor\bin;D:\Programs\JetBrains\IntelliJ IDEA 2022.2.3\bin;C:\Users\BaoLuan\AppData\Local\GitHubDesktop\bin;C:\Users\BaoLuan\.dotnet\tools
USERNAME=baoluan
OS=Windows_NT
PROCESSOR_IDENTIFIER=AMD64 Family 25 Model 68 Stepping 1, AuthenticAMD



---------------  S Y S T E M  ---------------

OS: Windows 11 , 64 bit Build 22621 (10.0.22621.755)

CPU:total 16 (initial active 16) (16 cores per cpu, 1 threads per core) family 25 model 68 stepping 1, cmov, cx8, fxsr, mmx, sse, sse2, sse3, ssse3, sse4.1, sse4.2, popcnt, avx, avx2, aes, clmul, mmxext, 3dnowpref, lzcnt, sse4a, tsc, tscinvbit, tscinv, bmi1

Memory: 4k page, physical 7599008k(865420k free), swap 30667680k(238180k free)

vm_info: Java HotSpot(TM) 64-Bit Server VM (25.351-b10) for windows-amd64 JRE (1.8.0_351-b10), built on Sep 15 2022 02:58:06 by "java_re" with MS VC++ 15.9 (VS2017)

time: Wed Dec  7 14:52:20 2022
timezone: SE Asia Standard Time
elapsed time: 1.617444 seconds (0d 0h 0m 1s)

